"C:/Users/MarcelBlanck/Documents/GitHub/AerialExplorerVR/AerialExplorerVR.uproject" 1
"../../../Engine/Plugins/2D/Paper2D/Paper2D.uplugin" 2
"../../../Engine/Plugins/Developer/BlankPlugin/BlankPlugin.uplugin" 3
"../../../Engine/Plugins/Developer/GitSourceControl/GitSourceControl.uplugin" 4
"../../../Engine/Plugins/Developer/KDevelopSourceCodeAccess/KDevelopSourceCodeAccess.uplugin" 5
"../../../Engine/Plugins/Developer/NullSourceCodeAccess/NullSourceCodeAccess.uplugin" 6
"../../../Engine/Plugins/Developer/PerforceSourceControl/PerforceSourceControl.uplugin" 7
"../../../Engine/Plugins/Developer/SubversionSourceControl/SubversionSourceControl.uplugin" 8
"../../../Engine/Plugins/Developer/UObjectPlugin/UObjectPlugin.uplugin" 9
"../../../Engine/Plugins/Developer/VisualStudioSourceCodeAccess/VisualStudioSourceCodeAccess.uplugin" 10
"../../../Engine/Plugins/Developer/XCodeSourceCodeAccess/XCodeSourceCodeAccess.uplugin" 11
"../../../Engine/Plugins/Editor/EpicSurvey/EpicSurvey.uplugin" 12
"../../../Engine/Plugins/Editor/MacGraphicsSwitching/MacGraphicsSwitching.uplugin" 13
"../../../Engine/Plugins/Editor/PluginBrowser/PluginBrowser.uplugin" 14
"../../../Engine/Plugins/Editor/PluginCreator/PluginCreator.uplugin" 15
"../../../Engine/Plugins/Editor/SpeedTreeImporter/SpeedTreeImporter.uplugin" 16
"../../../Engine/Plugins/Experimental/BlueprintStats/BlueprintStats.uplugin" 17
"../../../Engine/Plugins/Experimental/CharacterAI/CharacterAI.uplugin" 18
"../../../Engine/Plugins/Experimental/CodeEditor/CodeEditor.uplugin" 19
"../../../Engine/Plugins/Experimental/CodeView/CodeView.uplugin" 20
"../../../Engine/Plugins/Experimental/HTML5Networking/HTML5Networking.uplugin" 21
"../../../Engine/Plugins/Experimental/LiveEditor/LiveEditor.uplugin" 22
"../../../Engine/Plugins/Experimental/Phya/Phya.uplugin" 23
"../../../Engine/Plugins/Experimental/SimpleHMD/SimpleHMD.uplugin" 24
"../../../Engine/Plugins/Experimental/StructBox/StructBox.uplugin" 25
"../../../Engine/Plugins/Media/AndroidMedia/AndroidMedia.uplugin" 26
"../../../Engine/Plugins/Media/AvfMedia/AvfMedia.uplugin" 27
"../../../Engine/Plugins/Media/MediaPlayerEditor/MediaPlayerEditor.uplugin" 28
"../../../Engine/Plugins/Media/WmfMedia/WmfMedia.uplugin" 29
"../../../Engine/Plugins/Messaging/MessagingDebugger/MessagingDebugger.uplugin" 30
"../../../Engine/Plugins/Messaging/UdpMessaging/UdpMessaging.uplugin" 31
"../../../Engine/Plugins/NetcodeUnitTest/NetcodeUnitTest/NetcodeUnitTest.uplugin" 32
"../../../Engine/Plugins/NetcodeUnitTest/NUTUnrealEngine4/NUTUnrealEngine4.uplugin" 33
"../../../Engine/Plugins/Runtime/Advertising/IOSTapJoy/IOSTapJoy.uplugin" 34
"../../../Engine/Plugins/Runtime/Analytics/AnalyticsBlueprintLibrary/AnalyticsBlueprintLibrary.uplugin" 35
"../../../Engine/Plugins/Runtime/Analytics/AnalyticsMulticast/AnalyticsMulticast.uplugin" 36
"../../../Engine/Plugins/Runtime/Analytics/Apsalar/IOSApsalar/IOSApsalar.uplugin" 37
"../../../Engine/Plugins/Runtime/Analytics/FileLogging/FileLogging.uplugin" 38
"../../../Engine/Plugins/Runtime/Analytics/Flurry/IOSFlurry/IOSFlurry.uplugin" 39
"../../../Engine/Plugins/Runtime/AndroidDeviceProfileSelector/AndroidDeviceProfileSelector.uplugin" 40
"../../../Engine/Plugins/Runtime/AndroidMoviePlayer/AndroidMoviePlayer.uplugin" 41
"../../../Engine/Plugins/Runtime/AppleMoviePlayer/AppleMoviePlayer.uplugin" 42
"../../../Engine/Plugins/Runtime/CableComponent/CableComponent.uplugin" 43
"../../../Engine/Plugins/Runtime/CustomMeshComponent/CustomMeshComponent.uplugin" 44
"../../../Engine/Plugins/Runtime/ExampleDeviceProfileSelector/ExampleDeviceProfileSelector.uplugin" 45
"../../../Engine/Plugins/Runtime/GearVR/GearVR.uplugin" 46
"../../../Engine/Plugins/Runtime/IOSDeviceProfileSelector/IOSDeviceProfileSelector.uplugin" 47
"../../../Engine/Plugins/Runtime/LeapMotionController/LeapMotionController.uplugin" 48
"../../../Engine/Plugins/Runtime/LiveEditorListenServer/LiveEditorListenServer.uplugin" 49
"../../../Engine/Plugins/Runtime/OculusAudio/OculusAudio.uplugin" 50
"../../../Engine/Plugins/Runtime/OculusRift/OculusRift.uplugin" 51
"../../../Engine/Plugins/Runtime/ProceduralMeshComponent/ProceduralMeshComponent.uplugin" 52
"../../../Engine/Plugins/Runtime/SoundMod/SoundMod.uplugin" 53
"../../../Engine/Plugins/Runtime/SoundVisualizations/SoundVisualizations.uplugin" 54
"../../../Engine/Plugins/Runtime/Steam/SteamController/SteamController.uplugin" 55
"../../../Engine/Plugins/Runtime/Steam/SteamVR/SteamVR.uplugin" 56
"../../../Engine/Plugins/Runtime/TwitchLiveStreaming/TwitchLiveStreaming.uplugin" 57
"../../../Engine/Plugins/Runtime/WebBrowserWidget/WebBrowserWidget.uplugin" 58
"../../../Engine/Plugins/Runtime/WindowsDeviceProfileSelector/WindowsDeviceProfileSelector.uplugin" 59
"../../../Engine/Plugins/Runtime/WindowsMoviePlayer/WindowsMoviePlayer.uplugin" 60
"../../../Engine/Plugins/ScriptGeneratorPlugin/ScriptGeneratorPlugin.uplugin" 61
"../../../Engine/Plugins/ScriptPlugin/ScriptPlugin.uplugin" 62
"../../../Engine/Plugins/Slate/SlateRemote/SlateRemote.uplugin" 63
"..\..\..\Engine\Content\Internationalization\icudt53l\cnvalias.icu" 64
"..\..\..\Engine\Content\Internationalization\icudt53l\en_US_POSIX.res" 65
"..\..\..\Engine\Content\Internationalization\icudt53l\pool.res" 66
"..\..\..\Engine\Content\Internationalization\icudt53l\en_US.res" 67
"..\..\..\Engine\Content\Internationalization\icudt53l\en.res" 68
"..\..\..\Engine\Content\Internationalization\icudt53l\root.res" 69
"..\..\..\Engine\Content\Internationalization\icudt53l\de_DE.res" 70
"..\..\..\Engine\Content\Internationalization\icudt53l\de.res" 71
"../../../Engine/Saved/Config/Windows/Manifest.ini" 72
"../../../Engine/Config/Base.ini" 73
"../../../Engine/Config/BaseEngine.ini" 74
"C:/Users/MarcelBlanck/Documents/GitHub/AerialExplorerVR/Config/DefaultEngine.ini" 75
"../../../Engine/Config/Windows/WindowsEngine.ini" 76
"C:/Users/MarcelBlanck/AppData/Local/Unreal Engine/Engine/Config/UserEngine.ini" 77
"C:/Users/MarcelBlanck/Documents/GitHub/AerialExplorerVR/Saved/Config/Windows/Engine.ini" 78
"../../../../AerialExplorerVR/Intermediate/Config/CoalescedSourceConfigs/Engine.ini" 79
"../../../Engine/Config/BaseGame.ini" 80
"C:/Users/MarcelBlanck/Documents/GitHub/AerialExplorerVR/Config/DefaultGame.ini" 81
"C:/Users/MarcelBlanck/Documents/GitHub/AerialExplorerVR/Saved/Config/Windows/Game.ini" 82
"../../../../AerialExplorerVR/Intermediate/Config/CoalescedSourceConfigs/Game.ini" 83
"../../../Engine/Config/BaseInput.ini" 84
"C:/Users/MarcelBlanck/Documents/GitHub/AerialExplorerVR/Config/DefaultInput.ini" 85
"C:/Users/MarcelBlanck/Documents/GitHub/AerialExplorerVR/Saved/Config/Windows/Input.ini" 86
"../../../../AerialExplorerVR/Intermediate/Config/CoalescedSourceConfigs/Input.ini" 87
"../../../Engine/Config/BaseEditor.ini" 88
"C:/Users/MarcelBlanck/Documents/GitHub/AerialExplorerVR/Config/DefaultEditor.ini" 89
"C:/Users/MarcelBlanck/Documents/GitHub/AerialExplorerVR/Saved/Config/Windows/Editor.ini" 90
"../../../../AerialExplorerVR/Intermediate/Config/CoalescedSourceConfigs/Editor.ini" 91
"../../../Engine/Config/BaseEditorPerProjectUserSettings.ini" 92
"C:/Users/MarcelBlanck/Documents/GitHub/AerialExplorerVR/Saved/Config/Windows/EditorPerProjectUserSettings.ini" 93
"../../../../AerialExplorerVR/Intermediate/Config/CoalescedSourceConfigs/EditorPerProjectUserSettings.ini" 94
"../../../Engine/Config/BaseEditorSettings.ini" 95
"../../../Engine/Saved/Config/Windows/EditorSettings.ini" 96
"../../../../AerialExplorerVR/Intermediate/Config/CoalescedSourceConfigs/EditorSettings.ini" 97
"../../../Engine/Config/BaseEditorLayout.ini" 98
"../../../Engine/Saved/Config/Windows/EditorLayout.ini" 99
"../../../../AerialExplorerVR/Intermediate/Config/CoalescedSourceConfigs/EditorLayout.ini" 100
"../../../Engine/Config/BaseEditorKeyBindings.ini" 101
"../../../Engine/Saved/Config/Windows/EditorKeyBindings.ini" 102
"../../../../AerialExplorerVR/Intermediate/Config/CoalescedSourceConfigs/EditorKeyBindings.ini" 103
"../../../Engine/Config/BaseCompat.ini" 104
"C:/Users/MarcelBlanck/Documents/GitHub/AerialExplorerVR/Saved/Config/Windows/Compat.ini" 105
"../../../../AerialExplorerVR/Intermediate/Config/CoalescedSourceConfigs/Compat.ini" 106
"../../../Engine/Config/BaseLightmass.ini" 107
"C:/Users/MarcelBlanck/Documents/GitHub/AerialExplorerVR/Saved/Config/Windows/Lightmass.ini" 108
"../../../../AerialExplorerVR/Intermediate/Config/CoalescedSourceConfigs/Lightmass.ini" 109
"../../../Engine/Config/BaseScalability.ini" 110
"C:/Users/MarcelBlanck/Documents/GitHub/AerialExplorerVR/Saved/Config/Windows/Scalability.ini" 111
"../../../../AerialExplorerVR/Intermediate/Config/CoalescedSourceConfigs/Scalability.ini" 112
"C:/Users/MarcelBlanck/Documents/GitHub/AerialExplorerVR/Saved/Config/Windows/GameUserSettings.ini" 113
"../../../../AerialExplorerVR/Intermediate/Config/CoalescedSourceConfigs/GameUserSettings.ini" 114
"../../../Engine/Config/BaseDeviceProfiles.ini" 115
"C:/Users/MarcelBlanck/Documents/GitHub/AerialExplorerVR/Saved/Config/Windows/DeviceProfiles.ini" 116
"../../../../AerialExplorerVR/Intermediate/Config/CoalescedSourceConfigs/DeviceProfiles.ini" 117
"../../../Engine/Config/ConsoleVariables.ini" 118
"..\..\..\Engine\Content\Internationalization\icudt53l\es.res" 119
"..\..\..\Engine\Content\Internationalization\icudt53l\ja.res" 120
"..\..\..\Engine\Content\Internationalization\icudt53l\ko.res" 121
"..\..\..\Engine\Content\Internationalization\icudt53l\pt_BR.res" 122
"..\..\..\Engine\Content\Internationalization\icudt53l\pt.res" 123
"..\..\..\Engine\Content\Internationalization\icudt53l\zh_CN.res" 124
"..\..\..\Engine\Content\Internationalization\icudt53l\zh_Hans_CN.res" 125
"..\..\..\Engine\Content\Internationalization\icudt53l\zh_Hans.res" 126
"..\..\..\Engine\Content\Internationalization\icudt53l\zh.res" 127
"C:/Users/MarcelBlanck/Documents/GitHub/UE4_AerialExplorerVR/Engine/Content/Localization/Engine/en/Engine.locres" 128
"C:/Users/MarcelBlanck/Documents/GitHub/UE4_AerialExplorerVR/Engine/Content/Localization/Editor/en/Editor.locres" 129
"C:/Users/MarcelBlanck/Documents/GitHub/UE4_AerialExplorerVR/Engine/Content/Localization/EditorTutorials/en/EditorTutorials.locres" 130
"C:/Users/MarcelBlanck/Documents/GitHub/UE4_AerialExplorerVR/Engine/Content/Localization/Keywords/en/Keywords.locres" 131
"C:/Users/MarcelBlanck/Documents/GitHub/UE4_AerialExplorerVR/Engine/Content/Localization/ToolTips/en/ToolTips.locres" 132
"C:/Users/MarcelBlanck/Documents/GitHub/UE4_AerialExplorerVR/Engine/Content/Localization/PropertyNames/en/PropertyNames.locres" 133
"../../../Engine/Content/Slate/Fonts/Roboto-Regular.ttf" 134
"../../../Engine/Content/Slate/Fonts/DroidSansMono.ttf" 135
"../../../Engine/Content/Slate/Fonts/Roboto-Bold.ttf" 136
"../../../Engine/Content/Slate/Fonts/Roboto-Light.ttf" 137
"C:/Users/MarcelBlanck/Documents/GitHub/UE4_AerialExplorerVR/Engine/Binaries/Win64/../../../Engine/Shaders/ParticleSpriteVertexFactory.usf" 138
"C:/Users/MarcelBlanck/Documents/GitHub/UE4_AerialExplorerVR/Engine/Binaries/Win64/../../../Engine/Shaders/VertexFactoryCommon.usf" 139
"C:/Users/MarcelBlanck/Documents/GitHub/UE4_AerialExplorerVR/Engine/Binaries/Win64/../../../Engine/Shaders/Common.usf" 140
"C:/Users/MarcelBlanck/Documents/GitHub/UE4_AerialExplorerVR/Engine/Binaries/Win64/../../../Engine/Shaders/MetalCommon.usf" 141
"C:/Users/MarcelBlanck/Documents/GitHub/UE4_AerialExplorerVR/Engine/Binaries/Win64/../../../Engine/Shaders/ShaderVersion.usf" 142
"C:/Users/MarcelBlanck/Documents/GitHub/UE4_AerialExplorerVR/Engine/Binaries/Win64/../../../Engine/Shaders/Definitions.usf" 143
"C:/Users/MarcelBlanck/Documents/GitHub/UE4_AerialExplorerVR/Engine/Binaries/Win64/../../../Engine/Shaders/Random.usf" 144
"C:/Users/MarcelBlanck/Documents/GitHub/UE4_AerialExplorerVR/Engine/Binaries/Win64/../../../Engine/Shaders/ParticleVertexFactoryCommon.usf" 145
"C:/Users/MarcelBlanck/Documents/GitHub/UE4_AerialExplorerVR/Engine/Binaries/Win64/../../../Engine/Shaders/ParticleGPUSpriteVertexFactory.usf" 146
"C:/Users/MarcelBlanck/Documents/GitHub/UE4_AerialExplorerVR/Engine/Binaries/Win64/../../../Engine/Shaders/ParticleBeamTrailVertexFactory.usf" 147
"C:/Users/MarcelBlanck/Documents/GitHub/UE4_AerialExplorerVR/Engine/Binaries/Win64/../../../Engine/Shaders/LocalVertexFactory.usf" 148
"C:/Users/MarcelBlanck/Documents/GitHub/UE4_AerialExplorerVR/Engine/Binaries/Win64/../../../Engine/Shaders/LocalVertexFactoryCommon.usf" 149
"C:/Users/MarcelBlanck/Documents/GitHub/UE4_AerialExplorerVR/Engine/Binaries/Win64/../../../Engine/Shaders/VectorFieldVisualizationVertexFactory.usf" 150
"C:/Users/MarcelBlanck/Documents/GitHub/UE4_AerialExplorerVR/Engine/Binaries/Win64/../../../Engine/Shaders/MeshParticleVertexFactory.usf" 151
"C:/Users/MarcelBlanck/Documents/GitHub/UE4_AerialExplorerVR/Engine/Binaries/Win64/../../../Engine/Shaders/GpuSkinVertexFactory.usf" 152
"C:/Users/MarcelBlanck/Documents/GitHub/UE4_AerialExplorerVR/Engine/Binaries/Win64/../../../Engine/Shaders/GpuSkinCacheCommon.usf" 153
"C:/Users/MarcelBlanck/Documents/GitHub/UE4_AerialExplorerVR/Engine/Binaries/Win64/../../../Engine/Shaders/LandscapeVertexFactory.usf" 154
"C:/Users/MarcelBlanck/Documents/GitHub/UE4_AerialExplorerVR/Engine/Binaries/Win64/../../../Engine/Shaders/SlateElementPixelShader.usf" 155
"C:/Users/MarcelBlanck/Documents/GitHub/UE4_AerialExplorerVR/Engine/Binaries/Win64/../../../Engine/Shaders/GammaCorrectionCommon.usf" 156
"C:/Users/MarcelBlanck/Documents/GitHub/UE4_AerialExplorerVR/Engine/Binaries/Win64/../../../Engine/Shaders/MaterialTemplate.usf" 157
"C:/Users/MarcelBlanck/Documents/GitHub/UE4_AerialExplorerVR/Engine/Binaries/Win64/../../../Engine/Shaders/DepthOfFieldCommon.usf" 158
"C:/Users/MarcelBlanck/Documents/GitHub/UE4_AerialExplorerVR/Engine/Binaries/Win64/../../../Engine/Shaders/SpeedTreeCommon.usf" 159
"C:/Users/MarcelBlanck/Documents/GitHub/UE4_AerialExplorerVR/Engine/Binaries/Win64/../../../Engine/Shaders/AtmosphereCommon.usf" 160
"C:/Users/MarcelBlanck/Documents/GitHub/UE4_AerialExplorerVR/Engine/Binaries/Win64/../../../Engine/Shaders/EyeAdaptationCommon.usf" 161
"C:/Users/MarcelBlanck/Documents/GitHub/UE4_AerialExplorerVR/Engine/Binaries/Win64/../../../Engine/Shaders/PostProcessCommon.usf" 162
"C:/Users/MarcelBlanck/Documents/GitHub/UE4_AerialExplorerVR/Engine/Binaries/Win64/../../../Engine/Shaders/DeferredShadingCommon.usf" 163
"C:/Users/MarcelBlanck/Documents/GitHub/UE4_AerialExplorerVR/Engine/Binaries/Win64/../../../Engine/Shaders/LightAccumulator.usf" 164
"C:/Users/MarcelBlanck/Documents/GitHub/UE4_AerialExplorerVR/Engine/Binaries/Win64/../../../Engine/Shaders/SlateVertexShader.usf" 165
"C:/Users/MarcelBlanck/Documents/GitHub/UE4_AerialExplorerVR/Engine/Binaries/Win64/../../../Engine/Shaders/ParticleSortKeyGen.usf" 166
"C:/Users/MarcelBlanck/Documents/GitHub/UE4_AerialExplorerVR/Engine/Binaries/Win64/../../../Engine/Shaders/ParticleBoundsShader.usf" 167
"C:/Users/MarcelBlanck/Documents/GitHub/UE4_AerialExplorerVR/Engine/Binaries/Win64/../../../Engine/Shaders/ParticleSimVisualizeShader.usf" 168
"C:/Users/MarcelBlanck/Documents/GitHub/UE4_AerialExplorerVR/Engine/Binaries/Win64/../../../Engine/Shaders/ParticleInjectionShader.usf" 169
"C:/Users/MarcelBlanck/Documents/GitHub/UE4_AerialExplorerVR/Engine/Binaries/Win64/../../../Engine/Shaders/ParticleSimulationShader.usf" 170
"C:/Users/MarcelBlanck/Documents/GitHub/UE4_AerialExplorerVR/Engine/Binaries/Win64/../../../Engine/Shaders/ParticleCurveInjectionShader.usf" 171
"C:/Users/MarcelBlanck/Documents/GitHub/UE4_AerialExplorerVR/Engine/Binaries/Win64/../../../Engine/Shaders/VectorFieldCompositeShaders.usf" 172
"C:/Users/MarcelBlanck/Documents/GitHub/UE4_AerialExplorerVR/Engine/Binaries/Win64/../../../Engine/Shaders/UpdateTextureShaders.usf" 173
"C:/Users/MarcelBlanck/Documents/GitHub/UE4_AerialExplorerVR/Engine/Binaries/Win64/../../../Engine/Shaders/SimpleElementColorChannelMaskPixelShader.usf" 174
"C:/Users/MarcelBlanck/Documents/GitHub/UE4_AerialExplorerVR/Engine/Binaries/Win64/../../../Engine/Shaders/SimpleElementHitProxyPixelShader.usf" 175
"C:/Users/MarcelBlanck/Documents/GitHub/UE4_AerialExplorerVR/Engine/Binaries/Win64/../../../Engine/Shaders/SimpleElementPixelShader.usf" 176
"C:/Users/MarcelBlanck/Documents/GitHub/UE4_AerialExplorerVR/Engine/Binaries/Win64/../../../Engine/Shaders/ColorUtils.usf" 177
"C:/Users/MarcelBlanck/Documents/GitHub/UE4_AerialExplorerVR/Engine/Binaries/Win64/../../../Engine/Shaders/IESLightProfilesCommon.usf" 178
"C:/Users/MarcelBlanck/Documents/GitHub/UE4_AerialExplorerVR/Engine/Binaries/Win64/../../../Engine/Shaders/SimpleElementVertexShader.usf" 179
"C:/Users/MarcelBlanck/Documents/GitHub/UE4_AerialExplorerVR/Engine/Binaries/Win64/../../../Engine/Shaders/ScreenVertexShader.usf" 180
"C:/Users/MarcelBlanck/Documents/GitHub/UE4_AerialExplorerVR/Engine/Binaries/Win64/../../../Engine/Shaders/ScreenPixelShader.usf" 181
"C:/Users/MarcelBlanck/Documents/GitHub/UE4_AerialExplorerVR/Engine/Binaries/Win64/../../../Engine/Shaders/RadixSortShaders.usf" 182
"C:/Users/MarcelBlanck/Documents/GitHub/UE4_AerialExplorerVR/Engine/Binaries/Win64/../../../Engine/Shaders/GpuSkinCacheComputeShader.usf" 183
"C:/Users/MarcelBlanck/Documents/GitHub/UE4_AerialExplorerVR/Engine/Binaries/Win64/../../../Engine/Shaders/NullPixelShader.usf" 184
"C:/Users/MarcelBlanck/Documents/GitHub/UE4_AerialExplorerVR/Engine/Binaries/Win64/../../../Engine/Shaders/LandscapeGrassWeight.usf" 185
"C:/Users/MarcelBlanck/Documents/GitHub/UE4_AerialExplorerVR/Engine/Binaries/Win64/../../../Engine/Shaders/VisualizeTexture.usf" 186
"C:/Users/MarcelBlanck/Documents/GitHub/UE4_AerialExplorerVR/Engine/Binaries/Win64/../../../Engine/Shaders/ScreenSpaceReflections.usf" 187
"C:/Users/MarcelBlanck/Documents/GitHub/UE4_AerialExplorerVR/Engine/Binaries/Win64/../../../Engine/Shaders/BRDF.usf" 188
"C:/Users/MarcelBlanck/Documents/GitHub/UE4_AerialExplorerVR/Engine/Binaries/Win64/../../../Engine/Shaders/MonteCarlo.usf" 189
"C:/Users/MarcelBlanck/Documents/GitHub/UE4_AerialExplorerVR/Engine/Binaries/Win64/../../../Engine/Shaders/ScreenSpaceRayCast.usf" 190
"C:/Users/MarcelBlanck/Documents/GitHub/UE4_AerialExplorerVR/Engine/Binaries/Win64/../../../Engine/Shaders/FilterVertexShader.usf" 191
"C:/Users/MarcelBlanck/Documents/GitHub/UE4_AerialExplorerVR/Engine/Binaries/Win64/../../../Engine/Shaders/FilterPixelShader.usf" 192
"C:/Users/MarcelBlanck/Documents/GitHub/UE4_AerialExplorerVR/Engine/Binaries/Win64/../../../Engine/Shaders/PostProcessVisualizeHDR.usf" 193
"C:/Users/MarcelBlanck/Documents/GitHub/UE4_AerialExplorerVR/Engine/Binaries/Win64/../../../Engine/Shaders/PostProcessHistogramCommon.usf" 194
"C:/Users/MarcelBlanck/Documents/GitHub/UE4_AerialExplorerVR/Engine/Binaries/Win64/../../../Engine/Shaders/TonemapCommon.usf" 195
"C:/Users/MarcelBlanck/Documents/GitHub/UE4_AerialExplorerVR/Engine/Binaries/Win64/../../../Engine/Shaders/ACES.usf" 196
"C:/Users/MarcelBlanck/Documents/GitHub/UE4_AerialExplorerVR/Engine/Binaries/Win64/../../../Engine/Shaders/MiniFontCommon.usf" 197
"C:/Users/MarcelBlanck/Documents/GitHub/UE4_AerialExplorerVR/Engine/Binaries/Win64/../../../Engine/Shaders/PostProcessVisualizeBuffer.usf" 198
"C:/Users/MarcelBlanck/Documents/GitHub/UE4_AerialExplorerVR/Engine/Binaries/Win64/../../../Engine/Shaders/PostProcessUpscale.usf" 199
"C:/Users/MarcelBlanck/Documents/GitHub/UE4_AerialExplorerVR/Engine/Binaries/Win64/../../../Engine/Shaders/PostProcessTonemap.usf" 200
"C:/Users/MarcelBlanck/Documents/GitHub/UE4_AerialExplorerVR/Engine/Binaries/Win64/../../../Engine/Shaders/PostProcessTestImage.usf" 201
"C:/Users/MarcelBlanck/Documents/GitHub/UE4_AerialExplorerVR/Engine/Binaries/Win64/../../../Engine/Shaders/PostProcessTemporalAA.usf" 202
"C:/Users/MarcelBlanck/Documents/GitHub/UE4_AerialExplorerVR/Engine/Binaries/Win64/../../../Engine/Shaders/PostProcessTemporalCommon.usf" 203
"C:/Users/MarcelBlanck/Documents/GitHub/UE4_AerialExplorerVR/Engine/Binaries/Win64/../../../Engine/Shaders/PostProcessSubsurface.usf" 204
"C:/Users/MarcelBlanck/Documents/GitHub/UE4_AerialExplorerVR/Engine/Binaries/Win64/../../../Engine/Shaders/SeparableSSS.usf" 205
"C:/Users/MarcelBlanck/Documents/GitHub/UE4_AerialExplorerVR/Engine/Binaries/Win64/../../../Engine/Shaders/PostProcessSelectionOutline.usf" 206
"C:/Users/MarcelBlanck/Documents/GitHub/UE4_AerialExplorerVR/Engine/Binaries/Win64/../../../Engine/Shaders/PostProcessSceneColorFringe.usf" 207
"C:/Users/MarcelBlanck/Documents/GitHub/UE4_AerialExplorerVR/Engine/Binaries/Win64/../../../Engine/Shaders/PostProcessNoiseBlur.usf" 208
"C:/Users/MarcelBlanck/Documents/GitHub/UE4_AerialExplorerVR/Engine/Binaries/Win64/../../../Engine/Shaders/PostProcessMotionBlur.usf" 209
"C:/Users/MarcelBlanck/Documents/GitHub/UE4_AerialExplorerVR/Engine/Binaries/Win64/../../../Engine/Shaders/PostProcessVelocityFlatten.usf" 210
"C:/Users/MarcelBlanck/Documents/GitHub/UE4_AerialExplorerVR/Engine/Binaries/Win64/../../../Engine/Shaders/PostProcessMobile.usf" 211
"C:/Users/MarcelBlanck/Documents/GitHub/UE4_AerialExplorerVR/Engine/Binaries/Win64/../../../Engine/Shaders/PostProcessMaterialShaders.usf" 212
"C:/Users/MarcelBlanck/Documents/GitHub/UE4_AerialExplorerVR/Engine/Binaries/Win64/../../../Engine/Shaders/PostProcessLensFlares.usf" 213
"C:/Users/MarcelBlanck/Documents/GitHub/UE4_AerialExplorerVR/Engine/Binaries/Win64/../../../Engine/Shaders/PostProcessLensBlur.usf" 214
"C:/Users/MarcelBlanck/Documents/GitHub/UE4_AerialExplorerVR/Engine/Binaries/Win64/../../../Engine/Shaders/PostProcessBloom.usf" 215
"C:/Users/MarcelBlanck/Documents/GitHub/UE4_AerialExplorerVR/Engine/Binaries/Win64/../../../Engine/Shaders/PostProcessHMD.usf" 216
"C:/Users/MarcelBlanck/Documents/GitHub/UE4_AerialExplorerVR/Engine/Binaries/Win64/../../../Engine/Shaders/PostProcessHistogramReduce.usf" 217
"C:/Users/MarcelBlanck/Documents/GitHub/UE4_AerialExplorerVR/Engine/Binaries/Win64/../../../Engine/Shaders/PostProcessHistogram.usf" 218
"C:/Users/MarcelBlanck/Documents/GitHub/UE4_AerialExplorerVR/Engine/Binaries/Win64/../../../Engine/Shaders/PostProcessGBufferHints.usf" 219
"C:/Users/MarcelBlanck/Documents/GitHub/UE4_AerialExplorerVR/Engine/Binaries/Win64/../../../Engine/Shaders/PostProcessEyeAdaptation.usf" 220
"C:/Users/MarcelBlanck/Documents/GitHub/UE4_AerialExplorerVR/Engine/Binaries/Win64/../../../Engine/Shaders/PostProcessDownsample.usf" 221
"C:/Users/MarcelBlanck/Documents/GitHub/UE4_AerialExplorerVR/Engine/Binaries/Win64/../../../Engine/Shaders/PostProcessDOF.usf" 222
"C:/Users/MarcelBlanck/Documents/GitHub/UE4_AerialExplorerVR/Engine/Binaries/Win64/../../../Engine/Shaders/PostProcessCompositeEditorPrimitives.usf" 223
"C:/Users/MarcelBlanck/Documents/GitHub/UE4_AerialExplorerVR/Engine/Binaries/Win64/../../../Engine/Shaders/PostProcessCombineLUTs.usf" 224
"C:/Users/MarcelBlanck/Documents/GitHub/UE4_AerialExplorerVR/Engine/Binaries/Win64/../../../Engine/Shaders/PostProcessBusyWait.usf" 225
"C:/Users/MarcelBlanck/Documents/GitHub/UE4_AerialExplorerVR/Engine/Binaries/Win64/../../../Engine/Shaders/PostProcessBokehDOF.usf" 226
"C:/Users/MarcelBlanck/Documents/GitHub/UE4_AerialExplorerVR/Engine/Binaries/Win64/../../../Engine/Shaders/FXAAShader.usf" 227
"C:/Users/MarcelBlanck/Documents/GitHub/UE4_AerialExplorerVR/Engine/Binaries/Win64/../../../Engine/Shaders/Fxaa3_11.usf" 228
"C:/Users/MarcelBlanck/Documents/GitHub/UE4_AerialExplorerVR/Engine/Binaries/Win64/../../../Engine/Shaders/PostProcessPassThrough.usf" 229
"C:/Users/MarcelBlanck/Documents/GitHub/UE4_AerialExplorerVR/Engine/Binaries/Win64/../../../Engine/Shaders/PostProcessLpvIndirect.usf" 230
"C:/Users/MarcelBlanck/Documents/GitHub/UE4_AerialExplorerVR/Engine/Binaries/Win64/../../../Engine/Shaders/DeferredLightingCommon.usf" 231
"C:/Users/MarcelBlanck/Documents/GitHub/UE4_AerialExplorerVR/Engine/Binaries/Win64/../../../Engine/Shaders/DynamicLightingCommon.usf" 232
"C:/Users/MarcelBlanck/Documents/GitHub/UE4_AerialExplorerVR/Engine/Binaries/Win64/../../../Engine/Shaders/LPVFinalPass.usf" 233
"C:/Users/MarcelBlanck/Documents/GitHub/UE4_AerialExplorerVR/Engine/Binaries/Win64/../../../Engine/Shaders/LPVCommon.usf" 234
"C:/Users/MarcelBlanck/Documents/GitHub/UE4_AerialExplorerVR/Engine/Binaries/Win64/../../../Engine/Shaders/DeferredDecal.usf" 235
"C:/Users/MarcelBlanck/Documents/GitHub/UE4_AerialExplorerVR/Engine/Binaries/Win64/../../../Engine/Shaders/PostProcessAmbientOcclusion.usf" 236
"C:/Users/MarcelBlanck/Documents/GitHub/UE4_AerialExplorerVR/Engine/Binaries/Win64/../../../Engine/Shaders/PostProcessAmbient.usf" 237
"C:/Users/MarcelBlanck/Documents/GitHub/UE4_AerialExplorerVR/Engine/Binaries/Win64/../../../Engine/Shaders/CubemapCommon.usf" 238
"C:/Users/MarcelBlanck/Documents/GitHub/UE4_AerialExplorerVR/Engine/Binaries/Win64/../../../Engine/Shaders/VelocityShader.usf" 239
"C:/Users/MarcelBlanck/Documents/GitHub/UE4_AerialExplorerVR/Engine/Binaries/Win64/../../../Engine/Shaders/VelocityCommon.usf" 240
"C:/Users/MarcelBlanck/Documents/GitHub/UE4_AerialExplorerVR/Engine/Binaries/Win64/../../../Engine/Shaders/Tessellation.usf" 241
"C:/Users/MarcelBlanck/Documents/GitHub/UE4_AerialExplorerVR/Engine/Binaries/Win64/../../../Engine/Shaders/FlatTessellation.usf" 242
"C:/Users/MarcelBlanck/Documents/GitHub/UE4_AerialExplorerVR/Engine/Binaries/Win64/../../../Engine/Shaders/PNTriangles.usf" 243
"C:/Users/MarcelBlanck/Documents/GitHub/UE4_AerialExplorerVR/Engine/Binaries/Win64/../../../Engine/Shaders/TranslucentLightingShaders.usf" 244
"C:/Users/MarcelBlanck/Documents/GitHub/UE4_AerialExplorerVR/Engine/Binaries/Win64/../../../Engine/Shaders/SHCommon.usf" 245
"C:/Users/MarcelBlanck/Documents/GitHub/UE4_AerialExplorerVR/Engine/Binaries/Win64/../../../Engine/Shaders/ShadowProjectionCommon.usf" 246
"C:/Users/MarcelBlanck/Documents/GitHub/UE4_AerialExplorerVR/Engine/Binaries/Win64/../../../Engine/Shaders/TranslucentLightInjectionShaders.usf" 247
"C:/Users/MarcelBlanck/Documents/GitHub/UE4_AerialExplorerVR/Engine/Binaries/Win64/../../../Engine/Shaders/LightFunctionCommon.usf" 248
"C:/Users/MarcelBlanck/Documents/GitHub/UE4_AerialExplorerVR/Engine/Binaries/Win64/../../../Engine/Shaders/TranslucentShadowDepthShaders.usf" 249
"C:/Users/MarcelBlanck/Documents/GitHub/UE4_AerialExplorerVR/Engine/Binaries/Win64/../../../Engine/Shaders/ShadowDepthCommon.usf" 250
"C:/Users/MarcelBlanck/Documents/GitHub/UE4_AerialExplorerVR/Engine/Binaries/Win64/../../../Engine/Shaders/TiledDeferredLightShaders.usf" 251
"C:/Users/MarcelBlanck/Documents/GitHub/UE4_AerialExplorerVR/Engine/Binaries/Win64/../../../Engine/Shaders/SurfelTree.usf" 252
"C:/Users/MarcelBlanck/Documents/GitHub/UE4_AerialExplorerVR/Engine/Binaries/Win64/../../../Engine/Shaders/DistanceFieldLightingShared.usf" 253
"C:/Users/MarcelBlanck/Documents/GitHub/UE4_AerialExplorerVR/Engine/Binaries/Win64/../../../Engine/Shaders/SurfelMaterialShared.usf" 254
"C:/Users/MarcelBlanck/Documents/GitHub/UE4_AerialExplorerVR/Engine/Binaries/Win64/../../../Engine/Shaders/DistanceFieldAOShared.usf" 255
"C:/Users/MarcelBlanck/Documents/GitHub/UE4_AerialExplorerVR/Engine/Binaries/Win64/../../../Engine/Shaders/ShadowProjectionPixelShader.usf" 256
"C:/Users/MarcelBlanck/Documents/GitHub/UE4_AerialExplorerVR/Engine/Binaries/Win64/../../../Engine/Shaders/ShadowFilteringCommon.usf" 257
"C:/Users/MarcelBlanck/Documents/GitHub/UE4_AerialExplorerVR/Engine/Binaries/Win64/../../../Engine/Shaders/ShadowProjectionVertexShader.usf" 258
"C:/Users/MarcelBlanck/Documents/GitHub/UE4_AerialExplorerVR/Engine/Binaries/Win64/../../../Engine/Shaders/ShadowDepthPixelShader.usf" 259
"C:/Users/MarcelBlanck/Documents/GitHub/UE4_AerialExplorerVR/Engine/Binaries/Win64/../../../Engine/Shaders/LPVWriteVplCommon.usf" 260
"C:/Users/MarcelBlanck/Documents/GitHub/UE4_AerialExplorerVR/Engine/Binaries/Win64/../../../Engine/Shaders/LPVWriteCommon.usf" 261
"C:/Users/MarcelBlanck/Documents/GitHub/UE4_AerialExplorerVR/Engine/Binaries/Win64/../../../Engine/Shaders/ShadowDepthVertexShader.usf" 262
"C:/Users/MarcelBlanck/Documents/GitHub/UE4_AerialExplorerVR/Engine/Binaries/Win64/../../../Engine/Shaders/ShaderComplexityApplyPixelShader.usf" 263
"C:/Users/MarcelBlanck/Documents/GitHub/UE4_AerialExplorerVR/Engine/Binaries/Win64/../../../Engine/Shaders/ShaderComplexityApplyVertexShader.usf" 264
"C:/Users/MarcelBlanck/Documents/GitHub/UE4_AerialExplorerVR/Engine/Binaries/Win64/../../../Engine/Shaders/ShaderComplexityAccumulatePixelShader.usf" 265
"C:/Users/MarcelBlanck/Documents/GitHub/UE4_AerialExplorerVR/Engine/Binaries/Win64/../../../Engine/Shaders/HZBOcclusion.usf" 266
"C:/Users/MarcelBlanck/Documents/GitHub/UE4_AerialExplorerVR/Engine/Binaries/Win64/../../../Engine/Shaders/OcclusionQueryVertexShader.usf" 267
"C:/Users/MarcelBlanck/Documents/GitHub/UE4_AerialExplorerVR/Engine/Binaries/Win64/../../../Engine/Shaders/HitProxyPixelShader.usf" 268
"C:/Users/MarcelBlanck/Documents/GitHub/UE4_AerialExplorerVR/Engine/Binaries/Win64/../../../Engine/Shaders/HitProxyVertexShader.usf" 269
"C:/Users/MarcelBlanck/Documents/GitHub/UE4_AerialExplorerVR/Engine/Binaries/Win64/../../../Engine/Shaders/ReflectionEnvironmentShaders.usf" 270
"C:/Users/MarcelBlanck/Documents/GitHub/UE4_AerialExplorerVR/Engine/Binaries/Win64/../../../Engine/Shaders/ReflectionEnvironmentShared.usf" 271
"C:/Users/MarcelBlanck/Documents/GitHub/UE4_AerialExplorerVR/Engine/Binaries/Win64/../../../Engine/Shaders/SkyLightingShared.usf" 272
"C:/Users/MarcelBlanck/Documents/GitHub/UE4_AerialExplorerVR/Engine/Binaries/Win64/../../../Engine/Shaders/ReflectionEnvironmentComputeShaders.usf" 273
"C:/Users/MarcelBlanck/Documents/GitHub/UE4_AerialExplorerVR/Engine/Binaries/Win64/../../../Engine/Shaders/LightShaftShader.usf" 274
"C:/Users/MarcelBlanck/Documents/GitHub/UE4_AerialExplorerVR/Engine/Binaries/Win64/../../../Engine/Shaders/StationaryLightOverlapShaders.usf" 275
"C:/Users/MarcelBlanck/Documents/GitHub/UE4_AerialExplorerVR/Engine/Binaries/Win64/../../../Engine/Shaders/DeferredLightPixelShaders.usf" 276
"C:/Users/MarcelBlanck/Documents/GitHub/UE4_AerialExplorerVR/Engine/Binaries/Win64/../../../Engine/Shaders/DeferredLightVertexShaders.usf" 277
"C:/Users/MarcelBlanck/Documents/GitHub/UE4_AerialExplorerVR/Engine/Binaries/Win64/../../../Engine/Shaders/LPVVisualise.usf" 278
"C:/Users/MarcelBlanck/Documents/GitHub/UE4_AerialExplorerVR/Engine/Binaries/Win64/../../../Engine/Shaders/LPVGeometryVolumeCommon.usf" 279
"C:/Users/MarcelBlanck/Documents/GitHub/UE4_AerialExplorerVR/Engine/Binaries/Win64/../../../Engine/Shaders/LPVDirectLightInject.usf" 280
"C:/Users/MarcelBlanck/Documents/GitHub/UE4_AerialExplorerVR/Engine/Binaries/Win64/../../../Engine/Shaders/LPVPropagate.usf" 281
"C:/Users/MarcelBlanck/Documents/GitHub/UE4_AerialExplorerVR/Engine/Binaries/Win64/../../../Engine/Shaders/LPVBuildGeometryVolume.usf" 282
"C:/Users/MarcelBlanck/Documents/GitHub/UE4_AerialExplorerVR/Engine/Binaries/Win64/../../../Engine/Shaders/LPVInject_AccumulateVplLists.usf" 283
"C:/Users/MarcelBlanck/Documents/GitHub/UE4_AerialExplorerVR/Engine/Binaries/Win64/../../../Engine/Shaders/LPVInject_GenerateVplLists.usf" 284
"C:/Users/MarcelBlanck/Documents/GitHub/UE4_AerialExplorerVR/Engine/Binaries/Win64/../../../Engine/Shaders/LPVClearLists.usf" 285
"C:/Users/MarcelBlanck/Documents/GitHub/UE4_AerialExplorerVR/Engine/Binaries/Win64/../../../Engine/Shaders/LPVClear.usf" 286
"C:/Users/MarcelBlanck/Documents/GitHub/UE4_AerialExplorerVR/Engine/Binaries/Win64/../../../Engine/Shaders/LightMapDensityShader.usf" 287
"C:/Users/MarcelBlanck/Documents/GitHub/UE4_AerialExplorerVR/Engine/Binaries/Win64/../../../Engine/Shaders/LightFunctionPixelShader.usf" 288
"C:/Users/MarcelBlanck/Documents/GitHub/UE4_AerialExplorerVR/Engine/Binaries/Win64/../../../Engine/Shaders/LightFunctionVertexShader.usf" 289
"C:/Users/MarcelBlanck/Documents/GitHub/UE4_AerialExplorerVR/Engine/Binaries/Win64/../../../Engine/Shaders/HeightfieldLighting.usf" 290
"C:/Users/MarcelBlanck/Documents/GitHub/UE4_AerialExplorerVR/Engine/Binaries/Win64/../../../Engine/Shaders/DistanceFieldShadowingShared.usf" 291
"C:/Users/MarcelBlanck/Documents/GitHub/UE4_AerialExplorerVR/Engine/Binaries/Win64/../../../Engine/Shaders/HdrCustomResolveShaders.usf" 292
"C:/Users/MarcelBlanck/Documents/GitHub/UE4_AerialExplorerVR/Engine/Binaries/Win64/../../../Engine/Shaders/GPUBenchmark.usf" 293
"C:/Users/MarcelBlanck/Documents/GitHub/UE4_AerialExplorerVR/Engine/Binaries/Win64/../../../Engine/Shaders/GammaCorrection.usf" 294
"C:/Users/MarcelBlanck/Documents/GitHub/UE4_AerialExplorerVR/Engine/Binaries/Win64/../../../Engine/Shaders/BasePassForForwardShadingPixelShader.usf" 295
"C:/Users/MarcelBlanck/Documents/GitHub/UE4_AerialExplorerVR/Engine/Binaries/Win64/../../../Engine/Shaders/BasePassForForwardShadingCommon.usf" 296
"C:/Users/MarcelBlanck/Documents/GitHub/UE4_AerialExplorerVR/Engine/Binaries/Win64/../../../Engine/Shaders/LightmapCommon.usf" 297
"C:/Users/MarcelBlanck/Documents/GitHub/UE4_AerialExplorerVR/Engine/Binaries/Win64/../../../Engine/Shaders/BasePassForForwardShadingVertexShader.usf" 298
"C:/Users/MarcelBlanck/Documents/GitHub/UE4_AerialExplorerVR/Engine/Binaries/Win64/../../../Engine/Shaders/HeightFogCommon.usf" 299
"C:/Users/MarcelBlanck/Documents/GitHub/UE4_AerialExplorerVR/Engine/Binaries/Win64/../../../Engine/Shaders/HeightFogPixelShader.usf" 300
"C:/Users/MarcelBlanck/Documents/GitHub/UE4_AerialExplorerVR/Engine/Binaries/Win64/../../../Engine/Shaders/HeightFogVertexShader.usf" 301
"C:/Users/MarcelBlanck/Documents/GitHub/UE4_AerialExplorerVR/Engine/Binaries/Win64/../../../Engine/Shaders/DistortAccumulatePS.usf" 302
"C:/Users/MarcelBlanck/Documents/GitHub/UE4_AerialExplorerVR/Engine/Binaries/Win64/../../../Engine/Shaders/DistortAccumulateVS.usf" 303
"C:/Users/MarcelBlanck/Documents/GitHub/UE4_AerialExplorerVR/Engine/Binaries/Win64/../../../Engine/Shaders/DistortApplyScreenPS.usf" 304
"C:/Users/MarcelBlanck/Documents/GitHub/UE4_AerialExplorerVR/Engine/Binaries/Win64/../../../Engine/Shaders/DistanceFieldSurfaceCacheLighting.usf" 305
"C:/Users/MarcelBlanck/Documents/GitHub/UE4_AerialExplorerVR/Engine/Binaries/Win64/../../../Engine/Shaders/SkyLighting.usf" 306
"C:/Users/MarcelBlanck/Documents/GitHub/UE4_AerialExplorerVR/Engine/Binaries/Win64/../../../Engine/Shaders/DistanceFieldGlobalIllumination.usf" 307
"C:/Users/MarcelBlanck/Documents/GitHub/UE4_AerialExplorerVR/Engine/Binaries/Win64/../../../Engine/Shaders/DistanceFieldLightingPost.usf" 308
"C:/Users/MarcelBlanck/Documents/GitHub/UE4_AerialExplorerVR/Engine/Binaries/Win64/../../../Engine/Shaders/DistanceFieldSurfaceCacheLightingCompute.usf" 309
"C:/Users/MarcelBlanck/Documents/GitHub/UE4_AerialExplorerVR/Engine/Binaries/Win64/../../../Engine/Shaders/DistanceFieldShadowing.usf" 310
"C:/Users/MarcelBlanck/Documents/GitHub/UE4_AerialExplorerVR/Engine/Binaries/Win64/../../../Engine/Shaders/DepthOnlyPixelShader.usf" 311
"C:/Users/MarcelBlanck/Documents/GitHub/UE4_AerialExplorerVR/Engine/Binaries/Win64/../../../Engine/Shaders/DepthOnlyVertexShader.usf" 312
"C:/Users/MarcelBlanck/Documents/GitHub/UE4_AerialExplorerVR/Engine/Binaries/Win64/../../../Engine/Shaders/PositionOnlyDepthVertexShader.usf" 313
"C:/Users/MarcelBlanck/Documents/GitHub/UE4_AerialExplorerVR/Engine/Binaries/Win64/../../../Engine/Shaders/DownsampleDepthPixelShader.usf" 314
"C:/Users/MarcelBlanck/Documents/GitHub/UE4_AerialExplorerVR/Engine/Binaries/Win64/../../../Engine/Shaders/EvaluateSurfelMaterial.usf" 315
"C:/Users/MarcelBlanck/Documents/GitHub/UE4_AerialExplorerVR/Engine/Binaries/Win64/../../../Engine/Shaders/ConvertToUniformMesh.usf" 316
"C:/Users/MarcelBlanck/Documents/GitHub/UE4_AerialExplorerVR/Engine/Binaries/Win64/../../../Engine/Shaders/BasePassPixelShader.usf" 317
"C:/Users/MarcelBlanck/Documents/GitHub/UE4_AerialExplorerVR/Engine/Binaries/Win64/../../../Engine/Shaders/BasePassCommon.usf" 318
"C:/Users/MarcelBlanck/Documents/GitHub/UE4_AerialExplorerVR/Engine/Binaries/Win64/../../../Engine/Shaders/ForEachLight.usf" 319
"C:/Users/MarcelBlanck/Documents/GitHub/UE4_AerialExplorerVR/Engine/Binaries/Win64/../../../Engine/Shaders/BasePassVertexShader.usf" 320
"C:/Users/MarcelBlanck/Documents/GitHub/UE4_AerialExplorerVR/Engine/Binaries/Win64/../../../Engine/Shaders/BasePassVertexCommon.usf" 321
"C:/Users/MarcelBlanck/Documents/GitHub/UE4_AerialExplorerVR/Engine/Binaries/Win64/../../../Engine/Shaders/BasePassTessellationShaders.usf" 322
"C:/Users/MarcelBlanck/Documents/GitHub/UE4_AerialExplorerVR/Engine/Binaries/Win64/../../../Engine/Shaders/AtmospherePrecompute.usf" 323
"C:/Users/MarcelBlanck/Documents/GitHub/UE4_AerialExplorerVR/Engine/Binaries/Win64/../../../Engine/Shaders/AtmospherePrecomputeCommon.usf" 324
"C:/Users/MarcelBlanck/Documents/GitHub/UE4_AerialExplorerVR/Engine/Binaries/Win64/../../../Engine/Shaders/AtmospherePrecomputeInscatter.usf" 325
"C:/Users/MarcelBlanck/Documents/GitHub/UE4_AerialExplorerVR/Engine/Binaries/Win64/../../../Engine/Shaders/AtmosphericFogShader.usf" 326
"C:/Users/MarcelBlanck/Documents/GitHub/UE4_AerialExplorerVR/Engine/Binaries/Win64/../../../Engine/Shaders/ResolveVertexShader.usf" 327
"C:/Users/MarcelBlanck/Documents/GitHub/UE4_AerialExplorerVR/Engine/Binaries/Win64/../../../Engine/Shaders/ResolvePixelShader.usf" 328
"C:/Users/MarcelBlanck/Documents/GitHub/UE4_AerialExplorerVR/Engine/Binaries/Win64/../../../Engine/Shaders/OneColorShader.usf" 329
"C:/Users/MarcelBlanck/Documents/GitHub/UE4_AerialExplorerVR/Engine/Binaries/Win64/../../../Engine/Shaders/ClearReplacementShaders.usf" 330
"C:/Users/MarcelBlanck/Documents/GitHub/UE4_AerialExplorerVR/Engine/Binaries/Win64/../../../Engine/Shaders/SimpleElementTexture2DPreviewPixelShader.usf" 331
"C:/Users/MarcelBlanck/Documents/GitHub/UE4_AerialExplorerVR/Engine/Binaries/Win64/../../../Engine/Shaders/SimpleElementNormalMapPixelShader.usf" 332
"C:/Users/MarcelBlanck/Documents/GitHub/UE4_AerialExplorerVR/Engine/Binaries/Win64/../../../Engine/Shaders/meshpaintdilatepixelshader.usf" 333
"C:/Users/MarcelBlanck/Documents/GitHub/UE4_AerialExplorerVR/Engine/Binaries/Win64/../../../Engine/Shaders/meshpaintdilatevertexshader.usf" 334
"C:/Users/MarcelBlanck/Documents/GitHub/UE4_AerialExplorerVR/Engine/Binaries/Win64/../../../Engine/Shaders/MeshPaintPixelShader.usf" 335
"C:/Users/MarcelBlanck/Documents/GitHub/UE4_AerialExplorerVR/Engine/Binaries/Win64/../../../Engine/Shaders/MeshPaintVertexShader.usf" 336
"../../../Engine/Config/Android/AndroidEngine.ini" 337
"../../../Engine/Config/HTML5/HTML5Engine.ini" 338
"../../../Engine/Config/IOS/IOSEngine.ini" 339
"../../../../AerialExplorerVR/DerivedDataCache/Boot.ddc" 340
"../../../Engine/Content/EngineFonts/Roboto.uasset" 341
"../../../Engine/Content/EngineMaterials/Widget3DPassThrough_Translucent.uasset" 342
"../../../Engine/Content/EngineMaterials/Widget3DPassThrough.uasset" 343
"../../../Engine/Content/EngineResources/WhiteSquareTexture.uasset" 344
"../../../Engine/Content/Functions/Engine_MaterialFunctions01/Shading/PowerToRoughness.uasset" 345
"../../../Engine/Content/Functions/Engine_MaterialFunctions01/Shading/ConvertFromDiffSpec.uasset" 346
"../../../Engine/Content/EngineMaterials/WorldGridMaterial.uasset" 347
"../../../Engine/Content/Functions/Engine_MaterialFunctions01/Opacity/CameraDepthFade.uasset" 348
"../../../Engine/Content/EngineMaterials/T_Default_Material_Grid_M.uasset" 349
"../../../Engine/Content/EngineMaterials/T_Default_Material_Grid_N.uasset" 350
"../../../Engine/Content/EngineMaterials/DefaultDeferredDecalMaterial.uasset" 351
"../../../Engine/Content/EngineMaterials/DefaultDiffuse.uasset" 352
"../../../Engine/Content/EngineMaterials/DefaultLightFunctionMaterial.uasset" 353
"../../../Engine/Content/EngineMaterials/DefaultPostProcessMaterial.uasset" 354
"../../../Engine/Content/Functions/Engine_MaterialFunctions02/Utility/BreakOutFloat2Components.uasset" 355
"../../../Engine/Content/EngineResources/DefaultTexture.uasset" 356
"C:/Users/MarcelBlanck/Documents/GitHub/AerialExplorerVR/Intermediate/Shaders/WorkingDirectory/1476/7/WorkerOutputOnly.out" 357
"C:/Users/MarcelBlanck/Documents/GitHub/AerialExplorerVR/Intermediate/Shaders/WorkingDirectory/1476/0/WorkerOutputOnly.out" 358
"C:/Users/MarcelBlanck/Documents/GitHub/AerialExplorerVR/Intermediate/Shaders/WorkingDirectory/1476/4/WorkerOutputOnly.out" 359
"C:/Users/MarcelBlanck/Documents/GitHub/AerialExplorerVR/Intermediate/Shaders/WorkingDirectory/1476/6/WorkerOutputOnly.out" 360
"C:/Users/MarcelBlanck/Documents/GitHub/AerialExplorerVR/Intermediate/Shaders/WorkingDirectory/1476/3/WorkerOutputOnly.out" 361
"C:/Users/MarcelBlanck/Documents/GitHub/AerialExplorerVR/Intermediate/Shaders/WorkingDirectory/1476/2/WorkerOutputOnly.out" 362
"C:/Users/MarcelBlanck/Documents/GitHub/AerialExplorerVR/Intermediate/Shaders/WorkingDirectory/1476/5/WorkerOutputOnly.out" 363
"C:/Users/MarcelBlanck/Documents/GitHub/AerialExplorerVR/Intermediate/Shaders/WorkingDirectory/1476/1/WorkerOutputOnly.out" 364
"../../../Engine/Content/EngineMaterials/Widget3DPassThrough_Translucent_OneSided.uasset" 365
"../../../Engine/Content/EngineMaterials/Widget3DPassThrough_Opaque.uasset" 366
"../../../Engine/Content/EngineMaterials/Widget3DPassThrough_Opaque_OneSided.uasset" 367
"../../../Engine/Content/EditorResources/S_Actor.uasset" 368
"../../../Engine/Content/Maps/Templates/Thumbnails/Default.uasset" 369
"../../../Engine/Content/EditorMaterials/ParticleSystems/PSysThumbnail_NoImage.uasset" 370
"../../../Engine/Content/EditorMaterials/ParticleSystems/PSysThumbnail_OOD.uasset" 371
"../../../Engine/Content/EditorLandscapeResources/DataLayer.uasset" 372
"../../../Engine/Content/EngineDamageTypes/DmgTypeBP_Environmental.uasset" 373
"..\..\..\Engine\Content\Internationalization\icudt53l\numberingSystems.res" 374
"..\..\..\Engine\Content\Internationalization\icudt53l\curr\supplementalData.res" 375
"..\..\..\Engine\Content\Internationalization\icudt53l\curr\pool.res" 376
"..\..\..\Engine\Content\Internationalization\icudt53l\curr\en.res" 377
"..\..\..\Engine\Content\Internationalization\icudt53l\curr\root.res" 378
"../../../Engine/Content/EngineMeshes/Sphere.uasset" 379
"../../../Engine/Content/EngineFonts/RobotoDistanceField.uasset" 380
"../../../Engine/Content/EngineMaterials/DefaultTextMaterialOpaque.uasset" 381
"../../../Engine/Content/EditorResources/S_Trigger.uasset" 382
"../../../Engine/Content/EngineResources/GradientTexture0.uasset" 383
"../../../Engine/Content/EngineResources/Black.uasset" 384
"../../../Engine/Content/EditorMaterials/MatineeGroups/MAT_Groups_Float.uasset" 385
"../../../Engine/Content/EditorMaterials/MatineeGroups/MAT_Groups_Director.uasset" 386
"../../../Engine/Content/EditorMaterials/MatineeGroups/MAT_Groups_Event.uasset" 387
"../../../Engine/Content/EditorMaterials/MatineeGroups/MAT_Groups_Anim.uasset" 388
"../../../Engine/Content/EditorMaterials/MatineeGroups/MAT_Groups_Fade.uasset" 389
"../../../Engine/Content/EditorMaterials/MatineeGroups/MAT_Groups_Move.uasset" 390
"../../../Engine/Content/EditorMaterials/MatineeGroups/MAT_Groups_Slomo.uasset" 391
"../../../Engine/Content/EditorMaterials/MatineeGroups/MAT_ColorTrack.uasset" 392
"../../../Engine/Content/EditorMaterials/MAT_Groups_Toggle.uasset" 393
"../../../Engine/Content/EditorMaterials/MatineeGroups/MAT_Groups_AudioMaster.uasset" 394
"../../../Engine/Content/EditorMaterials/MatineeGroups/MAT_Groups_Sound.uasset" 395
"../../../Engine/Content/EditorMaterials/MatineeGroups/MAT_Groups_Vector.uasset" 396
"../../../Engine/Content/EditorMaterials/MAT_Groups_Visibility.uasset" 397
"../../../Engine/Content/EngineResources/DefaultTextureCube.uasset" 398
"../../../Engine/Content/EngineSounds/Master.uasset" 399
"../../../Engine/Content/EngineSounds/Music.uasset" 400
"../../../Engine/Content/EngineSounds/SFX.uasset" 401
"../../../Engine/Content/EngineSounds/Normal_Attack.uasset" 402
"../../../Engine/Content/EngineSounds/Special_Attack_PSM.uasset" 403
"../../../Engine/Content/EngineSounds/Duck_Normal_Attack_MixMod.uasset" 404
"../../../Engine/Content/EngineSounds/Voice.uasset" 405
"../../../Engine/Content/EngineMeshes/Cylinder.uasset" 406
"../../../Engine/Content/EngineMaterials/DefaultMaterial.uasset" 407
"../../../Engine/Content/EngineTireTypes/DefaultTireType.uasset" 408
"../../../Engine/Content/Editor/Slate/Fonts/FontAwesome.ttf" 409
"../../../Engine/Content/Editor/Slate/Fonts/DroidSansMono.ttf" 410
"../../../Engine/Content/Editor/Slate/Fonts/Roboto-BoldCondensed.ttf" 411
"../../../Engine/Content/Editor/Slate/Fonts/Roboto-Black.ttf" 412
"../../../Engine/Content/Editor/Slate/Fonts/Roboto-Italic.ttf" 413
"../../../Engine/Content/Editor/Slate/Fonts/Roboto-BoldCondensedItalic.ttf" 414
"..\..\..\Engine\Content\Internationalization\icudt53l\coll\ucadata.icu" 415
"..\..\..\Engine\Content\Internationalization\icudt53l\nfc.nrm" 416
"..\..\..\Engine\Content\Internationalization\icudt53l\coll\en.res" 417
"..\..\..\Engine\Content\Internationalization\icudt53l\coll\root.res" 418
"../../../Engine/Content/EngineResources/AICON-Red.uasset" 419
"../../../Engine/Content/EngineResources/AICON-Green.uasset" 420
"../../../../AerialExplorerVR/Content/Actors/Planes/Planes_Plane_3to2.uasset" 421
"../../../../AerialExplorerVR/Content/Eperimental/MAT_ExperimentalMediaPlayer.uasset" 422
"../../../Engine/Content/Functions/Engine_MaterialFunctions01/Texturing/TextureCropping.uasset" 423
"../../../../AerialExplorerVR/Content/Actors/Planes/TestPattern.uasset" 424
"../../../Engine/Content/EngineMaterials/RemoveSurfaceMaterial.uasset" 425
"../../../Engine/Content/EngineDebugMaterials/DebugMeshMaterial.uasset" 426
"../../../Engine/Content/EngineMaterials/M_InvalidLightmapSettings.uasset" 427
"../../../Engine/Content/EngineMaterials/InvalidLightmapSettings.uasset" 428
"../../../Engine/Content/EditorMaterials/GizmoMaterial.uasset" 429
"../../../Engine/Content/EngineMaterials/Good64x64TilingNoiseHighFreq.uasset" 430
"../../../Engine/Content/EngineMaterials/DefaultBokeh.uasset" 431
"../../../Engine/Content/EngineMaterials/PreintegratedSkinBRDF.uasset" 432
"../../../Engine/Content/EngineMaterials/MiniFont.uasset" 433
"../../../Engine/Content/EngineMaterials/WeightMapPlaceholderTexture.uasset" 434
"../../../Engine/Content/EngineMaterials/DefaultWhiteGrid.uasset" 435
"../../../Engine/Content/EngineMaterials/DefaultPhysicalMaterial.uasset" 436
"../../../Engine/Content/EngineFonts/RobotoTiny.uasset" 437
"../../../../AerialExplorerVR/Intermediate/CachedAssetRegistry.bin" 438
"../../../Engine/Content/Tutorial/Paper2D/TutorialAssets/TutorialFlipBook.uasset" 439
"../../../Engine/Content/Tutorial/Paper2D/TutorialAssets/TutorialSprite.uasset" 440
"../../../../AerialExplorerVR/Content/Eperimental/ExperimentalCharacter.uasset" 441
"../../../../AerialExplorerVR/Saved/Autosaves/Game/Eperimental/ExperimentalCharacter_Auto1.uasset" 442
"../../../../AerialExplorerVR/Saved/Autosaves/Game/Eperimental/ExperimentalCharacter_Auto2.uasset" 443
"../../../../AerialExplorerVR/Saved/Autosaves/Game/Eperimental/ExperimentalCharacter_Auto3.uasset" 444
"../../../../AerialExplorerVR/Saved/Autosaves/Game/Eperimental/ExperimentalCharacter_Auto4.uasset" 445
"../../../../AerialExplorerVR/Saved/Autosaves/Game/Eperimental/ExperimentalCharacter_Auto5.uasset" 446
"../../../../AerialExplorerVR/Saved/Autosaves/Game/Eperimental/ExperimentalCharacter_Auto7.uasset" 447
"../../../../AerialExplorerVR/Saved/Autosaves/Game/Eperimental/ExperimentalCharacter_Auto8.uasset" 448
"../../../../AerialExplorerVR/Saved/Autosaves/Game/Eperimental/ExperimentalCharacter_Auto9.uasset" 449
"../../../../AerialExplorerVR/Saved/Autosaves/Game/Eperimental/ExperimentalLevel_Auto1.umap" 450
"../../../../AerialExplorerVR/Saved/Autosaves/Game/Eperimental/ExperimentalLevel_Auto2.umap" 451
"../../../../AerialExplorerVR/Saved/Autosaves/Game/Eperimental/ExperimentalLevel_Auto3.umap" 452
"../../../../AerialExplorerVR/Saved/Autosaves/Game/Eperimental/ExperimentalLevel_Auto4.umap" 453
"../../../../AerialExplorerVR/Saved/Autosaves/Game/Eperimental/ExperimentalLevel_Auto5.umap" 454
"../../../../AerialExplorerVR/Saved/Autosaves/Game/Eperimental/ExperimentalLevel_Auto6.umap" 455
"../../../../AerialExplorerVR/Saved/Autosaves/Game/Eperimental/ExperimentalMediaPlayer_Auto1.uasset" 456
"../../../../AerialExplorerVR/Saved/Autosaves/Game/Eperimental/ExperimentalMediaPlayer_Tex_Auto1.uasset" 457
"../../../../AerialExplorerVR/Saved/Autosaves/Game/Eperimental/NewBlueprint_Auto1.uasset" 458
"../../../../AerialExplorerVR/Saved/Autosaves/Game/Eperimental/NewBlueprint_Auto2.uasset" 459
"../../../../AerialExplorerVR/Saved/Autosaves/Game/Eperimental/RotatingVideoScreen_Auto3.uasset" 460
"../../../../AerialExplorerVR/Saved/Autosaves/Game/Eperimental/RotatingVideoScreen_Auto4.uasset" 461
"../../../../AerialExplorerVR/Saved/Autosaves/Game/Eperimental/RotatingVideoScreen_Auto5.uasset" 462
"../../../../AerialExplorerVR/Saved/Autosaves/Game/Eperimental/RotatingVideoScreen_Auto6.uasset" 463
"../../../Engine/Content/MobileResources/HUD/VirtualJoystick_Thumb.uasset" 464
"../../../Engine/Content/EditorResources/BSPVertex.uasset" 465
"../../../Engine/Content/EngineDebugMaterials/WireframeMaterial.uasset" 466
"../../../Engine/Content/EngineDebugMaterials/GeomMaterial.uasset" 467
"../../../Engine/Content/EngineDebugMaterials/LevelColorationLitMaterial.uasset" 468
"../../../Engine/Content/EngineDebugMaterials/LevelColorationUnlitMaterial.uasset" 469
"../../../Engine/Content/EngineDebugMaterials/MAT_LevelColorationLitLightmapUV.uasset" 470
"../../../Engine/Content/EngineDebugMaterials/ShadedLevelColorationLitMaterial.uasset" 471
"../../../Engine/Content/EngineDebugMaterials/ShadedLevelColorationUnlitMateri.uasset" 472
"../../../Engine/Content/EngineDebugMaterials/VertexColorMaterial.uasset" 473
"../../../Engine/Content/EngineDebugMaterials/VertexColorViewMode_ColorOnly.uasset" 474
"../../../Engine/Content/EngineDebugMaterials/VertexColorViewMode_AlphaAsColor.uasset" 475
"../../../Engine/Content/EngineDebugMaterials/VertexColorViewMode_RedOnly.uasset" 476
"../../../Engine/Content/EngineDebugMaterials/VertexColorViewMode_GreenOnly.uasset" 477
"../../../Engine/Content/EngineDebugMaterials/VertexColorViewMode_BlueOnly.uasset" 478
"../../../Engine/Content/EngineDebugMaterials/BoneWeightMaterial.uasset" 479
"../../../Engine/Content/EngineDebugMaterials/HeatmapGradient.uasset" 480
"../../../Engine/Content/EditorMaterials/PhAT_JointLimitMaterial.uasset" 481
"../../../Engine/Content/EditorMaterials/PreviewShadowIndicatorMaterial.uasset" 482
"../../../Engine/Content/EditorMaterials/PreviewShadowIndicator.uasset" 483
"../../../Engine/Content/EngineMaterials/EditorBrushMaterial.uasset" 484
"../../../Engine/Content/EditorMeshes/ColorCalibrator/SM_ColorCalibrator.uasset" 485
"../../../Engine/Content/EditorMeshes/ColorCalibrator/M_ChromeBall.uasset" 486
"../../../Engine/Content/EditorMeshes/ColorCalibrator/M_ClearCoat.uasset" 487
"../../../Engine/Content/EditorMeshes/ColorCalibrator/M_ClearCoatBlack.uasset" 488
"../../../Engine/Content/EditorMeshes/ColorCalibrator/M_ColorGrid.uasset" 489
"../../../Engine/Content/EditorMeshes/ColorCalibrator/T_ColorGrid.uasset" 490
"../../../Engine/Content/EditorMeshes/ColorCalibrator/M_GreyBall.uasset" 491
"../../../../AerialExplorerVR/Intermediate/Cache/b2c3f329-4f8f0aa6-0ad89ebe-5501bd53-RGBToASTCOut.astc" 492
"../../../../AerialExplorerVR/Intermediate/Cache/7ed3497b-4223e587-f62608b4-f1128c0f-RGBToASTCOut.astc" 493
"../../../../AerialExplorerVR/Intermediate/Cache/96af8728-4c4ebeaa-8751189d-683b5cb6-RGBToASTCOut.astc" 494
"../../../../AerialExplorerVR/Intermediate/Cache/4c8bd947-407f08e3-bb652080-9829e2ae-RGBToASTCOut.astc" 495
"../../../../AerialExplorerVR/Intermediate/Cache/f5a56539-45087428-42753abe-57cb08fb-RGBToASTCOut.astc" 496
"../../../../AerialExplorerVR/Intermediate/Cache/255f4165-48f53ef5-511da8a8-8f72e10b-RGBToASTCOut.astc" 497
"../../../../AerialExplorerVR/Intermediate/Cache/0bd8b6fe-48d69670-3b934ba9-d3876ddf-RGBToASTCOut.astc" 498
"../../../../AerialExplorerVR/Intermediate/Cache/7d0b783e-41ded7cc-a9ba8782-212b58e3-RGBToASTCOut.astc" 499
"../../../../AerialExplorerVR/Intermediate/Cache/678f3b0f-4aae559c-86a6e988-d98dbed9-RGBToASTCOut.astc" 500
"../../../../AerialExplorerVR/Intermediate/Cache/01176d08-44cc8c42-62fd5589-730ca989-RGBToASTCOut.astc" 501
"../../../../AerialExplorerVR/Intermediate/Cache/b402bd12-41e826bb-ec931698-0d1d9421-RGBToASTCOut.astc" 502
"../../../../AerialExplorerVR/Intermediate/Cache/7782f940-45221b9e-5249ed87-b90ff188-RGBToASTCOut.astc" 503
"../../../../AerialExplorerVR/Intermediate/Cache/fedaebf3-44b99fae-edcb55be-48435a95-RGBToASTCOut.astc" 504
"../../../../AerialExplorerVR/Intermediate/Cache/15e5599a-4d1a3fb4-b354e69d-4afb1aed-RGBToASTCOut.astc" 505
"../../../../AerialExplorerVR/Intermediate/Cache/01794323-4234eebf-e990fc82-f8cac3e2-RGBToASTCOut.astc" 506
"../../../../AerialExplorerVR/Intermediate/Cache/aeb9b585-4cd34d6d-4a7df384-9f48d10f-RGBToASTCOut.astc" 507
"../../../../AerialExplorerVR/Intermediate/Cache/67a4129e-40a96fdb-beadff90-90be21c1-RGBToASTCOut.astc" 508
"../../../../AerialExplorerVR/Intermediate/Cache/bb209199-41f32ddd-2021a3af-a8cd8fad-RGBToASTCOut.astc" 509
"../../../../AerialExplorerVR/Intermediate/Cache/ef208b0e-4cef0220-19f1d387-d758f994-RGBToASTCOut.astc" 510
"../../../../AerialExplorerVR/Intermediate/Cache/1c082452-44f024b3-9e377485-eaf49abf-RGBToASTCOut.astc" 511
"../../../../AerialExplorerVR/Intermediate/Cache/8eb3483c-40c6856a-c738d7af-39ad4b60-RGBToASTCOut.astc" 512
"../../../../AerialExplorerVR/Intermediate/Cache/9cc3078e-41ca6cf4-3c6dc3aa-f43b207e-RGBToASTCOut.astc" 513
"../../../../AerialExplorerVR/Intermediate/Cache/e3e50637-44aa21c3-1b0aafba-d0cd1c1e-RGBToASTCOut.astc" 514
"../../../../AerialExplorerVR/Intermediate/Cache/eaebc18e-46065eec-9820e598-2c9ccaa3-RGBToASTCOut.astc" 515
"../../../../AerialExplorerVR/Intermediate/Cache/d2bbde4d-45a5663a-664124a1-389613a6-RGBToASTCOut.astc" 516
"../../../../AerialExplorerVR/Intermediate/Cache/31ba44fe-4b1dbe52-0e04b584-c9be89ae-RGBToASTCOut.astc" 517
"../../../../AerialExplorerVR/Intermediate/Cache/0b19242e-4d46d525-e2e987a2-4b2866f8-RGBToASTCOut.astc" 518
"../../../../AerialExplorerVR/Intermediate/Cache/ec45991b-414f270f-b508c9bd-339da76f-RGBToASTCOut.astc" 519
"../../../../AerialExplorerVR/Intermediate/Cache/9440307d-48c0d406-7c1d17a5-be46bc12-RGBToASTCOut.astc" 520
"../../../../AerialExplorerVR/Intermediate/Cache/fb251348-45bb3c15-62600398-ad6ae0ac-RGBToASTCOut.astc" 521
"../../../../AerialExplorerVR/Intermediate/Cache/0fff95bd-42a7dcd7-cc919fa7-e541ab8f-RGBToASTCOut.astc" 522
"../../../../AerialExplorerVR/Intermediate/Cache/bd75f23b-47a5b89b-c0d4258d-1c3d74c5-RGBToASTCOut.astc" 523
"../../../../AerialExplorerVR/Intermediate/Cache/d7a7a5c4-4aa8045d-e364e29f-9af6f65f-RGBToASTCOut.astc" 524
"../../../../AerialExplorerVR/Intermediate/Cache/21f80bb9-40272dae-d120099c-036ad0e1-RGBToASTCOut.astc" 525
"../../../../AerialExplorerVR/Intermediate/Cache/2ef76d9f-48b88835-26aa7b87-1f6fc6b9-RGBToASTCOut.astc" 526
"../../../../AerialExplorerVR/Intermediate/Cache/93dd9291-421d3016-bcda32b0-93f13184-RGBToASTCOut.astc" 527
"../../../../AerialExplorerVR/Intermediate/Cache/4b861d26-4105fbda-2257319e-35a1470c-RGBToASTCOut.astc" 528
"../../../../AerialExplorerVR/Intermediate/Cache/08578af4-4bbcc30d-edb80f9b-8ab831f2-RGBToASTCOut.astc" 529
"../../../../AerialExplorerVR/Intermediate/Cache/c369b21c-47e59f02-dcc953ae-dae0c433-RGBToASTCOut.astc" 530
"../../../../AerialExplorerVR/Intermediate/Cache/6fa723de-440eff36-470150ae-05b0b3fa-RGBToASTCOut.astc" 531
"../../../../AerialExplorerVR/Intermediate/Cache/74c45ed2-4e45ca0b-0016e4a2-9d967a92-RGBToASTCOut.astc" 532
"../../../../AerialExplorerVR/Intermediate/Cache/30b3dd10-42ba0aec-ff4469a2-b83ac2b8-RGBToASTCOut.astc" 533
"../../../../AerialExplorerVR/Intermediate/Cache/084fe134-47b560f1-44715fbd-b107d436-RGBToASTCOut.astc" 534
"../../../../AerialExplorerVR/Intermediate/Cache/bc115431-4f48c874-52156783-6a69ab06-RGBToASTCOut.astc" 535
"../../../Engine/DerivedDataCache/3/1/8/TEXTURE_814DCC3DC72143F49509781513CB9855_BGRA8_5216118D4EACC7D4064ADCBA89F7720__4776B6E2E6502A15BA73B7522CDBB3F8E50002AD.udd" 536
"../../../Engine/DerivedDataCache/2/8/1/TEXTURE_814DCC3DC72143F49509781513CB9855_BGRA8_5216118D4EACC7D4064ADCBA89F7720__66F5A912C12ECCBFC7828C141D8C68C1A07C0A15.udd" 537
"../../../Engine/DerivedDataCache/1/9/6/TEXTURE_814DCC3DC72143F49509781513CB9855_BGRA8_B19E8D43472CA8B277E8CCA8993996A__878CA4B0813C95120A256C74CF1AC98FA54BEF64.udd" 538
"../../../../AerialExplorerVR/Intermediate/Cache/b7c223e9-47697728-d2484493-64755450-RGBToASTCOut.astc" 539
"../../../../AerialExplorerVR/Intermediate/Cache/6d3939d9-49a0ddf1-5be00593-ce7be6f8-RGBToASTCOut.astc" 540
"../../../../AerialExplorerVR/Intermediate/Cache/9d07ca06-4b47e2f7-cd14d59b-3866f979-RGBToASTCOut.astc" 541
"../../../../AerialExplorerVR/Intermediate/Cache/a386f0a6-41f6afba-393a54bb-6cbfcc95-RGBToASTCOut.astc" 542
"../../../../AerialExplorerVR/Intermediate/Cache/f76e221c-48ea7872-974787ae-217bc018-RGBToASTCOut.astc" 543
"../../../../AerialExplorerVR/Intermediate/Cache/eefeef79-40fe09cf-b6a76090-721ce596-RGBToASTCOut.astc" 544
"../../../../AerialExplorerVR/Intermediate/Cache/4bab9091-4394badf-6d0faaa5-9f4bd174-RGBToASTCOut.astc" 545
"../../../../AerialExplorerVR/Intermediate/Cache/dc3e93fa-49093f91-ce94c0a9-a754b6e8-RGBToASTCOut.astc" 546
"../../../../AerialExplorerVR/Intermediate/Cache/288d65d2-47dca3b5-5624bc9f-f59ac958-RGBToASTCOut.astc" 547
"../../../../AerialExplorerVR/Intermediate/Cache/44c194c2-4bc487af-558c94bf-227e514c-RGBToASTCOut.astc" 548
"../../../../AerialExplorerVR/Intermediate/Cache/02d6e7ea-4eec0629-969363a3-d2433b79-RGBToASTCOut.astc" 549
"../../../../AerialExplorerVR/Intermediate/Cache/d1ff641b-4eb6a772-c54603a2-9b5edfba-RGBToASTCOut.astc" 550
"../../../../AerialExplorerVR/Intermediate/Cache/abfd5ce9-483b251e-f4599296-f8381b7d-RGBToASTCOut.astc" 551
"../../../../AerialExplorerVR/Intermediate/Cache/fc7274ce-4004dd44-f2388f8b-c6e11bb1-RGBToASTCOut.astc" 552
"../../../../AerialExplorerVR/Intermediate/Cache/8dab76d8-4ffd288e-b2b3aba3-dbdd7fc2-RGBToASTCOut.astc" 553
"../../../../AerialExplorerVR/Intermediate/Cache/a22b5bf1-4a1f4568-5aefb7b3-e75bb037-RGBToASTCOut.astc" 554
"../../../../AerialExplorerVR/Intermediate/Cache/d8b34eaa-4b389b48-92a921aa-43a6bf74-RGBToASTCOut.astc" 555
"../../../Engine/DerivedDataCache/0/1/3/TEXTURE_814DCC3DC72143F49509781513CB9855_G8_C13BD2BB45C48968C13E6F8322E0CF1A_0__A856BDB1C74F641C3E5A497386077ABA922667E4.udd" 556
"../../../Engine/DerivedDataCache/8/0/6/TEXTURE_814DCC3DC72143F49509781513CB9855_BGRA8_D0FECEC94BB5E3DA0C23C4AB41A933F__26A4750DDEE85082D5E426AC2FC0FB509DBC0E30.udd" 557
"../../../Engine/DerivedDataCache/2/2/3/TEXTURE_814DCC3DC72143F49509781513CB9855_BGRA8_D0FECEC94BB5E3DA0C23C4AB41A933F__BCC05532D8752724EDE6B77A32222320BD230C00.udd" 558
"../../../Engine/DerivedDataCache/0/5/5/TEXTURE_814DCC3DC72143F49509781513CB9855_BGRA8_D0FECEC94BB5E3DA0C23C4AB41A933F__A74983DD16C9F19298E271B929B3C0B3FE13FC9E.udd" 559
"../../../Engine/DerivedDataCache/5/1/3/TEXTURE_814DCC3DC72143F49509781513CB9855_BGRA8_C6F046E346DE53E9987E70930FC6D31__2BC58C7103301983DEFA01C3C389866FD917AABF.udd" 560
"../../../../AerialExplorerVR/Intermediate/Cache/d9447a99-442e34e8-f8848d9b-f7d8d82a-RGBToASTCOut.astc" 561
"../../../../AerialExplorerVR/Intermediate/Cache/955a2d79-4b6f0817-d8df6cbd-90b7ea27-RGBToASTCOut.astc" 562
"../../../../AerialExplorerVR/Intermediate/Cache/4c55536d-4775bc17-0a4ce8bf-9f1866e4-RGBToASTCOut.astc" 563
"../../../../AerialExplorerVR/Intermediate/Cache/dcd24d54-46abaffa-02547ea8-1c2b7435-RGBToASTCOut.astc" 564
"../../../../AerialExplorerVR/Intermediate/Cache/a1717edf-47d3104b-e5f2a08f-b8cc3c72-RGBToASTCOut.astc" 565
"../../../../AerialExplorerVR/Intermediate/Cache/28b53283-45ad33fc-0694639e-eb802551-RGBToASTCOut.astc" 566
"../../../../AerialExplorerVR/Intermediate/Cache/89c1ded0-41c1fcc1-6b24d983-cf1551d5-RGBToASTCOut.astc" 567
"../../../../AerialExplorerVR/Intermediate/Cache/40b1e4a1-47685de8-4b4d36a5-1cc2442c-RGBToASTCOut.astc" 568
"../../../../AerialExplorerVR/Intermediate/Cache/1a6af94d-41dff114-fee2848c-0abbd420-RGBToASTCOut.astc" 569
"../../../../AerialExplorerVR/Intermediate/Cache/9d588e32-41a0e2de-ad36a4af-88ae800d-RGBToASTCOut.astc" 570
"../../../../AerialExplorerVR/Intermediate/Cache/8e269f9b-419a4c6e-4b604994-2c8f55ab-RGBToASTCOut.astc" 571
"../../../../AerialExplorerVR/Intermediate/Cache/384678b0-4ca7c9df-f941e9a6-76c18361-RGBToASTCOut.astc" 572
"../../../../AerialExplorerVR/Intermediate/Cache/f101f20c-41f00eae-bcda2093-669cd000-RGBToASTCOut.astc" 573
"../../../../AerialExplorerVR/Intermediate/Cache/528540f3-4c313a7b-fde496b2-f78b836e-RGBToASTCOut.astc" 574
"../../../../AerialExplorerVR/Intermediate/Cache/cd4ff76d-40587290-022b0092-eb958318-RGBToASTCOut.astc" 575
"../../../../AerialExplorerVR/Intermediate/Cache/275de885-4da57fe7-47ee9189-2edad187-RGBToASTCOut.astc" 576
"../../../../AerialExplorerVR/Intermediate/Cache/e37cd424-4a544792-5678e3b9-d512ba8d-RGBToASTCOut.astc" 577
"../../../../AerialExplorerVR/Intermediate/Cache/700775b6-437ed117-017fc5a3-234bd381-RGBToASTCOut.astc" 578
"../../../../AerialExplorerVR/Intermediate/Cache/c469047f-426e5c7b-b822d2b1-dd71f223-RGBToASTCOut.astc" 579
"../../../../AerialExplorerVR/Intermediate/Cache/1b1c2766-435dbff9-8e8b8bb1-646496d7-RGBToASTCOut.astc" 580
"../../../../AerialExplorerVR/Intermediate/Cache/df79ddbc-4de6119a-c3278faf-244134e5-RGBToASTCOut.astc" 581
"../../../../AerialExplorerVR/Intermediate/Cache/b835c9fa-4cfe4c7a-4c4a41a6-aadbd5d6-RGBToASTCOut.astc" 582
"../../../../AerialExplorerVR/Intermediate/Cache/01d8d662-471281c6-de8ba7b0-97f897c8-RGBToASTCOut.astc" 583
"../../../../AerialExplorerVR/Intermediate/Cache/c48dc06e-4c8b195a-b2ee2089-3497169e-RGBToASTCOut.astc" 584
"../../../../AerialExplorerVR/Intermediate/Cache/3a08c063-4d214c52-268b1fa3-322171d7-RGBToASTCOut.astc" 585
"../../../../AerialExplorerVR/Intermediate/Cache/f2704ca8-4c331c32-2cde7698-b45b6dde-RGBToASTCOut.astc" 586
"../../../../AerialExplorerVR/Intermediate/Cache/3cf65097-4dda47e9-91b02087-66ec5720-RGBToASTCOut.astc" 587
"../../../../AerialExplorerVR/Intermediate/Cache/e2c8340c-4b699455-9438268c-dd3c8d53-RGBToASTCOut.astc" 588
"../../../../AerialExplorerVR/Intermediate/Cache/f6ac4854-4913d4ed-3810ddba-aa3e5da9-RGBToASTCOut.astc" 589
"../../../../AerialExplorerVR/Intermediate/Cache/ad61006f-4ff09fcc-4d42f9a8-8721d6fd-RGBToASTCOut.astc" 590
"../../../../AerialExplorerVR/Intermediate/Cache/3309fd3c-4d6574df-1363a2b8-e35bf1f7-RGBToASTCOut.astc" 591
"../../../../AerialExplorerVR/Intermediate/Cache/21476c8f-400fc4c1-505de2bd-1d80733b-RGBToASTCOut.astc" 592
"../../../../AerialExplorerVR/Intermediate/Cache/ecddcc34-43968d95-faa48987-87000308-RGBToASTCOut.astc" 593
"../../../../AerialExplorerVR/Intermediate/Cache/667a7dac-432263ce-662f8f9c-df9fa235-RGBToASTCOut.astc" 594
"../../../../AerialExplorerVR/Intermediate/Cache/96b90f1f-4e578b0c-6c9f2abe-195f6e5d-RGBToASTCOut.astc" 595
"../../../../AerialExplorerVR/Intermediate/Cache/cc1c5420-4267e3d7-dc72abb5-4682ba1c-RGBToASTCOut.astc" 596
"../../../../AerialExplorerVR/Intermediate/Cache/d2050eda-4d16e58a-aa029a97-39150238-RGBToASTCOut.astc" 597
"../../../../AerialExplorerVR/Intermediate/Cache/889834f4-4fa4054d-8ba10399-69f27b0e-RGBToASTCOut.astc" 598
"../../../../AerialExplorerVR/Intermediate/Cache/4791f351-49f82a47-4c6b0aa0-cbb5b167-RGBToASTCOut.astc" 599
"../../../../AerialExplorerVR/Intermediate/Cache/6684d4ef-4ca34346-1b044f83-7266cee5-RGBToASTCOut.astc" 600
"../../../../AerialExplorerVR/Intermediate/Cache/51d54a28-4d18cb23-66e96286-86c454f6-RGBToASTCOut.astc" 601
"../../../../AerialExplorerVR/Intermediate/Cache/43f3714f-430a761e-b86c108e-d3b24893-RGBToASTCOut.astc" 602
"../../../../AerialExplorerVR/Intermediate/Cache/08291e79-447560a7-de740b81-2348a64b-RGBToASTCOut.astc" 603
"../../../../AerialExplorerVR/Intermediate/Cache/f3f79684-4e66b879-19ef8598-39493e96-RGBToASTCOut.astc" 604
"../../../../AerialExplorerVR/Intermediate/Cache/0893ed04-4974cae9-307fc7b7-5d9afd01-RGBToASTCOut.astc" 605
"../../../../AerialExplorerVR/Intermediate/Cache/9b122ef3-4ff8ec34-0d105882-d91228a3-RGBToASTCOut.astc" 606
"../../../../AerialExplorerVR/Intermediate/Cache/acb81366-4608ad7b-ca908c9f-d71c111f-RGBToASTCOut.astc" 607
"../../../../AerialExplorerVR/Intermediate/Cache/51f749f2-4d3c3b14-107b9fa5-30a471e7-RGBToASTCOut.astc" 608
"../../../../AerialExplorerVR/Intermediate/Cache/113ff495-4bd2b62e-86a97f8c-dbb877f6-RGBToASTCOut.astc" 609
"../../../../AerialExplorerVR/Intermediate/Cache/e04be1a7-42ba0386-d6535992-e6405a23-RGBToASTCOut.astc" 610
"../../../../AerialExplorerVR/Intermediate/Cache/9ba42b99-48832f9a-835357ae-8f30e3e4-RGBToASTCOut.astc" 611
"../../../../AerialExplorerVR/Intermediate/Cache/fd2bbbb5-43551bca-b00d46af-45c80db1-RGBToASTCOut.astc" 612
"../../../../AerialExplorerVR/Intermediate/Cache/8ba87298-46853185-b5f6d4b9-9c0faad3-RGBToASTCOut.astc" 613
"../../../../AerialExplorerVR/Intermediate/Cache/822c0675-405ee726-766337aa-1dffed94-RGBToASTCOut.astc" 614
"../../../../AerialExplorerVR/Intermediate/Cache/b95248f7-4249692e-fc069ca3-94d542d9-RGBToASTCOut.astc" 615
"../../../../AerialExplorerVR/Intermediate/Cache/994f56c0-4ab7dcf2-de19388d-79919632-RGBToASTCOut.astc" 616
"../../../../AerialExplorerVR/Intermediate/Cache/9468a656-43c52cea-5d959fa6-8b3fde9b-RGBToASTCOut.astc" 617
"../../../../AerialExplorerVR/Intermediate/Cache/5b818e06-4e5948b7-f8116380-aebcad76-RGBToASTCOut.astc" 618
"../../../../AerialExplorerVR/Intermediate/Cache/7099777b-4e19c954-f4b94897-851c645e-RGBToASTCOut.astc" 619
"../../../../AerialExplorerVR/Intermediate/Cache/bf727e23-401a8821-a0d4249b-00a0fe8d-RGBToASTCOut.astc" 620
"../../../../AerialExplorerVR/Intermediate/Cache/bcc3abd7-4a998c9f-7ee04590-51510a49-RGBToASTCOut.astc" 621
"../../../../AerialExplorerVR/Intermediate/Cache/4fe3c8dc-4e7690df-c701db91-cc19b30f-RGBToASTCOut.astc" 622
"../../../../AerialExplorerVR/Intermediate/Cache/8f6f4af5-4737eccd-c44d858d-85280b40-RGBToASTCOut.astc" 623
"../../../../AerialExplorerVR/Intermediate/Cache/d19086e3-42f107e2-a2765a85-ad0a36f0-RGBToASTCOut.astc" 624
"../../../../AerialExplorerVR/Intermediate/Cache/01deaebf-4e68fdfb-641095a2-9ed7a5aa-RGBToASTCOut.astc" 625
"../../../../AerialExplorerVR/Intermediate/Cache/a9b49632-4b6454f7-ed21ce82-ac3b9c77-RGBToASTCOut.astc" 626
"../../../../AerialExplorerVR/Intermediate/Cache/4297775b-4f0446a2-33c27d81-b5cd4d91-RGBToASTCOut.astc" 627
"../../../../AerialExplorerVR/Intermediate/Cache/18de7b60-4e6b1fe4-9d1a5c88-c279d382-RGBToASTCOut.astc" 628
"../../../../AerialExplorerVR/Intermediate/Cache/da76e346-479ddf74-c0df3496-f453c87b-RGBToASTCOut.astc" 629
"../../../../AerialExplorerVR/Intermediate/Cache/8af65efe-42a3fed5-90c79992-98105ca8-RGBToASTCOut.astc" 630
"../../../../AerialExplorerVR/Intermediate/Cache/6ff22478-4419092b-be0fc694-c0182201-RGBToASTCOut.astc" 631
"../../../../AerialExplorerVR/Intermediate/Cache/399a5327-4f01c041-8620409a-70cbb6fb-RGBToASTCOut.astc" 632
"../../../../AerialExplorerVR/Intermediate/Cache/5bddd238-499c932b-7c5ab881-9c02823f-RGBToASTCOut.astc" 633
"../../../../AerialExplorerVR/Intermediate/Cache/90b3d5e2-49963d7c-28984fa5-9fbbd654-RGBToASTCOut.astc" 634
"../../../../AerialExplorerVR/Intermediate/Cache/e41c4566-4aaeee85-8603b38f-30508bb5-RGBToASTCOut.astc" 635
"../../../../AerialExplorerVR/Intermediate/Cache/b3a654f7-4f6c30dc-fab86798-d32f5d1b-RGBToASTCOut.astc" 636
"../../../../AerialExplorerVR/Intermediate/Cache/39b18252-417b7fd9-87335e9a-e1583fa3-RGBToASTCOut.astc" 637
"../../../../AerialExplorerVR/Intermediate/Cache/e7f8e7e7-43fa814d-58e5338b-f0297b98-RGBToASTCOut.astc" 638
"../../../../AerialExplorerVR/Intermediate/Cache/152cc8cd-48433b6a-a937dc9d-e60d89fc-RGBToASTCOut.astc" 639
"../../../../AerialExplorerVR/Intermediate/Cache/7fa6305b-49d4b892-fcbd6f8e-df6d90e8-RGBToASTCOut.astc" 640
"../../../../AerialExplorerVR/Intermediate/Cache/d38c6340-4e0e3f21-617f969c-c90cf3e9-RGBToASTCOut.astc" 641
"../../../../AerialExplorerVR/Intermediate/Cache/3bf3d037-4a26f5ab-66dd3783-c2c2a9ae-RGBToASTCOut.astc" 642
"../../../../AerialExplorerVR/Intermediate/Cache/8607b722-47e3c7e9-b1dd8091-6864bbf9-RGBToASTCOut.astc" 643
"../../../../AerialExplorerVR/Intermediate/Cache/1538f839-4f9beaee-001c6aa1-217e0306-RGBToASTCOut.astc" 644
"../../../../AerialExplorerVR/Intermediate/Cache/0114b0c3-4e22d823-48a466af-aeaacd8e-RGBToASTCOut.astc" 645
"../../../../AerialExplorerVR/Intermediate/Cache/01d66cfd-424f4c35-79fe6cb5-e00337b9-RGBToASTCOut.astc" 646
"../../../../AerialExplorerVR/Intermediate/Cache/d2c7bf76-4783c4c2-deef9083-943df502-RGBToASTCOut.astc" 647
"../../../../AerialExplorerVR/Intermediate/Cache/fa9122c1-406fd006-f8a5aba5-3e72320b-RGBToASTCOut.astc" 648
"../../../../AerialExplorerVR/Intermediate/Cache/0723d077-428cb919-e7f0f3b3-d9694843-RGBToASTCOut.astc" 649
"../../../../AerialExplorerVR/Intermediate/Cache/a7472e8e-40379a43-876d8088-7b6f7b3e-RGBToASTCOut.astc" 650
"../../../../AerialExplorerVR/Intermediate/Cache/89e9105c-4243d473-85a5e189-2834f64c-RGBToASTCOut.astc" 651
"../../../../AerialExplorerVR/Intermediate/Cache/5b9eabe7-4027f1b6-535380a6-a55467a8-RGBToASTCOut.astc" 652
"../../../../AerialExplorerVR/Intermediate/Cache/e4434beb-44f56056-e559eaaf-f0a6e075-RGBToASTCOut.astc" 653
"../../../../AerialExplorerVR/Intermediate/Cache/0caf6d48-4fe66488-cace7c8d-39206d05-RGBToASTCOut.astc" 654
"../../../../AerialExplorerVR/Intermediate/Cache/99726829-4670748b-ce5ed98c-218910de-RGBToASTCOut.astc" 655
"../../../../AerialExplorerVR/Intermediate/Cache/2568c719-41e6f93b-10a6e38b-32123417-RGBToASTCOut.astc" 656
"../../../../AerialExplorerVR/Intermediate/Cache/9eb39c64-472af277-9ffb6fa2-52f12efb-RGBToASTCOut.astc" 657
"../../../../AerialExplorerVR/Intermediate/Cache/7c2f96a5-4ba0c1c4-778449b1-5f2a83da-RGBToASTCOut.astc" 658
"../../../../AerialExplorerVR/Intermediate/Cache/3a5aae9f-48996459-7056089e-749ecfb5-RGBToASTCOut.astc" 659
"../../../../AerialExplorerVR/Intermediate/Cache/4574398a-46eb82cc-e84cd39e-620a84ed-RGBToASTCOut.astc" 660
"../../../../AerialExplorerVR/Intermediate/Cache/873303b5-4e0c2e98-e0c042b9-d9e61ff6-RGBToASTCOut.astc" 661
"../../../../AerialExplorerVR/Intermediate/Cache/ddc60f0f-46a02787-c29997a9-969d83ce-RGBToASTCOut.astc" 662
"../../../../AerialExplorerVR/Intermediate/Cache/6e8e6554-4edb5e5e-cca45fb8-c6778c37-RGBToASTCOut.astc" 663
"../../../../AerialExplorerVR/Intermediate/Cache/ab28e0f9-4ebff787-a49e33b4-59e815c1-RGBToASTCOut.astc" 664
"../../../../AerialExplorerVR/Intermediate/Cache/850e6316-40eb7f93-c0f91ba0-25eadae8-RGBToASTCOut.astc" 665
"../../../../AerialExplorerVR/Intermediate/Cache/02eb0899-4f317a2a-6e1e4b9a-14c7caa5-RGBToASTCOut.astc" 666
"../../../../AerialExplorerVR/Intermediate/Cache/478e56e1-45fcb9fe-1174dba4-d7b014d0-RGBToASTCOut.astc" 667
"../../../../AerialExplorerVR/Intermediate/Cache/9139a078-4aad5137-70bf04a0-e2008de9-RGBToASTCOut.astc" 668
"../../../../AerialExplorerVR/Intermediate/Cache/e55f95b0-42bf1720-1b4b6891-d407d4c8-RGBToASTCOut.astc" 669
"../../../../AerialExplorerVR/Intermediate/Cache/b3f7dedc-49a64de3-8fa56e9b-70398272-RGBToASTCOut.astc" 670
"../../../../AerialExplorerVR/Intermediate/Cache/aff2f5e9-4c7a4e28-768d56a3-449617ab-RGBToASTCOut.astc" 671
"../../../../AerialExplorerVR/Intermediate/Cache/a89fac36-49efd586-a4b4b5ab-857bcabd-RGBToASTCOut.astc" 672
"../../../../AerialExplorerVR/Intermediate/Cache/cb97b242-43736bb8-82b226bc-4a1dd95b-RGBToASTCOut.astc" 673
"../../../../AerialExplorerVR/Intermediate/Cache/8ac8fd4b-4bf29439-8e6e6ca3-32479465-RGBToASTCOut.astc" 674
"../../../../AerialExplorerVR/Intermediate/Cache/b25b25d5-43e4f2a4-0c48f282-34b3ecab-RGBToASTCOut.astc" 675
"../../../../AerialExplorerVR/Intermediate/Cache/a297b6ad-429296b6-243c4f83-c755a718-RGBToASTCOut.astc" 676
"../../../../AerialExplorerVR/Intermediate/Cache/ac9340fd-496ff0ae-3e6890a2-f54700f9-RGBToASTCOut.astc" 677
"../../../../AerialExplorerVR/Intermediate/Cache/229f3994-4e660d62-a3844185-f3c8d6bc-RGBToASTCOut.astc" 678
"../../../../AerialExplorerVR/Intermediate/Cache/069ab070-4510220f-fbd9f285-c85e7b8b-RGBToASTCOut.astc" 679
"../../../../AerialExplorerVR/Intermediate/Cache/35dd567b-476118ec-c2696ea2-2e2176bc-RGBToASTCOut.astc" 680
"../../../../AerialExplorerVR/Intermediate/Cache/6fed0c68-487109c5-32968f99-bf446c2f-RGBToASTCOut.astc" 681
"../../../../AerialExplorerVR/Intermediate/Cache/e588768e-46ee0aef-efcd989d-7d021c1d-RGBToASTCOut.astc" 682
"../../../../AerialExplorerVR/Intermediate/Cache/fa64acc1-40f70d31-3488a1ae-40ef85ae-RGBToASTCOut.astc" 683
"../../../../AerialExplorerVR/Intermediate/Cache/29633d87-4086b749-40704e80-e44cfeed-RGBToASTCOut.astc" 684
"../../../../AerialExplorerVR/Intermediate/Cache/0986624b-4b0cb620-7389129a-a7585b3d-RGBToASTCOut.astc" 685
"../../../../AerialExplorerVR/Intermediate/Cache/a624a5d8-40241d5d-6880bb9e-4e17914a-RGBToASTCOut.astc" 686
"../../../../AerialExplorerVR/Intermediate/Cache/fc035dd6-4204de52-a14643ac-3656afac-RGBToASTCOut.astc" 687
"../../../../AerialExplorerVR/Intermediate/Cache/672c02c7-4cf9cfbc-1f272c8e-c856123b-RGBToASTCOut.astc" 688
"../../../../AerialExplorerVR/Intermediate/Cache/540d853f-41703851-3fe8958a-987b95fe-RGBToASTCOut.astc" 689
"../../../../AerialExplorerVR/Intermediate/Cache/ac9aefbe-41e9f2af-ef9a6ba1-5fc7396c-RGBToASTCOut.astc" 690
"../../../../AerialExplorerVR/Intermediate/Cache/b0d0a9c0-4e7785f3-09ef88bb-744a302f-RGBToASTCOut.astc" 691
"../../../../AerialExplorerVR/Intermediate/Cache/f5b0fdfa-4d5bacf2-4734b49d-088d0c08-RGBToASTCOut.astc" 692
"../../../../AerialExplorerVR/Intermediate/Cache/e7c21469-4c28f887-86983db5-96eef615-RGBToASTCOut.astc" 693
"../../../../AerialExplorerVR/Intermediate/Cache/5677dd13-477938b2-19286483-5de873c6-RGBToASTCOut.astc" 694
"../../../../AerialExplorerVR/Intermediate/Cache/7dc7b669-4710d1a1-0fa6c1a5-d88ff28b-RGBToASTCOut.astc" 695
"../../../../AerialExplorerVR/Intermediate/Cache/7531727f-4951704b-14e789af-a0e3abd4-RGBToASTCOut.astc" 696
"../../../../AerialExplorerVR/Intermediate/Cache/ce22d4e4-43e4f082-1e4cb98a-bdb15681-RGBToASTCOut.astc" 697
"../../../../AerialExplorerVR/Intermediate/Cache/5d29b045-47d40125-84b1608b-c34e4608-RGBToASTCOut.astc" 698
"../../../../AerialExplorerVR/Intermediate/Cache/eeebd3f6-4deea111-f41ab28b-7d459f17-RGBToASTCOut.astc" 699
"../../../../AerialExplorerVR/Intermediate/Cache/5c6167e8-40ca46a7-878d10ad-f20bbfd9-RGBToASTCOut.astc" 700
"../../../../AerialExplorerVR/Intermediate/Cache/98052be8-4c5db479-6d4a41b9-916655b8-RGBToASTCOut.astc" 701
"../../../../AerialExplorerVR/Intermediate/Cache/e783a0a4-4aa991c7-a84470a4-81657cc9-RGBToASTCOut.astc" 702
"../../../../AerialExplorerVR/Intermediate/Cache/7930d81a-4a9bd713-87a732b0-7ca958f7-RGBToASTCOut.astc" 703
"../../../Engine/DerivedDataCache/2/2/6/TEXTURE_814DCC3DC72143F49509781513CB9855_G8_1C2B54F74EBDC3C23B1A0B85D55D159C_0__2E2A404ABA0B1D38FA0F8DFA476C0ECE606A40A4.udd" 704
"../../../Engine/DerivedDataCache/4/7/9/TEXTURE_814DCC3DC72143F49509781513CB9855_BGRA8_52C2D2044F80407BBABA8CB2BA04F4F__FDB37FDECA0F67A24577A4436B3C2D9D715FD7D7.udd" 705
"../../../Engine/DerivedDataCache/2/9/2/TEXTURE_814DCC3DC72143F49509781513CB9855_BGRA8_A28EC0C4486158C85466808599E49A4__1FF86D5F10DF5DA41E6C385F79D34A8F73D47BF5.udd" 706
"../../../../AerialExplorerVR/Intermediate/Cache/382865ee-4e6cb7d5-651299af-d28f7677-RGBToASTCOut.astc" 707
"../../../Engine/DerivedDataCache/5/4/9/TEXTURE_814DCC3DC72143F49509781513CB9855_BGRA8_9B0249994A9B1B14D96CD7BB7A90FB3__74A9C9C27BB25673E2C803395BE184240A57985C.udd" 708
"../../../../AerialExplorerVR/Intermediate/Cache/e0f17677-480dd88b-9c024f8b-699c85e6-RGBToASTCOut.astc" 709
"../../../../AerialExplorerVR/Intermediate/Cache/bb898f50-4d95563b-b4f6f784-af1ff50b-RGBToASTCOut.astc" 710
"../../../../AerialExplorerVR/Intermediate/Cache/f597a645-48d2cc5f-2371f69a-9506b70b-RGBToASTCOut.astc" 711
"../../../../AerialExplorerVR/Intermediate/Cache/0638af0d-4c11cbe3-51b37d8e-a70f9c5b-RGBToASTCOut.astc" 712
"../../../../AerialExplorerVR/Intermediate/Cache/071c7a61-4cebece7-6926d985-283ff6af-RGBToASTCOut.astc" 713
"../../../../AerialExplorerVR/Intermediate/Cache/c199a636-4fcc59f9-530d5eb7-b5f0c4fe-RGBToASTCOut.astc" 714
"../../../../AerialExplorerVR/Intermediate/Cache/23234e05-481e6942-bfaf3987-6e332ff9-RGBToASTCOut.astc" 715
"../../../../AerialExplorerVR/Intermediate/Cache/8230d4dd-42c8b884-5d416599-fcc9012d-RGBToASTCOut.astc" 716
"../../../../AerialExplorerVR/Intermediate/Cache/3dbd961a-449bfae0-dd369baa-3d43a2eb-RGBToASTCOut.astc" 717
"../../../../AerialExplorerVR/Intermediate/Cache/83c1c3f6-4acfc6c0-a8294e97-ece2a087-RGBToASTCOut.astc" 718
"../../../../AerialExplorerVR/Intermediate/Cache/754bb3b3-4bd645ff-306082bf-6feed3f4-RGBToASTCOut.astc" 719
"../../../../AerialExplorerVR/Intermediate/Cache/7b439f69-4815574d-a914599e-717edde9-RGBToASTCOut.astc" 720
"../../../../AerialExplorerVR/Intermediate/Cache/553a3c65-43a24fbb-2e5e2e8b-2334c97b-RGBToASTCOut.astc" 721
"../../../Engine/DerivedDataCache/8/1/8/TEXTURE_814DCC3DC72143F49509781513CB9855_BGRA8_300F91D746B84377794E1FA74622CC3__0CF773674540940F3B26ED33054647E44CAC1F0D.udd" 722
"../../../Engine/DerivedDataCache/4/9/8/TEXTURE_814DCC3DC72143F49509781513CB9855_BGRA8_300F91D746B84377794E1FA74622CC3__C63D40BDCBDD34BF7686F4DE7E8E3F79E3975346.udd" 723
"../../../Engine/DerivedDataCache/1/3/3/TEXTURE_814DCC3DC72143F49509781513CB9855_BGRA8_300F91D746B84377794E1FA74622CC3__51E0BAA5DE2C6204E477108FEF679A79290291B4.udd" 724
"../../../Engine/DerivedDataCache/2/1/3/TEXTURE_814DCC3DC72143F49509781513CB9855_BGRA8_300F91D746B84377794E1FA74622CC3__377AF1476D1F084F5702571C4DF930106762A4A4.udd" 725
"../../../../AerialExplorerVR/Intermediate/Cache/b0e38866-428c5a95-2c8104ac-46442a66-RGBToASTCOut.astc" 726
"../../../../AerialExplorerVR/Intermediate/Cache/985156b6-44f337d2-9a1bbfad-3ed146e9-RGBToASTCOut.astc" 727
"../../../../AerialExplorerVR/Intermediate/Cache/32924440-4e71eb06-300f0ab3-e35583c9-RGBToASTCOut.astc" 728
"../../../../AerialExplorerVR/Intermediate/Cache/f9fc4913-498dc530-84a899a1-46ac7349-RGBToASTCOut.astc" 729
"../../../../AerialExplorerVR/Intermediate/Cache/0747459f-4f3c6f31-f33f9bae-08aa3b74-RGBToASTCOut.astc" 730
"../../../../AerialExplorerVR/Intermediate/Cache/e38dfe2d-4e324ecd-acf2a496-9c332057-RGBToASTCOut.astc" 731
"../../../../AerialExplorerVR/Intermediate/Cache/364f9264-49688b34-440b7ca7-1c3678a2-RGBToASTCOut.astc" 732
"../../../../AerialExplorerVR/Intermediate/Cache/6ce3d4a2-4eb97bb0-50b6d083-f0d24bed-RGBToASTCOut.astc" 733
"../../../../AerialExplorerVR/Intermediate/Cache/44528b46-4e8738df-6c268abc-0da5aa54-RGBToASTCOut.astc" 734
"../../../../AerialExplorerVR/Intermediate/Cache/407695ff-44c20515-a0379eb4-943fb16a-RGBToASTCOut.astc" 735
"../../../Engine/Content/MobileResources/HUD/T_Castle_ThumbstickOutter.uasset" 736
"../../../Engine/Content/MobileResources/HUD/MobileHUDButton1_on.uasset" 737
"../../../../AerialExplorerVR/Intermediate/Cache/33e07fb3-4fa1bd0e-d80d55b4-4af1487a-RGBToASTCOut.astc" 738
"../../../../AerialExplorerVR/Intermediate/Cache/1bb1e2a2-455965e0-a87e06bb-ff52afb5-RGBToASTCOut.astc" 739
"../../../../AerialExplorerVR/Intermediate/Cache/85fca24d-478051cf-e4e89280-672c8821-RGBToASTCOut.astc" 740
"../../../../AerialExplorerVR/Intermediate/Cache/9b4769be-4e238592-6a1f62a5-f6d15bcd-RGBToASTCOut.astc" 741
"../../../../AerialExplorerVR/Intermediate/Cache/8353306c-4eb4ec7a-caff728b-c6620fdd-RGBToASTCOut.astc" 742
"../../../../AerialExplorerVR/Intermediate/Cache/c1e5b0b7-4fee937c-eed7b3bb-94a6d702-RGBToASTCOut.astc" 743
"../../../../AerialExplorerVR/Intermediate/Cache/90ed9b62-4b572c58-d69a3ab9-8b44d5a9-RGBToASTCOut.astc" 744
"../../../Engine/Content/MobileResources/HUD/MobileHUDButton1_off.uasset" 745
"../../../../AerialExplorerVR/Intermediate/Cache/ebd78d06-48870dbb-2532bbb1-38cb5c4d-RGBToASTCOut.astc" 746
"../../../../AerialExplorerVR/Intermediate/Cache/9e6c07c5-4a21e4f9-1bffd6ad-93158fcb-RGBToASTCOut.astc" 747
"../../../../AerialExplorerVR/Intermediate/Cache/27930878-4935c9d6-d38b2796-5896e48b-RGBToASTCOut.astc" 748
"../../../../AerialExplorerVR/Intermediate/Cache/7ac78b80-43948a50-ce34f4a6-b9404466-RGBToASTCOut.astc" 749
"../../../../AerialExplorerVR/Intermediate/Cache/828b4166-44895955-3d8554b5-9060655e-RGBToASTCOut.astc" 750
"../../../../AerialExplorerVR/Intermediate/Cache/7b4bcf03-44c49378-90104a8e-5e9bf503-RGBToASTCOut.astc" 751
"../../../../AerialExplorerVR/Intermediate/Cache/7fb8b8b0-42978b4a-296a6780-4689c303-RGBToASTCOut.astc" 752
"../../../Engine/Content/MobileResources/HUD/LeftVirtualJoystickOnly.uasset" 753
"../../../Engine/Content/MobileResources/HUD/VirtualJoystick_Background.uasset" 754
"../../../Engine/Content/MobileResources/HUD/DefaultVirtualJoysticks.uasset" 755
"../../../Engine/Content/MobileResources/HUD/AnalogHat.uasset" 756
"../../../../AerialExplorerVR/Intermediate/Cache/125fffa8-46e85f28-f4628cbf-0abba23f-RGBToASTCOut.astc" 757
"../../../../AerialExplorerVR/Intermediate/Cache/c7fb8c1a-47b5f8a2-7a33a2ad-cd58ffbe-RGBToASTCOut.astc" 758
"../../../../AerialExplorerVR/Intermediate/Cache/cae0edf2-468bc0a3-064900a4-985fe982-RGBToASTCOut.astc" 759
"../../../../AerialExplorerVR/Intermediate/Cache/1fc1e99c-4f971ca5-e7c42495-476e39cf-RGBToASTCOut.astc" 760
"../../../../AerialExplorerVR/Intermediate/Cache/0fbce9fd-419a347d-24ae04ac-e75c0c9c-RGBToASTCOut.astc" 761
"../../../../AerialExplorerVR/Intermediate/Cache/31cfbd1f-407586d0-5eb98b94-46bf529a-RGBToASTCOut.astc" 762
"../../../Engine/Content/MobileResources/HUD/MobileHUDDirectionPad.uasset" 763
"../../../../AerialExplorerVR/Intermediate/Cache/947efd0d-4d23a5b1-9c2b70a9-f52d2891-RGBToASTCOut.astc" 764
"../../../../AerialExplorerVR/Intermediate/Cache/a7f3aaf9-4b502e81-d0d3558f-32b58c42-RGBToASTCOut.astc" 765
"../../../../AerialExplorerVR/Intermediate/Cache/37defe8b-43e777ed-7b2f2492-76322415-RGBToASTCOut.astc" 766
"../../../../AerialExplorerVR/Intermediate/Cache/cb49ba10-4b70068a-f4c32896-6b223cd6-RGBToASTCOut.astc" 767
"../../../../AerialExplorerVR/Intermediate/Cache/17a2cfe0-4e2eab0e-5835b2af-f1bf00c3-RGBToASTCOut.astc" 768
"../../../../AerialExplorerVR/Intermediate/Cache/07b78195-4cc1aa27-cdbe5dac-969d57b3-RGBToASTCOut.astc" 769
"../../../../AerialExplorerVR/Intermediate/Cache/deb04ba4-43d5d5c1-d3eaf2ad-98b26dcf-RGBToASTCOut.astc" 770
"../../../../AerialExplorerVR/Intermediate/Cache/943f433f-45597190-e203a892-381c327a-RGBToASTCOut.astc" 771
"../../../../AerialExplorerVR/Content/Actors/Arrow.uasset" 772
"../../../../AerialExplorerVR/Content/Actors/Planes/MAT_TestPattern.uasset" 773
"../../../Engine/Content/MobileResources/HUD/MobileHUDButtonFire.uasset" 774
"../../../../AerialExplorerVR/Intermediate/Cache/ff78c995-42a8e96f-1364b18c-69b8f559-RGBToASTCOut.astc" 775
"../../../../AerialExplorerVR/Intermediate/Cache/e31ffaf8-43ad89c7-4c7e8ca0-43d1d49f-RGBToASTCOut.astc" 776
"../../../../AerialExplorerVR/Intermediate/Cache/65701c69-4b2673f9-4c578e98-8ed15c6d-RGBToASTCOut.astc" 777
"../../../../AerialExplorerVR/Intermediate/Cache/741f503b-40547e28-698cf39e-43ccac73-RGBToASTCOut.astc" 778
"../../../../AerialExplorerVR/Intermediate/Cache/cb097e58-4082a41f-4cda8eb1-06546445-RGBToASTCOut.astc" 779
"../../../../AerialExplorerVR/Intermediate/Cache/42d77483-4c5b20af-d5303ab0-11fe52ac-RGBToASTCOut.astc" 780
"../../../../AerialExplorerVR/Intermediate/Cache/40368064-49f76492-4bed38ab-20ba85fa-RGBToASTCOut.astc" 781
"../../../Engine/Content/MobileResources/HUD/MobileHUDButton2_off.uasset" 782
"../../../../AerialExplorerVR/Intermediate/Cache/811e3cee-4a6a0f3c-d2a45a92-457c9a4f-RGBToASTCOut.astc" 783
"../../../../AerialExplorerVR/Intermediate/Cache/7f741f0b-422e3fba-c0fddf90-3a0aa337-RGBToASTCOut.astc" 784
"../../../../AerialExplorerVR/Intermediate/Cache/7d4e145a-45ab4e23-3fa702a9-4d4dff77-RGBToASTCOut.astc" 785
"../../../../AerialExplorerVR/Intermediate/Cache/4bd8a025-4f17373b-7d53728e-e48a3fd4-RGBToASTCOut.astc" 786
"../../../../AerialExplorerVR/Intermediate/Cache/dcba1882-4d108726-5e0eb3b1-1766b31d-RGBToASTCOut.astc" 787
"../../../../AerialExplorerVR/Intermediate/Cache/14e294c2-40b769df-eaf92e8f-bb4a39a2-RGBToASTCOut.astc" 788
"../../../../AerialExplorerVR/Intermediate/Cache/78a25e7d-48cbfa1d-dab30f81-76fca824-RGBToASTCOut.astc" 789
"../../../../AerialExplorerVR/Intermediate/Cache/11a0e25f-48e530a9-b6a79e85-3b62fc1c-RGBToASTCOut.astc" 790
"../../../Engine/Content/MobileResources/HUD/T_Castle_ThumbstickInner.uasset" 791
"../../../Engine/Content/MobileResources/T_MobileControls_texture.uasset" 792
"../../../../AerialExplorerVR/Intermediate/Cache/2208d929-4310dc39-d73a088d-942a926c-RGBToASTCOut.astc" 793
"../../../../AerialExplorerVR/Intermediate/Cache/f3a2e185-4a717fcf-ad0d8fa4-bfba6e06-RGBToASTCOut.astc" 794
"../../../../AerialExplorerVR/Intermediate/Cache/a139ca4e-444b3f25-3256c4aa-d90b070a-RGBToASTCOut.astc" 795
"../../../../AerialExplorerVR/Intermediate/Cache/429b2f0a-4fbb64f2-bbeeb4b4-d87eb0f5-RGBToASTCOut.astc" 796
"../../../../AerialExplorerVR/Intermediate/Cache/048d518f-47827003-258cef85-5c1ad4a8-RGBToASTCOut.astc" 797
"../../../../AerialExplorerVR/Intermediate/Cache/290723d3-4686dc52-e8be1485-70d873c9-RGBToASTCOut.astc" 798
"../../../../AerialExplorerVR/Intermediate/Cache/6fd767ba-4382203e-b0f14cbd-de18c119-RGBToASTCOut.astc" 799
"../../../../AerialExplorerVR/Intermediate/Cache/186272b6-4c98092a-394b9a85-05314891-RGBToASTCOut.astc" 800
"../../../../AerialExplorerVR/Intermediate/Cache/0683da80-4503a235-908ede93-238c3315-RGBToASTCOut.astc" 801
"../../../../AerialExplorerVR/Intermediate/Cache/719d17a2-4cf6b8e8-96a45fbe-1941a322-RGBToASTCOut.astc" 802
"../../../../AerialExplorerVR/Intermediate/Cache/7dbc580c-4b7a66ce-e13755b3-d91e8e81-RGBToASTCOut.astc" 803
"../../../../AerialExplorerVR/Intermediate/Cache/1fd77ebe-46e85d8d-9caf73a7-9914dac3-RGBToASTCOut.astc" 804
"../../../../AerialExplorerVR/Intermediate/Cache/829372d2-42b08200-91a38e96-6b919da6-RGBToASTCOut.astc" 805
"../../../../AerialExplorerVR/Intermediate/Cache/7f847594-4bd95226-96e9209e-1f01d790-RGBToASTCOut.astc" 806
"../../../../AerialExplorerVR/Intermediate/Cache/d14cd70b-4161b059-4064e389-5da77032-RGBToASTCOut.astc" 807
"../../../../AerialExplorerVR/Intermediate/Cache/ff874ada-47498ab8-e53444b0-707113a6-RGBToASTCOut.astc" 808
"../../../../AerialExplorerVR/Intermediate/Cache/f109aa2b-4f6e96af-da1c3d95-bfbd2353-RGBToASTCOut.astc" 809
"../../../../AerialExplorerVR/Intermediate/Cache/37a524cf-4cdcb6c4-ddb357b5-c8892ffe-RGBToASTCOut.astc" 810
"../../../../AerialExplorerVR/Intermediate/Cache/e3bf959b-447e156d-cd33a98e-5976b172-RGBToASTCOut.astc" 811
"../../../../AerialExplorerVR/Intermediate/Cache/86969b5d-426f8b22-e95bea90-60250c31-RGBToASTCOut.astc" 812
"../../../../AerialExplorerVR/Content/Eperimental/ExperimentalGameMode.uasset" 813
"../../../../AerialExplorerVR/Content/Actors/Planes/Planes_Plane_4to3.uasset" 814
"../../../../AerialExplorerVR/Content/Actors/Planes/Planes_Plane_16to9.uasset" 815
"../../../Engine/Content/MobileResources/HUD/MobileHUDDirectionStick.uasset" 816
"../../../../AerialExplorerVR/Intermediate/Cache/730d69a4-49c241e3-ed9618b1-9b3fbf2e-RGBToASTCOut.astc" 817
"../../../../AerialExplorerVR/Intermediate/Cache/4b0941d7-4f868e2b-6b9e2c9b-13339ec4-RGBToASTCOut.astc" 818
"../../../../AerialExplorerVR/Intermediate/Cache/7f66fcbd-4ce7dd99-a110aeab-3a52a9a6-RGBToASTCOut.astc" 819
"../../../../AerialExplorerVR/Intermediate/Cache/bbaaa16e-49aabc5e-f3345f81-83afcbc3-RGBToASTCOut.astc" 820
"../../../../AerialExplorerVR/Intermediate/Cache/f4efb248-4ac3cf60-714cd4a2-e7174798-RGBToASTCOut.astc" 821
"../../../../AerialExplorerVR/Intermediate/Cache/19dc0af8-4ec6d77f-c08e2496-9e128241-RGBToASTCOut.astc" 822
"../../../../AerialExplorerVR/Intermediate/Cache/fb8e539e-4022b0f0-2b804c9d-25925ffa-RGBToASTCOut.astc" 823
"../../../Engine/Content/MobileResources/T_MobileMenu2.uasset" 824
"../../../../AerialExplorerVR/Intermediate/Cache/391bf10b-4141fc18-4158a1b9-52e2d9f6-RGBToASTCOut.astc" 825
"../../../../AerialExplorerVR/Intermediate/Cache/5dffb729-4239b3b5-78ca8ebf-ba15ccf7-RGBToASTCOut.astc" 826
"../../../../AerialExplorerVR/Intermediate/Cache/e899a2bd-4a6e9811-943c8196-f5040e8e-RGBToASTCOut.astc" 827
"../../../../AerialExplorerVR/Intermediate/Cache/4bef37a4-4f459d1c-5b96acbc-829c4b89-RGBToASTCOut.astc" 828
"../../../../AerialExplorerVR/Intermediate/Cache/28c92f99-44cd80f1-43f03b83-541dd387-RGBToASTCOut.astc" 829
"../../../../AerialExplorerVR/Intermediate/Cache/11f6c247-49bd082b-edcd10a4-860ffa6f-RGBToASTCOut.astc" 830
"../../../../AerialExplorerVR/Intermediate/Cache/64daf5fe-455aad26-16c91f8c-18920d98-RGBToASTCOut.astc" 831
"../../../../AerialExplorerVR/Intermediate/Cache/99d438af-40e57e18-8243f3ac-e1ca332b-RGBToASTCOut.astc" 832
"../../../../AerialExplorerVR/Intermediate/Cache/b03ada64-4f35d47b-3c996480-7d20e1c0-RGBToASTCOut.astc" 833
"../../../../AerialExplorerVR/Intermediate/Cache/63608d5e-4e15fcb7-d07380b8-faa0054e-RGBToASTCOut.astc" 834
"../../../Engine/Content/MobileResources/HUD/MobileHUDDirectionPad2.uasset" 835
"../../../../AerialExplorerVR/Intermediate/Cache/c867429a-4c3a0b39-1b8fe68f-4dbbda54-RGBToASTCOut.astc" 836
"../../../../AerialExplorerVR/Intermediate/Cache/860d5d7c-47b30c82-4f4baaa9-302793e6-RGBToASTCOut.astc" 837
"../../../../AerialExplorerVR/Intermediate/Cache/1eaa8243-4e3ce9dc-e88a78b1-4d8c1bdc-RGBToASTCOut.astc" 838
"../../../../AerialExplorerVR/Intermediate/Cache/fdb8e002-464a9065-c227588b-22534e24-RGBToASTCOut.astc" 839
"../../../../AerialExplorerVR/Intermediate/Cache/65d54a84-44f45fb7-3809c9a8-01395702-RGBToASTCOut.astc" 840
"../../../../AerialExplorerVR/Intermediate/Cache/f88bd831-4259b7a0-83ce169b-bb3412f6-RGBToASTCOut.astc" 841
"../../../../AerialExplorerVR/Intermediate/Cache/806ecf1e-462625dc-4ad1ae8e-02adfa67-RGBToASTCOut.astc" 842
"../../../../AerialExplorerVR/Intermediate/Cache/06db185c-414e0b1d-ac373488-18512edc-RGBToASTCOut.astc" 843
"../../../../AerialExplorerVR/Intermediate/Cache/35350f18-46e92a68-02b1b284-f9d74bfc-RGBToASTCOut.astc" 844
"../../../Engine/Content/MobileResources/HUD/MobileHUDDirectionPad3.uasset" 845
"../../../../AerialExplorerVR/Intermediate/Cache/05626ae6-479343a3-ed0a6b8e-1051d575-RGBToASTCOut.astc" 846
"../../../../AerialExplorerVR/Intermediate/Cache/6e4c8c73-4fceac93-21fef4b8-b824a9c9-RGBToASTCOut.astc" 847
"../../../../AerialExplorerVR/Intermediate/Cache/dc71b7e5-424f7907-45435798-1c0ba1aa-RGBToASTCOut.astc" 848
"../../../../AerialExplorerVR/Intermediate/Cache/3892e63a-41b06077-33bae0bb-0e96a05c-RGBToASTCOut.astc" 849
"../../../../AerialExplorerVR/Intermediate/Cache/9398e97a-4ceaa253-7fcee0a4-a3933b5d-RGBToASTCOut.astc" 850
"../../../../AerialExplorerVR/Intermediate/Cache/4e2abbd7-41cc01b0-fd272986-1bf50b0a-RGBToASTCOut.astc" 851
"../../../../AerialExplorerVR/Intermediate/Cache/af192b21-41ae759f-bf1638a6-f17c8f2f-RGBToASTCOut.astc" 852
"../../../../AerialExplorerVR/Intermediate/Cache/57fbccd8-4de7cd7d-453ef39b-a19ecc80-RGBToASTCOut.astc" 853
"../../../../AerialExplorerVR/Intermediate/Cache/b1cd5f7c-48b9f00a-f21a33a3-e438c762-RGBToASTCOut.astc" 854
"../../../../AerialExplorerVR/Content/Eperimental/MAT_Unlit_White.uasset" 855
"../../../Engine/Content/Maps/Entry.umap" 856
"../../../Engine/Content/EngineMaterials/DefaultNormal.uasset" 857
"../../../../AerialExplorerVR/Intermediate/Cache/13ae9180-4cf7678e-4f9d2f8f-fc492a72-RGBToASTCOut.astc" 858
"../../../../AerialExplorerVR/Intermediate/Cache/470fc340-48f043df-c55fa59a-5ffe7a1c-RGBToASTCOut.astc" 859
"../../../../AerialExplorerVR/Intermediate/Cache/7aca4aa4-469d39cf-c41d9d98-c1d422d8-RGBToASTCOut.astc" 860
"../../../../AerialExplorerVR/Intermediate/Cache/4ac7e5de-47bd3985-954f3bbd-13665a46-RGBToASTCOut.astc" 861
"../../../../AerialExplorerVR/Intermediate/Cache/3f8580fb-4b70cb3a-d4a9bbbe-e378adef-RGBToASTCOut.astc" 862
"../../../../AerialExplorerVR/Intermediate/Cache/912d202a-424d68ac-6096e7b2-8f4f11e8-RGBToASTCOut.astc" 863
"../../../../AerialExplorerVR/Intermediate/Cache/8f104aae-4a1ad912-78a331a3-e90118c4-RGBToASTCOut.astc" 864
"../../../../AerialExplorerVR/Intermediate/Cache/12e44b96-4b7de6fa-1844b587-6a2d505b-RGBToASTCOut.astc" 865
"../../../../AerialExplorerVR/Intermediate/Cache/3295aa50-438609c1-a3a33bbe-ad447170-RGBToASTCOut.astc" 866
"../../../../AerialExplorerVR/Intermediate/Cache/ae286e6f-4b5d54e5-6dc26a91-7410bee2-RGBToASTCOut.astc" 867
"../../../../AerialExplorerVR/Intermediate/Cache/3e1da5c6-4dc29854-ad538bbe-583735db-RGBToASTCOut.astc" 868
"../../../../AerialExplorerVR/Content/Eperimental/ExperimentalLevel.umap" 869
"../../../Engine/Content/EngineSky/BP_Sky_Sphere.uasset" 870
"../../../Engine/Content/EditorBlueprintResources/StandardMacros.uasset" 871
"../../../Engine/Content/EngineSky/C_Sky_Cloud_Color.uasset" 872
"../../../Engine/Content/EngineSky/C_Sky_Horizon_Color.uasset" 873
"../../../Engine/Content/EngineSky/C_Sky_Zenith_Color.uasset" 874
"../../../Engine/Content/EngineSky/M_Sky_Panning_Clouds2.uasset" 875
"../../../Engine/Content/EngineSky/T_Sky_Blue.uasset" 876
"../../../Engine/Content/EngineSky/T_Sky_Clouds_M.uasset" 877
"../../../Engine/Content/EngineSky/T_Sky_Stars.uasset" 878
"../../../Engine/Content/EngineSky/SM_SkySphere.uasset" 879
"../../../Engine/Content/BasicShapes/Cone.uasset" 880
"../../../Engine/DerivedDataCache/0/2/0/PHYSX_$7B1F0627AE$2DABEB$2D4206$2D8D78$2DE16BEB5DDC7E$7D_PHYSXPC_C6D9C859491990DFFB9BC6AC73F8FA33__1_0_13107_0.udd" 881
"../../../Engine/DerivedDataCache/2/8/9/PHYSX_$7B1F0627AE$2DABEB$2D4206$2D8D78$2DE16BEB5DDC7E$7D_PHYSXPC_C45C8FF1493D81003D1742A1D7D4A5E8__1_0_13107_0.udd" 882
"../../../Engine/DerivedDataCache/6/3/5/STATICMESH_46A8778361B442A9523C54440EA1E9D_2C1BC8F50A7A43818AFE266EB43D9060_33__C9626E18FEEA71B421456355E1D36FD74DF68247.udd" 883
"../../../Engine/DerivedDataCache/5/2/6/STATICMESH_46A8778361B442A9523C54440EA1E9D_2C1BC8F50A7A43818AFE266EB43D9060_46__B3DDD924BF64812BAE101824593C6D61ABA9ECD6.udd" 884
"../../../Engine/DerivedDataCache/5/7/5/NAVCOLLISION_B89838347A4348138EE337A847529C5C_NAVCOLLISION_X_4AD4ABB94F54AE737__1AD325985EAB69AE9875BD3DAF0BC3D63336474C.udd" 885
"../../../Engine/DerivedDataCache/7/2/6/PHYSX_$7B1F0627AE$2DABEB$2D4206$2D8D78$2DE16BEB5DDC7E$7D_PHYSXPC_75170D5144485__E2098137E68B0327F4803F029969E346437CECAF.udd" 886
"../../../Engine/DerivedDataCache/5/3/2/NAVCOLLISION_B89838347A4348138EE337A847529C5C_NAVCOLLISION_X_75170D5144485F491__6C6D2642AD8BA4949A9DF2F628D911A6011998EB.udd" 887
"../../../Engine/Content/EditorResources/EmptyActor.uasset" 888
"../../../../AerialExplorerVR/Intermediate/Cache/309927d5-4c96161e-d0b852a6-18e3c943-RGBToASTCOut.astc" 889
"../../../../AerialExplorerVR/Intermediate/Cache/747c83a0-4af6df55-cc71f288-76478011-RGBToASTCOut.astc" 890
"../../../../AerialExplorerVR/Intermediate/Cache/eff24aab-4c63cdf7-6523429d-a8e7462b-RGBToASTCOut.astc" 891
"../../../../AerialExplorerVR/Intermediate/Cache/82853b76-4432e49e-26c3edbc-ab0e7ad1-RGBToASTCOut.astc" 892
"../../../../AerialExplorerVR/Intermediate/Cache/fb478717-4934991a-68b60e83-523dcacf-RGBToASTCOut.astc" 893
"../../../../AerialExplorerVR/Intermediate/Cache/c61a28fc-4bb9e8b1-32886e94-36c22aa4-RGBToASTCOut.astc" 894
"../../../../AerialExplorerVR/Intermediate/Cache/44a55fa7-4a29e46b-aa3e73b8-e665bc7c-RGBToASTCOut.astc" 895
"../../../../AerialExplorerVR/Intermediate/Cache/b185edf0-47e83795-2bfefc97-0f4335ef-RGBToASTCOut.astc" 896
"../../../../AerialExplorerVR/Intermediate/Cache/4b693daa-466f81c2-764011b0-a9458c5d-RGBToASTCOut.astc" 897
"../../../../AerialExplorerVR/Intermediate/Cache/d8be329a-4d23d861-3b02169b-e4713ffb-RGBToASTCOut.astc" 898
"../../../../AerialExplorerVR/Intermediate/Cache/f9f05bac-44fac6b2-233307bc-bb815c7b-RGBToASTCOut.astc" 899
"../../../../AerialExplorerVR/Intermediate/Cache/70dbbd98-407a01ff-e551188a-84bdb5ca-RGBToASTCOut.astc" 900
"../../../../AerialExplorerVR/Intermediate/Cache/d70765bb-433b8bed-dfa0a280-6b5da68c-RGBToASTCOut.astc" 901
"../../../../AerialExplorerVR/Intermediate/Cache/f6cccf27-4e77c0be-613d8c93-635c424a-RGBToASTCOut.astc" 902
"../../../../AerialExplorerVR/Intermediate/Cache/b82f9717-4e1a65ab-6dae9eb9-016bf7f4-RGBToASTCOut.astc" 903
"../../../../AerialExplorerVR/Intermediate/Cache/5b64d5fa-4c5a1f1c-e6690fbd-12e97875-RGBToASTCOut.astc" 904
"../../../../AerialExplorerVR/Intermediate/Cache/3e6cc897-4086ecd1-2a5f89a2-0525d8fb-RGBToASTCOut.astc" 905
"../../../../AerialExplorerVR/Intermediate/Cache/db2f16d1-4bd48f3b-40b72f8b-b81cbf22-RGBToASTCOut.astc" 906
"../../../../AerialExplorerVR/Intermediate/Cache/790e8637-484a6953-c6d77eb6-112488d6-RGBToASTCOut.astc" 907
"../../../../AerialExplorerVR/Intermediate/Cache/5bb7d205-484c687d-7a1b449e-ed7ef9e3-RGBToASTCOut.astc" 908
"../../../../AerialExplorerVR/Intermediate/Cache/8f069dac-40d4e879-e0e0afb9-8f375a4a-RGBToASTCOut.astc" 909
"../../../../AerialExplorerVR/Intermediate/Cache/396437e8-484c3b05-7b6655b7-dc8de40c-RGBToASTCOut.astc" 910
"../../../Engine/Content/MobileResources/HUD/MobileHUDButton3.uasset" 911
"../../../../AerialExplorerVR/Intermediate/Cache/1de90395-4988429f-a1f9e7ba-713205ab-RGBToASTCOut.astc" 912
"../../../../AerialExplorerVR/Intermediate/Cache/4dd08e25-4f0ba257-1f1e058e-18f39cb1-RGBToASTCOut.astc" 913
"../../../../AerialExplorerVR/Intermediate/Cache/2f8db964-443165c2-944a58aa-99c8ff84-RGBToASTCOut.astc" 914
"../../../../AerialExplorerVR/Intermediate/Cache/33136f51-40631301-47d0ec84-f6671013-RGBToASTCOut.astc" 915
"../../../../AerialExplorerVR/Intermediate/Cache/3d7826aa-4d1834ec-c18ee3a5-fba3ee77-RGBToASTCOut.astc" 916
"../../../../AerialExplorerVR/Intermediate/Cache/94309b45-4bf02dc4-8ebb81a5-75973712-RGBToASTCOut.astc" 917
"../../../Engine/DerivedDataCache/2/3/7/TEXTURE_814DCC3DC72143F49509781513CB9855_BGRA8_9E839E0E4933277AAB67FB869C14F9A__6C60276B70B9624A2973ABC8BB661D66EB844E8D.udd" 918
"../../../Engine/DerivedDataCache/5/7/5/TEXTURE_814DCC3DC72143F49509781513CB9855_BGRA8_9E839E0E4933277AAB67FB869C14F9A__7BC1922C2E345D1ABB0D1BC46468CD9FFCA2B7A5.udd" 919
"../../../Engine/DerivedDataCache/7/9/7/TEXTURE_814DCC3DC72143F49509781513CB9855_BGRA8_9E839E0E4933277AAB67FB869C14F9A__E5BDE673A03B9A061D3CB540CC12BEAC0CAC6739.udd" 920
"../../../Engine/Content/MobileResources/HUD/MobileHUDButton2_on.uasset" 921
"../../../../AerialExplorerVR/Intermediate/Cache/9a0c1283-4a0e2259-a4fa45ac-4d158630-RGBToASTCOut.astc" 922
"../../../../AerialExplorerVR/Intermediate/Cache/0278fd29-489bf85e-480ba49b-a2060e01-RGBToASTCOut.astc" 923
"../../../../AerialExplorerVR/Intermediate/Cache/22e7ec20-47b0c566-a5b0ed96-0e3a7b55-RGBToASTCOut.astc" 924
"../../../../AerialExplorerVR/Intermediate/Cache/798f61df-4fe527d1-f3d81ea2-df6530c0-RGBToASTCOut.astc" 925
"../../../../AerialExplorerVR/Intermediate/Cache/f1528d67-4ac78b68-07e0b1be-d6477eaa-RGBToASTCOut.astc" 926
"../../../../AerialExplorerVR/Intermediate/Cache/d20d4d9e-4ea639b1-17b6bb84-25c5a318-RGBToASTCOut.astc" 927
"../../../../AerialExplorerVR/Intermediate/Cache/4892ecc8-4ce8d044-260c59b4-28b0f26c-RGBToASTCOut.astc" 928
"../../../../AerialExplorerVR/Intermediate/Cache/e2d18e0f-4029486a-1578469e-0833208a-RGBToASTCOut.astc" 929
