"C:/Users/MarcelBlanck/Documents/GitHub/AerialExplorerVR/AerialExplorerVR.uproject" 1
"../../../Engine/Plugins/2D/Paper2D/Paper2D.uplugin" 2
"../../../Engine/Plugins/Developer/BlankPlugin/BlankPlugin.uplugin" 3
"../../../Engine/Plugins/Developer/GitSourceControl/GitSourceControl.uplugin" 4
"../../../Engine/Plugins/Developer/KDevelopSourceCodeAccess/KDevelopSourceCodeAccess.uplugin" 5
"../../../Engine/Plugins/Developer/NullSourceCodeAccess/NullSourceCodeAccess.uplugin" 6
"../../../Engine/Plugins/Developer/PerforceSourceControl/PerforceSourceControl.uplugin" 7
"../../../Engine/Plugins/Developer/SubversionSourceControl/SubversionSourceControl.uplugin" 8
"../../../Engine/Plugins/Developer/UObjectPlugin/UObjectPlugin.uplugin" 9
"../../../Engine/Plugins/Developer/VisualStudioSourceCodeAccess/VisualStudioSourceCodeAccess.uplugin" 10
"../../../Engine/Plugins/Developer/XCodeSourceCodeAccess/XCodeSourceCodeAccess.uplugin" 11
"../../../Engine/Plugins/Editor/EpicSurvey/EpicSurvey.uplugin" 12
"../../../Engine/Plugins/Editor/MacGraphicsSwitching/MacGraphicsSwitching.uplugin" 13
"../../../Engine/Plugins/Editor/PluginBrowser/PluginBrowser.uplugin" 14
"../../../Engine/Plugins/Editor/PluginCreator/PluginCreator.uplugin" 15
"../../../Engine/Plugins/Editor/SpeedTreeImporter/SpeedTreeImporter.uplugin" 16
"../../../Engine/Plugins/Experimental/BlueprintStats/BlueprintStats.uplugin" 17
"../../../Engine/Plugins/Experimental/CharacterAI/CharacterAI.uplugin" 18
"../../../Engine/Plugins/Experimental/CodeEditor/CodeEditor.uplugin" 19
"../../../Engine/Plugins/Experimental/CodeView/CodeView.uplugin" 20
"../../../Engine/Plugins/Experimental/HTML5Networking/HTML5Networking.uplugin" 21
"../../../Engine/Plugins/Experimental/LiveEditor/LiveEditor.uplugin" 22
"../../../Engine/Plugins/Experimental/Phya/Phya.uplugin" 23
"../../../Engine/Plugins/Experimental/SimpleHMD/SimpleHMD.uplugin" 24
"../../../Engine/Plugins/Experimental/StructBox/StructBox.uplugin" 25
"../../../Engine/Plugins/Media/AndroidMedia/AndroidMedia.uplugin" 26
"../../../Engine/Plugins/Media/AvfMedia/AvfMedia.uplugin" 27
"../../../Engine/Plugins/Media/MediaPlayerEditor/MediaPlayerEditor.uplugin" 28
"../../../Engine/Plugins/Media/WmfMedia/WmfMedia.uplugin" 29
"../../../Engine/Plugins/Messaging/MessagingDebugger/MessagingDebugger.uplugin" 30
"../../../Engine/Plugins/Messaging/UdpMessaging/UdpMessaging.uplugin" 31
"../../../Engine/Plugins/NetcodeUnitTest/NetcodeUnitTest/NetcodeUnitTest.uplugin" 32
"../../../Engine/Plugins/NetcodeUnitTest/NUTUnrealEngine4/NUTUnrealEngine4.uplugin" 33
"../../../Engine/Plugins/Runtime/Advertising/IOSTapJoy/IOSTapJoy.uplugin" 34
"../../../Engine/Plugins/Runtime/Analytics/AnalyticsBlueprintLibrary/AnalyticsBlueprintLibrary.uplugin" 35
"../../../Engine/Plugins/Runtime/Analytics/AnalyticsMulticast/AnalyticsMulticast.uplugin" 36
"../../../Engine/Plugins/Runtime/Analytics/Apsalar/IOSApsalar/IOSApsalar.uplugin" 37
"../../../Engine/Plugins/Runtime/Analytics/FileLogging/FileLogging.uplugin" 38
"../../../Engine/Plugins/Runtime/Analytics/Flurry/IOSFlurry/IOSFlurry.uplugin" 39
"../../../Engine/Plugins/Runtime/AndroidDeviceProfileSelector/AndroidDeviceProfileSelector.uplugin" 40
"../../../Engine/Plugins/Runtime/AndroidMoviePlayer/AndroidMoviePlayer.uplugin" 41
"../../../Engine/Plugins/Runtime/AppleMoviePlayer/AppleMoviePlayer.uplugin" 42
"../../../Engine/Plugins/Runtime/CableComponent/CableComponent.uplugin" 43
"../../../Engine/Plugins/Runtime/CustomMeshComponent/CustomMeshComponent.uplugin" 44
"../../../Engine/Plugins/Runtime/ExampleDeviceProfileSelector/ExampleDeviceProfileSelector.uplugin" 45
"../../../Engine/Plugins/Runtime/GearVR/GearVR.uplugin" 46
"../../../Engine/Plugins/Runtime/IOSDeviceProfileSelector/IOSDeviceProfileSelector.uplugin" 47
"../../../Engine/Plugins/Runtime/LeapMotionController/LeapMotionController.uplugin" 48
"../../../Engine/Plugins/Runtime/LiveEditorListenServer/LiveEditorListenServer.uplugin" 49
"../../../Engine/Plugins/Runtime/OculusAudio/OculusAudio.uplugin" 50
"../../../Engine/Plugins/Runtime/OculusRift/OculusRift.uplugin" 51
"../../../Engine/Plugins/Runtime/ProceduralMeshComponent/ProceduralMeshComponent.uplugin" 52
"../../../Engine/Plugins/Runtime/SoundMod/SoundMod.uplugin" 53
"../../../Engine/Plugins/Runtime/SoundVisualizations/SoundVisualizations.uplugin" 54
"../../../Engine/Plugins/Runtime/Steam/SteamController/SteamController.uplugin" 55
"../../../Engine/Plugins/Runtime/Steam/SteamVR/SteamVR.uplugin" 56
"../../../Engine/Plugins/Runtime/TwitchLiveStreaming/TwitchLiveStreaming.uplugin" 57
"../../../Engine/Plugins/Runtime/WebBrowserWidget/WebBrowserWidget.uplugin" 58
"../../../Engine/Plugins/Runtime/WindowsDeviceProfileSelector/WindowsDeviceProfileSelector.uplugin" 59
"../../../Engine/Plugins/Runtime/WindowsMoviePlayer/WindowsMoviePlayer.uplugin" 60
"../../../Engine/Plugins/ScriptGeneratorPlugin/ScriptGeneratorPlugin.uplugin" 61
"../../../Engine/Plugins/ScriptPlugin/ScriptPlugin.uplugin" 62
"../../../Engine/Plugins/Slate/SlateRemote/SlateRemote.uplugin" 63
"..\..\..\Engine\Content\Internationalization\icudt53l\cnvalias.icu" 64
"..\..\..\Engine\Content\Internationalization\icudt53l\en_US_POSIX.res" 65
"..\..\..\Engine\Content\Internationalization\icudt53l\pool.res" 66
"..\..\..\Engine\Content\Internationalization\icudt53l\en_US.res" 67
"..\..\..\Engine\Content\Internationalization\icudt53l\en.res" 68
"..\..\..\Engine\Content\Internationalization\icudt53l\root.res" 69
"..\..\..\Engine\Content\Internationalization\icudt53l\de_DE.res" 70
"..\..\..\Engine\Content\Internationalization\icudt53l\de.res" 71
"../../../Engine/Saved/Config/Windows/Manifest.ini" 72
"../../../Engine/Config/Base.ini" 73
"../../../Engine/Config/BaseEngine.ini" 74
"C:/Users/MarcelBlanck/Documents/GitHub/AerialExplorerVR/Config/DefaultEngine.ini" 75
"../../../Engine/Config/Windows/WindowsEngine.ini" 76
"C:/Users/MarcelBlanck/AppData/Local/Unreal Engine/Engine/Config/UserEngine.ini" 77
"C:/Users/MarcelBlanck/Documents/GitHub/AerialExplorerVR/Saved/Config/Windows/Engine.ini" 78
"../../../../AerialExplorerVR/Intermediate/Config/CoalescedSourceConfigs/Engine.ini" 79
"../../../Engine/Config/BaseGame.ini" 80
"C:/Users/MarcelBlanck/Documents/GitHub/AerialExplorerVR/Config/DefaultGame.ini" 81
"C:/Users/MarcelBlanck/Documents/GitHub/AerialExplorerVR/Saved/Config/Windows/Game.ini" 82
"../../../../AerialExplorerVR/Intermediate/Config/CoalescedSourceConfigs/Game.ini" 83
"../../../Engine/Config/BaseInput.ini" 84
"C:/Users/MarcelBlanck/Documents/GitHub/AerialExplorerVR/Config/DefaultInput.ini" 85
"C:/Users/MarcelBlanck/Documents/GitHub/AerialExplorerVR/Saved/Config/Windows/Input.ini" 86
"../../../../AerialExplorerVR/Intermediate/Config/CoalescedSourceConfigs/Input.ini" 87
"../../../Engine/Config/BaseEditor.ini" 88
"C:/Users/MarcelBlanck/Documents/GitHub/AerialExplorerVR/Config/DefaultEditor.ini" 89
"C:/Users/MarcelBlanck/Documents/GitHub/AerialExplorerVR/Saved/Config/Windows/Editor.ini" 90
"../../../../AerialExplorerVR/Intermediate/Config/CoalescedSourceConfigs/Editor.ini" 91
"../../../Engine/Config/BaseEditorPerProjectUserSettings.ini" 92
"C:/Users/MarcelBlanck/Documents/GitHub/AerialExplorerVR/Saved/Config/Windows/EditorPerProjectUserSettings.ini" 93
"../../../../AerialExplorerVR/Intermediate/Config/CoalescedSourceConfigs/EditorPerProjectUserSettings.ini" 94
"../../../Engine/Config/BaseEditorSettings.ini" 95
"../../../Engine/Saved/Config/Windows/EditorSettings.ini" 96
"../../../../AerialExplorerVR/Intermediate/Config/CoalescedSourceConfigs/EditorSettings.ini" 97
"../../../Engine/Config/BaseEditorLayout.ini" 98
"../../../Engine/Saved/Config/Windows/EditorLayout.ini" 99
"../../../../AerialExplorerVR/Intermediate/Config/CoalescedSourceConfigs/EditorLayout.ini" 100
"../../../Engine/Config/BaseEditorKeyBindings.ini" 101
"../../../Engine/Saved/Config/Windows/EditorKeyBindings.ini" 102
"../../../../AerialExplorerVR/Intermediate/Config/CoalescedSourceConfigs/EditorKeyBindings.ini" 103
"../../../Engine/Config/BaseCompat.ini" 104
"C:/Users/MarcelBlanck/Documents/GitHub/AerialExplorerVR/Saved/Config/Windows/Compat.ini" 105
"../../../../AerialExplorerVR/Intermediate/Config/CoalescedSourceConfigs/Compat.ini" 106
"../../../Engine/Config/BaseLightmass.ini" 107
"C:/Users/MarcelBlanck/Documents/GitHub/AerialExplorerVR/Saved/Config/Windows/Lightmass.ini" 108
"../../../../AerialExplorerVR/Intermediate/Config/CoalescedSourceConfigs/Lightmass.ini" 109
"../../../Engine/Config/BaseScalability.ini" 110
"C:/Users/MarcelBlanck/Documents/GitHub/AerialExplorerVR/Saved/Config/Windows/Scalability.ini" 111
"../../../../AerialExplorerVR/Intermediate/Config/CoalescedSourceConfigs/Scalability.ini" 112
"C:/Users/MarcelBlanck/Documents/GitHub/AerialExplorerVR/Saved/Config/Windows/GameUserSettings.ini" 113
"../../../../AerialExplorerVR/Intermediate/Config/CoalescedSourceConfigs/GameUserSettings.ini" 114
"../../../Engine/Config/BaseDeviceProfiles.ini" 115
"C:/Users/MarcelBlanck/Documents/GitHub/AerialExplorerVR/Saved/Config/Windows/DeviceProfiles.ini" 116
"../../../../AerialExplorerVR/Intermediate/Config/CoalescedSourceConfigs/DeviceProfiles.ini" 117
"../../../Engine/Config/ConsoleVariables.ini" 118
"..\..\..\Engine\Content\Internationalization\icudt53l\es.res" 119
"..\..\..\Engine\Content\Internationalization\icudt53l\ja.res" 120
"..\..\..\Engine\Content\Internationalization\icudt53l\ko.res" 121
"..\..\..\Engine\Content\Internationalization\icudt53l\pt_BR.res" 122
"..\..\..\Engine\Content\Internationalization\icudt53l\pt.res" 123
"..\..\..\Engine\Content\Internationalization\icudt53l\zh_CN.res" 124
"..\..\..\Engine\Content\Internationalization\icudt53l\zh_Hans_CN.res" 125
"..\..\..\Engine\Content\Internationalization\icudt53l\zh_Hans.res" 126
"..\..\..\Engine\Content\Internationalization\icudt53l\zh.res" 127
"C:/Users/MarcelBlanck/Documents/GitHub/UE4_AerialExplorerVR/Engine/Content/Localization/Engine/en/Engine.locres" 128
"C:/Users/MarcelBlanck/Documents/GitHub/UE4_AerialExplorerVR/Engine/Content/Localization/Editor/en/Editor.locres" 129
"C:/Users/MarcelBlanck/Documents/GitHub/UE4_AerialExplorerVR/Engine/Content/Localization/EditorTutorials/en/EditorTutorials.locres" 130
"C:/Users/MarcelBlanck/Documents/GitHub/UE4_AerialExplorerVR/Engine/Content/Localization/Keywords/en/Keywords.locres" 131
"C:/Users/MarcelBlanck/Documents/GitHub/UE4_AerialExplorerVR/Engine/Content/Localization/ToolTips/en/ToolTips.locres" 132
"C:/Users/MarcelBlanck/Documents/GitHub/UE4_AerialExplorerVR/Engine/Content/Localization/PropertyNames/en/PropertyNames.locres" 133
"../../../Engine/Content/Slate/Fonts/Roboto-Regular.ttf" 134
"../../../Engine/Content/Slate/Fonts/DroidSansMono.ttf" 135
"../../../Engine/Content/Slate/Fonts/Roboto-Bold.ttf" 136
"../../../Engine/Content/Slate/Fonts/Roboto-Light.ttf" 137
"C:/Users/MarcelBlanck/Documents/GitHub/UE4_AerialExplorerVR/Engine/Binaries/Win64/../../../Engine/Shaders/ParticleSpriteVertexFactory.usf" 138
"C:/Users/MarcelBlanck/Documents/GitHub/UE4_AerialExplorerVR/Engine/Binaries/Win64/../../../Engine/Shaders/VertexFactoryCommon.usf" 139
"C:/Users/MarcelBlanck/Documents/GitHub/UE4_AerialExplorerVR/Engine/Binaries/Win64/../../../Engine/Shaders/Common.usf" 140
"C:/Users/MarcelBlanck/Documents/GitHub/UE4_AerialExplorerVR/Engine/Binaries/Win64/../../../Engine/Shaders/MetalCommon.usf" 141
"C:/Users/MarcelBlanck/Documents/GitHub/UE4_AerialExplorerVR/Engine/Binaries/Win64/../../../Engine/Shaders/ShaderVersion.usf" 142
"C:/Users/MarcelBlanck/Documents/GitHub/UE4_AerialExplorerVR/Engine/Binaries/Win64/../../../Engine/Shaders/Definitions.usf" 143
"C:/Users/MarcelBlanck/Documents/GitHub/UE4_AerialExplorerVR/Engine/Binaries/Win64/../../../Engine/Shaders/Random.usf" 144
"C:/Users/MarcelBlanck/Documents/GitHub/UE4_AerialExplorerVR/Engine/Binaries/Win64/../../../Engine/Shaders/ParticleVertexFactoryCommon.usf" 145
"C:/Users/MarcelBlanck/Documents/GitHub/UE4_AerialExplorerVR/Engine/Binaries/Win64/../../../Engine/Shaders/ParticleGPUSpriteVertexFactory.usf" 146
"C:/Users/MarcelBlanck/Documents/GitHub/UE4_AerialExplorerVR/Engine/Binaries/Win64/../../../Engine/Shaders/ParticleBeamTrailVertexFactory.usf" 147
"C:/Users/MarcelBlanck/Documents/GitHub/UE4_AerialExplorerVR/Engine/Binaries/Win64/../../../Engine/Shaders/LocalVertexFactory.usf" 148
"C:/Users/MarcelBlanck/Documents/GitHub/UE4_AerialExplorerVR/Engine/Binaries/Win64/../../../Engine/Shaders/LocalVertexFactoryCommon.usf" 149
"C:/Users/MarcelBlanck/Documents/GitHub/UE4_AerialExplorerVR/Engine/Binaries/Win64/../../../Engine/Shaders/VectorFieldVisualizationVertexFactory.usf" 150
"C:/Users/MarcelBlanck/Documents/GitHub/UE4_AerialExplorerVR/Engine/Binaries/Win64/../../../Engine/Shaders/MeshParticleVertexFactory.usf" 151
"C:/Users/MarcelBlanck/Documents/GitHub/UE4_AerialExplorerVR/Engine/Binaries/Win64/../../../Engine/Shaders/GpuSkinVertexFactory.usf" 152
"C:/Users/MarcelBlanck/Documents/GitHub/UE4_AerialExplorerVR/Engine/Binaries/Win64/../../../Engine/Shaders/GpuSkinCacheCommon.usf" 153
"C:/Users/MarcelBlanck/Documents/GitHub/UE4_AerialExplorerVR/Engine/Binaries/Win64/../../../Engine/Shaders/LandscapeVertexFactory.usf" 154
"C:/Users/MarcelBlanck/Documents/GitHub/UE4_AerialExplorerVR/Engine/Binaries/Win64/../../../Engine/Shaders/SlateElementPixelShader.usf" 155
"C:/Users/MarcelBlanck/Documents/GitHub/UE4_AerialExplorerVR/Engine/Binaries/Win64/../../../Engine/Shaders/GammaCorrectionCommon.usf" 156
"C:/Users/MarcelBlanck/Documents/GitHub/UE4_AerialExplorerVR/Engine/Binaries/Win64/../../../Engine/Shaders/MaterialTemplate.usf" 157
"C:/Users/MarcelBlanck/Documents/GitHub/UE4_AerialExplorerVR/Engine/Binaries/Win64/../../../Engine/Shaders/DepthOfFieldCommon.usf" 158
"C:/Users/MarcelBlanck/Documents/GitHub/UE4_AerialExplorerVR/Engine/Binaries/Win64/../../../Engine/Shaders/SpeedTreeCommon.usf" 159
"C:/Users/MarcelBlanck/Documents/GitHub/UE4_AerialExplorerVR/Engine/Binaries/Win64/../../../Engine/Shaders/AtmosphereCommon.usf" 160
"C:/Users/MarcelBlanck/Documents/GitHub/UE4_AerialExplorerVR/Engine/Binaries/Win64/../../../Engine/Shaders/EyeAdaptationCommon.usf" 161
"C:/Users/MarcelBlanck/Documents/GitHub/UE4_AerialExplorerVR/Engine/Binaries/Win64/../../../Engine/Shaders/PostProcessCommon.usf" 162
"C:/Users/MarcelBlanck/Documents/GitHub/UE4_AerialExplorerVR/Engine/Binaries/Win64/../../../Engine/Shaders/DeferredShadingCommon.usf" 163
"C:/Users/MarcelBlanck/Documents/GitHub/UE4_AerialExplorerVR/Engine/Binaries/Win64/../../../Engine/Shaders/LightAccumulator.usf" 164
"C:/Users/MarcelBlanck/Documents/GitHub/UE4_AerialExplorerVR/Engine/Binaries/Win64/../../../Engine/Shaders/SlateVertexShader.usf" 165
"C:/Users/MarcelBlanck/Documents/GitHub/UE4_AerialExplorerVR/Engine/Binaries/Win64/../../../Engine/Shaders/ParticleSortKeyGen.usf" 166
"C:/Users/MarcelBlanck/Documents/GitHub/UE4_AerialExplorerVR/Engine/Binaries/Win64/../../../Engine/Shaders/ParticleBoundsShader.usf" 167
"C:/Users/MarcelBlanck/Documents/GitHub/UE4_AerialExplorerVR/Engine/Binaries/Win64/../../../Engine/Shaders/ParticleSimVisualizeShader.usf" 168
"C:/Users/MarcelBlanck/Documents/GitHub/UE4_AerialExplorerVR/Engine/Binaries/Win64/../../../Engine/Shaders/ParticleInjectionShader.usf" 169
"C:/Users/MarcelBlanck/Documents/GitHub/UE4_AerialExplorerVR/Engine/Binaries/Win64/../../../Engine/Shaders/ParticleSimulationShader.usf" 170
"C:/Users/MarcelBlanck/Documents/GitHub/UE4_AerialExplorerVR/Engine/Binaries/Win64/../../../Engine/Shaders/ParticleCurveInjectionShader.usf" 171
"C:/Users/MarcelBlanck/Documents/GitHub/UE4_AerialExplorerVR/Engine/Binaries/Win64/../../../Engine/Shaders/VectorFieldCompositeShaders.usf" 172
"C:/Users/MarcelBlanck/Documents/GitHub/UE4_AerialExplorerVR/Engine/Binaries/Win64/../../../Engine/Shaders/UpdateTextureShaders.usf" 173
"C:/Users/MarcelBlanck/Documents/GitHub/UE4_AerialExplorerVR/Engine/Binaries/Win64/../../../Engine/Shaders/SimpleElementColorChannelMaskPixelShader.usf" 174
"C:/Users/MarcelBlanck/Documents/GitHub/UE4_AerialExplorerVR/Engine/Binaries/Win64/../../../Engine/Shaders/SimpleElementHitProxyPixelShader.usf" 175
"C:/Users/MarcelBlanck/Documents/GitHub/UE4_AerialExplorerVR/Engine/Binaries/Win64/../../../Engine/Shaders/SimpleElementPixelShader.usf" 176
"C:/Users/MarcelBlanck/Documents/GitHub/UE4_AerialExplorerVR/Engine/Binaries/Win64/../../../Engine/Shaders/ColorUtils.usf" 177
"C:/Users/MarcelBlanck/Documents/GitHub/UE4_AerialExplorerVR/Engine/Binaries/Win64/../../../Engine/Shaders/IESLightProfilesCommon.usf" 178
"C:/Users/MarcelBlanck/Documents/GitHub/UE4_AerialExplorerVR/Engine/Binaries/Win64/../../../Engine/Shaders/SimpleElementVertexShader.usf" 179
"C:/Users/MarcelBlanck/Documents/GitHub/UE4_AerialExplorerVR/Engine/Binaries/Win64/../../../Engine/Shaders/ScreenVertexShader.usf" 180
"C:/Users/MarcelBlanck/Documents/GitHub/UE4_AerialExplorerVR/Engine/Binaries/Win64/../../../Engine/Shaders/ScreenPixelShader.usf" 181
"C:/Users/MarcelBlanck/Documents/GitHub/UE4_AerialExplorerVR/Engine/Binaries/Win64/../../../Engine/Shaders/RadixSortShaders.usf" 182
"C:/Users/MarcelBlanck/Documents/GitHub/UE4_AerialExplorerVR/Engine/Binaries/Win64/../../../Engine/Shaders/GpuSkinCacheComputeShader.usf" 183
"C:/Users/MarcelBlanck/Documents/GitHub/UE4_AerialExplorerVR/Engine/Binaries/Win64/../../../Engine/Shaders/NullPixelShader.usf" 184
"C:/Users/MarcelBlanck/Documents/GitHub/UE4_AerialExplorerVR/Engine/Binaries/Win64/../../../Engine/Shaders/LandscapeGrassWeight.usf" 185
"C:/Users/MarcelBlanck/Documents/GitHub/UE4_AerialExplorerVR/Engine/Binaries/Win64/../../../Engine/Shaders/VisualizeTexture.usf" 186
"C:/Users/MarcelBlanck/Documents/GitHub/UE4_AerialExplorerVR/Engine/Binaries/Win64/../../../Engine/Shaders/ScreenSpaceReflections.usf" 187
"C:/Users/MarcelBlanck/Documents/GitHub/UE4_AerialExplorerVR/Engine/Binaries/Win64/../../../Engine/Shaders/BRDF.usf" 188
"C:/Users/MarcelBlanck/Documents/GitHub/UE4_AerialExplorerVR/Engine/Binaries/Win64/../../../Engine/Shaders/MonteCarlo.usf" 189
"C:/Users/MarcelBlanck/Documents/GitHub/UE4_AerialExplorerVR/Engine/Binaries/Win64/../../../Engine/Shaders/ScreenSpaceRayCast.usf" 190
"C:/Users/MarcelBlanck/Documents/GitHub/UE4_AerialExplorerVR/Engine/Binaries/Win64/../../../Engine/Shaders/FilterVertexShader.usf" 191
"C:/Users/MarcelBlanck/Documents/GitHub/UE4_AerialExplorerVR/Engine/Binaries/Win64/../../../Engine/Shaders/FilterPixelShader.usf" 192
"C:/Users/MarcelBlanck/Documents/GitHub/UE4_AerialExplorerVR/Engine/Binaries/Win64/../../../Engine/Shaders/PostProcessVisualizeHDR.usf" 193
"C:/Users/MarcelBlanck/Documents/GitHub/UE4_AerialExplorerVR/Engine/Binaries/Win64/../../../Engine/Shaders/PostProcessHistogramCommon.usf" 194
"C:/Users/MarcelBlanck/Documents/GitHub/UE4_AerialExplorerVR/Engine/Binaries/Win64/../../../Engine/Shaders/TonemapCommon.usf" 195
"C:/Users/MarcelBlanck/Documents/GitHub/UE4_AerialExplorerVR/Engine/Binaries/Win64/../../../Engine/Shaders/ACES.usf" 196
"C:/Users/MarcelBlanck/Documents/GitHub/UE4_AerialExplorerVR/Engine/Binaries/Win64/../../../Engine/Shaders/MiniFontCommon.usf" 197
"C:/Users/MarcelBlanck/Documents/GitHub/UE4_AerialExplorerVR/Engine/Binaries/Win64/../../../Engine/Shaders/PostProcessVisualizeBuffer.usf" 198
"C:/Users/MarcelBlanck/Documents/GitHub/UE4_AerialExplorerVR/Engine/Binaries/Win64/../../../Engine/Shaders/PostProcessUpscale.usf" 199
"C:/Users/MarcelBlanck/Documents/GitHub/UE4_AerialExplorerVR/Engine/Binaries/Win64/../../../Engine/Shaders/PostProcessTonemap.usf" 200
"C:/Users/MarcelBlanck/Documents/GitHub/UE4_AerialExplorerVR/Engine/Binaries/Win64/../../../Engine/Shaders/PostProcessTestImage.usf" 201
"C:/Users/MarcelBlanck/Documents/GitHub/UE4_AerialExplorerVR/Engine/Binaries/Win64/../../../Engine/Shaders/PostProcessTemporalAA.usf" 202
"C:/Users/MarcelBlanck/Documents/GitHub/UE4_AerialExplorerVR/Engine/Binaries/Win64/../../../Engine/Shaders/PostProcessTemporalCommon.usf" 203
"C:/Users/MarcelBlanck/Documents/GitHub/UE4_AerialExplorerVR/Engine/Binaries/Win64/../../../Engine/Shaders/PostProcessSubsurface.usf" 204
"C:/Users/MarcelBlanck/Documents/GitHub/UE4_AerialExplorerVR/Engine/Binaries/Win64/../../../Engine/Shaders/SeparableSSS.usf" 205
"C:/Users/MarcelBlanck/Documents/GitHub/UE4_AerialExplorerVR/Engine/Binaries/Win64/../../../Engine/Shaders/PostProcessSelectionOutline.usf" 206
"C:/Users/MarcelBlanck/Documents/GitHub/UE4_AerialExplorerVR/Engine/Binaries/Win64/../../../Engine/Shaders/PostProcessSceneColorFringe.usf" 207
"C:/Users/MarcelBlanck/Documents/GitHub/UE4_AerialExplorerVR/Engine/Binaries/Win64/../../../Engine/Shaders/PostProcessNoiseBlur.usf" 208
"C:/Users/MarcelBlanck/Documents/GitHub/UE4_AerialExplorerVR/Engine/Binaries/Win64/../../../Engine/Shaders/PostProcessMotionBlur.usf" 209
"C:/Users/MarcelBlanck/Documents/GitHub/UE4_AerialExplorerVR/Engine/Binaries/Win64/../../../Engine/Shaders/PostProcessVelocityFlatten.usf" 210
"C:/Users/MarcelBlanck/Documents/GitHub/UE4_AerialExplorerVR/Engine/Binaries/Win64/../../../Engine/Shaders/PostProcessMobile.usf" 211
"C:/Users/MarcelBlanck/Documents/GitHub/UE4_AerialExplorerVR/Engine/Binaries/Win64/../../../Engine/Shaders/PostProcessMaterialShaders.usf" 212
"C:/Users/MarcelBlanck/Documents/GitHub/UE4_AerialExplorerVR/Engine/Binaries/Win64/../../../Engine/Shaders/PostProcessLensFlares.usf" 213
"C:/Users/MarcelBlanck/Documents/GitHub/UE4_AerialExplorerVR/Engine/Binaries/Win64/../../../Engine/Shaders/PostProcessLensBlur.usf" 214
"C:/Users/MarcelBlanck/Documents/GitHub/UE4_AerialExplorerVR/Engine/Binaries/Win64/../../../Engine/Shaders/PostProcessBloom.usf" 215
"C:/Users/MarcelBlanck/Documents/GitHub/UE4_AerialExplorerVR/Engine/Binaries/Win64/../../../Engine/Shaders/PostProcessHMD.usf" 216
"C:/Users/MarcelBlanck/Documents/GitHub/UE4_AerialExplorerVR/Engine/Binaries/Win64/../../../Engine/Shaders/PostProcessHistogramReduce.usf" 217
"C:/Users/MarcelBlanck/Documents/GitHub/UE4_AerialExplorerVR/Engine/Binaries/Win64/../../../Engine/Shaders/PostProcessHistogram.usf" 218
"C:/Users/MarcelBlanck/Documents/GitHub/UE4_AerialExplorerVR/Engine/Binaries/Win64/../../../Engine/Shaders/PostProcessGBufferHints.usf" 219
"C:/Users/MarcelBlanck/Documents/GitHub/UE4_AerialExplorerVR/Engine/Binaries/Win64/../../../Engine/Shaders/PostProcessEyeAdaptation.usf" 220
"C:/Users/MarcelBlanck/Documents/GitHub/UE4_AerialExplorerVR/Engine/Binaries/Win64/../../../Engine/Shaders/PostProcessDownsample.usf" 221
"C:/Users/MarcelBlanck/Documents/GitHub/UE4_AerialExplorerVR/Engine/Binaries/Win64/../../../Engine/Shaders/PostProcessDOF.usf" 222
"C:/Users/MarcelBlanck/Documents/GitHub/UE4_AerialExplorerVR/Engine/Binaries/Win64/../../../Engine/Shaders/PostProcessCompositeEditorPrimitives.usf" 223
"C:/Users/MarcelBlanck/Documents/GitHub/UE4_AerialExplorerVR/Engine/Binaries/Win64/../../../Engine/Shaders/PostProcessCombineLUTs.usf" 224
"C:/Users/MarcelBlanck/Documents/GitHub/UE4_AerialExplorerVR/Engine/Binaries/Win64/../../../Engine/Shaders/PostProcessBusyWait.usf" 225
"C:/Users/MarcelBlanck/Documents/GitHub/UE4_AerialExplorerVR/Engine/Binaries/Win64/../../../Engine/Shaders/PostProcessBokehDOF.usf" 226
"C:/Users/MarcelBlanck/Documents/GitHub/UE4_AerialExplorerVR/Engine/Binaries/Win64/../../../Engine/Shaders/FXAAShader.usf" 227
"C:/Users/MarcelBlanck/Documents/GitHub/UE4_AerialExplorerVR/Engine/Binaries/Win64/../../../Engine/Shaders/Fxaa3_11.usf" 228
"C:/Users/MarcelBlanck/Documents/GitHub/UE4_AerialExplorerVR/Engine/Binaries/Win64/../../../Engine/Shaders/PostProcessPassThrough.usf" 229
"C:/Users/MarcelBlanck/Documents/GitHub/UE4_AerialExplorerVR/Engine/Binaries/Win64/../../../Engine/Shaders/PostProcessLpvIndirect.usf" 230
"C:/Users/MarcelBlanck/Documents/GitHub/UE4_AerialExplorerVR/Engine/Binaries/Win64/../../../Engine/Shaders/DeferredLightingCommon.usf" 231
"C:/Users/MarcelBlanck/Documents/GitHub/UE4_AerialExplorerVR/Engine/Binaries/Win64/../../../Engine/Shaders/DynamicLightingCommon.usf" 232
"C:/Users/MarcelBlanck/Documents/GitHub/UE4_AerialExplorerVR/Engine/Binaries/Win64/../../../Engine/Shaders/LPVFinalPass.usf" 233
"C:/Users/MarcelBlanck/Documents/GitHub/UE4_AerialExplorerVR/Engine/Binaries/Win64/../../../Engine/Shaders/LPVCommon.usf" 234
"C:/Users/MarcelBlanck/Documents/GitHub/UE4_AerialExplorerVR/Engine/Binaries/Win64/../../../Engine/Shaders/DeferredDecal.usf" 235
"C:/Users/MarcelBlanck/Documents/GitHub/UE4_AerialExplorerVR/Engine/Binaries/Win64/../../../Engine/Shaders/PostProcessAmbientOcclusion.usf" 236
"C:/Users/MarcelBlanck/Documents/GitHub/UE4_AerialExplorerVR/Engine/Binaries/Win64/../../../Engine/Shaders/PostProcessAmbient.usf" 237
"C:/Users/MarcelBlanck/Documents/GitHub/UE4_AerialExplorerVR/Engine/Binaries/Win64/../../../Engine/Shaders/CubemapCommon.usf" 238
"C:/Users/MarcelBlanck/Documents/GitHub/UE4_AerialExplorerVR/Engine/Binaries/Win64/../../../Engine/Shaders/VelocityShader.usf" 239
"C:/Users/MarcelBlanck/Documents/GitHub/UE4_AerialExplorerVR/Engine/Binaries/Win64/../../../Engine/Shaders/VelocityCommon.usf" 240
"C:/Users/MarcelBlanck/Documents/GitHub/UE4_AerialExplorerVR/Engine/Binaries/Win64/../../../Engine/Shaders/Tessellation.usf" 241
"C:/Users/MarcelBlanck/Documents/GitHub/UE4_AerialExplorerVR/Engine/Binaries/Win64/../../../Engine/Shaders/FlatTessellation.usf" 242
"C:/Users/MarcelBlanck/Documents/GitHub/UE4_AerialExplorerVR/Engine/Binaries/Win64/../../../Engine/Shaders/PNTriangles.usf" 243
"C:/Users/MarcelBlanck/Documents/GitHub/UE4_AerialExplorerVR/Engine/Binaries/Win64/../../../Engine/Shaders/TranslucentLightingShaders.usf" 244
"C:/Users/MarcelBlanck/Documents/GitHub/UE4_AerialExplorerVR/Engine/Binaries/Win64/../../../Engine/Shaders/SHCommon.usf" 245
"C:/Users/MarcelBlanck/Documents/GitHub/UE4_AerialExplorerVR/Engine/Binaries/Win64/../../../Engine/Shaders/ShadowProjectionCommon.usf" 246
"C:/Users/MarcelBlanck/Documents/GitHub/UE4_AerialExplorerVR/Engine/Binaries/Win64/../../../Engine/Shaders/TranslucentLightInjectionShaders.usf" 247
"C:/Users/MarcelBlanck/Documents/GitHub/UE4_AerialExplorerVR/Engine/Binaries/Win64/../../../Engine/Shaders/LightFunctionCommon.usf" 248
"C:/Users/MarcelBlanck/Documents/GitHub/UE4_AerialExplorerVR/Engine/Binaries/Win64/../../../Engine/Shaders/TranslucentShadowDepthShaders.usf" 249
"C:/Users/MarcelBlanck/Documents/GitHub/UE4_AerialExplorerVR/Engine/Binaries/Win64/../../../Engine/Shaders/ShadowDepthCommon.usf" 250
"C:/Users/MarcelBlanck/Documents/GitHub/UE4_AerialExplorerVR/Engine/Binaries/Win64/../../../Engine/Shaders/TiledDeferredLightShaders.usf" 251
"C:/Users/MarcelBlanck/Documents/GitHub/UE4_AerialExplorerVR/Engine/Binaries/Win64/../../../Engine/Shaders/SurfelTree.usf" 252
"C:/Users/MarcelBlanck/Documents/GitHub/UE4_AerialExplorerVR/Engine/Binaries/Win64/../../../Engine/Shaders/DistanceFieldLightingShared.usf" 253
"C:/Users/MarcelBlanck/Documents/GitHub/UE4_AerialExplorerVR/Engine/Binaries/Win64/../../../Engine/Shaders/SurfelMaterialShared.usf" 254
"C:/Users/MarcelBlanck/Documents/GitHub/UE4_AerialExplorerVR/Engine/Binaries/Win64/../../../Engine/Shaders/DistanceFieldAOShared.usf" 255
"C:/Users/MarcelBlanck/Documents/GitHub/UE4_AerialExplorerVR/Engine/Binaries/Win64/../../../Engine/Shaders/ShadowProjectionPixelShader.usf" 256
"C:/Users/MarcelBlanck/Documents/GitHub/UE4_AerialExplorerVR/Engine/Binaries/Win64/../../../Engine/Shaders/ShadowFilteringCommon.usf" 257
"C:/Users/MarcelBlanck/Documents/GitHub/UE4_AerialExplorerVR/Engine/Binaries/Win64/../../../Engine/Shaders/ShadowProjectionVertexShader.usf" 258
"C:/Users/MarcelBlanck/Documents/GitHub/UE4_AerialExplorerVR/Engine/Binaries/Win64/../../../Engine/Shaders/ShadowDepthPixelShader.usf" 259
"C:/Users/MarcelBlanck/Documents/GitHub/UE4_AerialExplorerVR/Engine/Binaries/Win64/../../../Engine/Shaders/LPVWriteVplCommon.usf" 260
"C:/Users/MarcelBlanck/Documents/GitHub/UE4_AerialExplorerVR/Engine/Binaries/Win64/../../../Engine/Shaders/LPVWriteCommon.usf" 261
"C:/Users/MarcelBlanck/Documents/GitHub/UE4_AerialExplorerVR/Engine/Binaries/Win64/../../../Engine/Shaders/ShadowDepthVertexShader.usf" 262
"C:/Users/MarcelBlanck/Documents/GitHub/UE4_AerialExplorerVR/Engine/Binaries/Win64/../../../Engine/Shaders/ShaderComplexityApplyPixelShader.usf" 263
"C:/Users/MarcelBlanck/Documents/GitHub/UE4_AerialExplorerVR/Engine/Binaries/Win64/../../../Engine/Shaders/ShaderComplexityApplyVertexShader.usf" 264
"C:/Users/MarcelBlanck/Documents/GitHub/UE4_AerialExplorerVR/Engine/Binaries/Win64/../../../Engine/Shaders/ShaderComplexityAccumulatePixelShader.usf" 265
"C:/Users/MarcelBlanck/Documents/GitHub/UE4_AerialExplorerVR/Engine/Binaries/Win64/../../../Engine/Shaders/HZBOcclusion.usf" 266
"C:/Users/MarcelBlanck/Documents/GitHub/UE4_AerialExplorerVR/Engine/Binaries/Win64/../../../Engine/Shaders/OcclusionQueryVertexShader.usf" 267
"C:/Users/MarcelBlanck/Documents/GitHub/UE4_AerialExplorerVR/Engine/Binaries/Win64/../../../Engine/Shaders/HitProxyPixelShader.usf" 268
"C:/Users/MarcelBlanck/Documents/GitHub/UE4_AerialExplorerVR/Engine/Binaries/Win64/../../../Engine/Shaders/HitProxyVertexShader.usf" 269
"C:/Users/MarcelBlanck/Documents/GitHub/UE4_AerialExplorerVR/Engine/Binaries/Win64/../../../Engine/Shaders/ReflectionEnvironmentShaders.usf" 270
"C:/Users/MarcelBlanck/Documents/GitHub/UE4_AerialExplorerVR/Engine/Binaries/Win64/../../../Engine/Shaders/ReflectionEnvironmentShared.usf" 271
"C:/Users/MarcelBlanck/Documents/GitHub/UE4_AerialExplorerVR/Engine/Binaries/Win64/../../../Engine/Shaders/SkyLightingShared.usf" 272
"C:/Users/MarcelBlanck/Documents/GitHub/UE4_AerialExplorerVR/Engine/Binaries/Win64/../../../Engine/Shaders/ReflectionEnvironmentComputeShaders.usf" 273
"C:/Users/MarcelBlanck/Documents/GitHub/UE4_AerialExplorerVR/Engine/Binaries/Win64/../../../Engine/Shaders/LightShaftShader.usf" 274
"C:/Users/MarcelBlanck/Documents/GitHub/UE4_AerialExplorerVR/Engine/Binaries/Win64/../../../Engine/Shaders/StationaryLightOverlapShaders.usf" 275
"C:/Users/MarcelBlanck/Documents/GitHub/UE4_AerialExplorerVR/Engine/Binaries/Win64/../../../Engine/Shaders/DeferredLightPixelShaders.usf" 276
"C:/Users/MarcelBlanck/Documents/GitHub/UE4_AerialExplorerVR/Engine/Binaries/Win64/../../../Engine/Shaders/DeferredLightVertexShaders.usf" 277
"C:/Users/MarcelBlanck/Documents/GitHub/UE4_AerialExplorerVR/Engine/Binaries/Win64/../../../Engine/Shaders/LPVVisualise.usf" 278
"C:/Users/MarcelBlanck/Documents/GitHub/UE4_AerialExplorerVR/Engine/Binaries/Win64/../../../Engine/Shaders/LPVGeometryVolumeCommon.usf" 279
"C:/Users/MarcelBlanck/Documents/GitHub/UE4_AerialExplorerVR/Engine/Binaries/Win64/../../../Engine/Shaders/LPVDirectLightInject.usf" 280
"C:/Users/MarcelBlanck/Documents/GitHub/UE4_AerialExplorerVR/Engine/Binaries/Win64/../../../Engine/Shaders/LPVPropagate.usf" 281
"C:/Users/MarcelBlanck/Documents/GitHub/UE4_AerialExplorerVR/Engine/Binaries/Win64/../../../Engine/Shaders/LPVBuildGeometryVolume.usf" 282
"C:/Users/MarcelBlanck/Documents/GitHub/UE4_AerialExplorerVR/Engine/Binaries/Win64/../../../Engine/Shaders/LPVInject_AccumulateVplLists.usf" 283
"C:/Users/MarcelBlanck/Documents/GitHub/UE4_AerialExplorerVR/Engine/Binaries/Win64/../../../Engine/Shaders/LPVInject_GenerateVplLists.usf" 284
"C:/Users/MarcelBlanck/Documents/GitHub/UE4_AerialExplorerVR/Engine/Binaries/Win64/../../../Engine/Shaders/LPVClearLists.usf" 285
"C:/Users/MarcelBlanck/Documents/GitHub/UE4_AerialExplorerVR/Engine/Binaries/Win64/../../../Engine/Shaders/LPVClear.usf" 286
"C:/Users/MarcelBlanck/Documents/GitHub/UE4_AerialExplorerVR/Engine/Binaries/Win64/../../../Engine/Shaders/LightMapDensityShader.usf" 287
"C:/Users/MarcelBlanck/Documents/GitHub/UE4_AerialExplorerVR/Engine/Binaries/Win64/../../../Engine/Shaders/LightFunctionPixelShader.usf" 288
"C:/Users/MarcelBlanck/Documents/GitHub/UE4_AerialExplorerVR/Engine/Binaries/Win64/../../../Engine/Shaders/LightFunctionVertexShader.usf" 289
"C:/Users/MarcelBlanck/Documents/GitHub/UE4_AerialExplorerVR/Engine/Binaries/Win64/../../../Engine/Shaders/HeightfieldLighting.usf" 290
"C:/Users/MarcelBlanck/Documents/GitHub/UE4_AerialExplorerVR/Engine/Binaries/Win64/../../../Engine/Shaders/DistanceFieldShadowingShared.usf" 291
"C:/Users/MarcelBlanck/Documents/GitHub/UE4_AerialExplorerVR/Engine/Binaries/Win64/../../../Engine/Shaders/HdrCustomResolveShaders.usf" 292
"C:/Users/MarcelBlanck/Documents/GitHub/UE4_AerialExplorerVR/Engine/Binaries/Win64/../../../Engine/Shaders/GPUBenchmark.usf" 293
"C:/Users/MarcelBlanck/Documents/GitHub/UE4_AerialExplorerVR/Engine/Binaries/Win64/../../../Engine/Shaders/GammaCorrection.usf" 294
"C:/Users/MarcelBlanck/Documents/GitHub/UE4_AerialExplorerVR/Engine/Binaries/Win64/../../../Engine/Shaders/BasePassForForwardShadingPixelShader.usf" 295
"C:/Users/MarcelBlanck/Documents/GitHub/UE4_AerialExplorerVR/Engine/Binaries/Win64/../../../Engine/Shaders/BasePassForForwardShadingCommon.usf" 296
"C:/Users/MarcelBlanck/Documents/GitHub/UE4_AerialExplorerVR/Engine/Binaries/Win64/../../../Engine/Shaders/LightmapCommon.usf" 297
"C:/Users/MarcelBlanck/Documents/GitHub/UE4_AerialExplorerVR/Engine/Binaries/Win64/../../../Engine/Shaders/BasePassForForwardShadingVertexShader.usf" 298
"C:/Users/MarcelBlanck/Documents/GitHub/UE4_AerialExplorerVR/Engine/Binaries/Win64/../../../Engine/Shaders/HeightFogCommon.usf" 299
"C:/Users/MarcelBlanck/Documents/GitHub/UE4_AerialExplorerVR/Engine/Binaries/Win64/../../../Engine/Shaders/HeightFogPixelShader.usf" 300
"C:/Users/MarcelBlanck/Documents/GitHub/UE4_AerialExplorerVR/Engine/Binaries/Win64/../../../Engine/Shaders/HeightFogVertexShader.usf" 301
"C:/Users/MarcelBlanck/Documents/GitHub/UE4_AerialExplorerVR/Engine/Binaries/Win64/../../../Engine/Shaders/DistortAccumulatePS.usf" 302
"C:/Users/MarcelBlanck/Documents/GitHub/UE4_AerialExplorerVR/Engine/Binaries/Win64/../../../Engine/Shaders/DistortAccumulateVS.usf" 303
"C:/Users/MarcelBlanck/Documents/GitHub/UE4_AerialExplorerVR/Engine/Binaries/Win64/../../../Engine/Shaders/DistortApplyScreenPS.usf" 304
"C:/Users/MarcelBlanck/Documents/GitHub/UE4_AerialExplorerVR/Engine/Binaries/Win64/../../../Engine/Shaders/DistanceFieldSurfaceCacheLighting.usf" 305
"C:/Users/MarcelBlanck/Documents/GitHub/UE4_AerialExplorerVR/Engine/Binaries/Win64/../../../Engine/Shaders/SkyLighting.usf" 306
"C:/Users/MarcelBlanck/Documents/GitHub/UE4_AerialExplorerVR/Engine/Binaries/Win64/../../../Engine/Shaders/DistanceFieldGlobalIllumination.usf" 307
"C:/Users/MarcelBlanck/Documents/GitHub/UE4_AerialExplorerVR/Engine/Binaries/Win64/../../../Engine/Shaders/DistanceFieldLightingPost.usf" 308
"C:/Users/MarcelBlanck/Documents/GitHub/UE4_AerialExplorerVR/Engine/Binaries/Win64/../../../Engine/Shaders/DistanceFieldSurfaceCacheLightingCompute.usf" 309
"C:/Users/MarcelBlanck/Documents/GitHub/UE4_AerialExplorerVR/Engine/Binaries/Win64/../../../Engine/Shaders/DistanceFieldShadowing.usf" 310
"C:/Users/MarcelBlanck/Documents/GitHub/UE4_AerialExplorerVR/Engine/Binaries/Win64/../../../Engine/Shaders/DepthOnlyPixelShader.usf" 311
"C:/Users/MarcelBlanck/Documents/GitHub/UE4_AerialExplorerVR/Engine/Binaries/Win64/../../../Engine/Shaders/DepthOnlyVertexShader.usf" 312
"C:/Users/MarcelBlanck/Documents/GitHub/UE4_AerialExplorerVR/Engine/Binaries/Win64/../../../Engine/Shaders/PositionOnlyDepthVertexShader.usf" 313
"C:/Users/MarcelBlanck/Documents/GitHub/UE4_AerialExplorerVR/Engine/Binaries/Win64/../../../Engine/Shaders/DownsampleDepthPixelShader.usf" 314
"C:/Users/MarcelBlanck/Documents/GitHub/UE4_AerialExplorerVR/Engine/Binaries/Win64/../../../Engine/Shaders/EvaluateSurfelMaterial.usf" 315
"C:/Users/MarcelBlanck/Documents/GitHub/UE4_AerialExplorerVR/Engine/Binaries/Win64/../../../Engine/Shaders/ConvertToUniformMesh.usf" 316
"C:/Users/MarcelBlanck/Documents/GitHub/UE4_AerialExplorerVR/Engine/Binaries/Win64/../../../Engine/Shaders/BasePassPixelShader.usf" 317
"C:/Users/MarcelBlanck/Documents/GitHub/UE4_AerialExplorerVR/Engine/Binaries/Win64/../../../Engine/Shaders/BasePassCommon.usf" 318
"C:/Users/MarcelBlanck/Documents/GitHub/UE4_AerialExplorerVR/Engine/Binaries/Win64/../../../Engine/Shaders/ForEachLight.usf" 319
"C:/Users/MarcelBlanck/Documents/GitHub/UE4_AerialExplorerVR/Engine/Binaries/Win64/../../../Engine/Shaders/BasePassVertexShader.usf" 320
"C:/Users/MarcelBlanck/Documents/GitHub/UE4_AerialExplorerVR/Engine/Binaries/Win64/../../../Engine/Shaders/BasePassVertexCommon.usf" 321
"C:/Users/MarcelBlanck/Documents/GitHub/UE4_AerialExplorerVR/Engine/Binaries/Win64/../../../Engine/Shaders/BasePassTessellationShaders.usf" 322
"C:/Users/MarcelBlanck/Documents/GitHub/UE4_AerialExplorerVR/Engine/Binaries/Win64/../../../Engine/Shaders/AtmospherePrecompute.usf" 323
"C:/Users/MarcelBlanck/Documents/GitHub/UE4_AerialExplorerVR/Engine/Binaries/Win64/../../../Engine/Shaders/AtmospherePrecomputeCommon.usf" 324
"C:/Users/MarcelBlanck/Documents/GitHub/UE4_AerialExplorerVR/Engine/Binaries/Win64/../../../Engine/Shaders/AtmospherePrecomputeInscatter.usf" 325
"C:/Users/MarcelBlanck/Documents/GitHub/UE4_AerialExplorerVR/Engine/Binaries/Win64/../../../Engine/Shaders/AtmosphericFogShader.usf" 326
"C:/Users/MarcelBlanck/Documents/GitHub/UE4_AerialExplorerVR/Engine/Binaries/Win64/../../../Engine/Shaders/ResolveVertexShader.usf" 327
"C:/Users/MarcelBlanck/Documents/GitHub/UE4_AerialExplorerVR/Engine/Binaries/Win64/../../../Engine/Shaders/ResolvePixelShader.usf" 328
"C:/Users/MarcelBlanck/Documents/GitHub/UE4_AerialExplorerVR/Engine/Binaries/Win64/../../../Engine/Shaders/OneColorShader.usf" 329
"C:/Users/MarcelBlanck/Documents/GitHub/UE4_AerialExplorerVR/Engine/Binaries/Win64/../../../Engine/Shaders/ClearReplacementShaders.usf" 330
"C:/Users/MarcelBlanck/Documents/GitHub/UE4_AerialExplorerVR/Engine/Binaries/Win64/../../../Engine/Shaders/SimpleElementTexture2DPreviewPixelShader.usf" 331
"C:/Users/MarcelBlanck/Documents/GitHub/UE4_AerialExplorerVR/Engine/Binaries/Win64/../../../Engine/Shaders/SimpleElementNormalMapPixelShader.usf" 332
"C:/Users/MarcelBlanck/Documents/GitHub/UE4_AerialExplorerVR/Engine/Binaries/Win64/../../../Engine/Shaders/meshpaintdilatepixelshader.usf" 333
"C:/Users/MarcelBlanck/Documents/GitHub/UE4_AerialExplorerVR/Engine/Binaries/Win64/../../../Engine/Shaders/meshpaintdilatevertexshader.usf" 334
"C:/Users/MarcelBlanck/Documents/GitHub/UE4_AerialExplorerVR/Engine/Binaries/Win64/../../../Engine/Shaders/MeshPaintPixelShader.usf" 335
"C:/Users/MarcelBlanck/Documents/GitHub/UE4_AerialExplorerVR/Engine/Binaries/Win64/../../../Engine/Shaders/MeshPaintVertexShader.usf" 336
"../../../Engine/Config/Android/AndroidEngine.ini" 337
"../../../Engine/Config/HTML5/HTML5Engine.ini" 338
"../../../Engine/Config/IOS/IOSEngine.ini" 339
"../../../../AerialExplorerVR/DerivedDataCache/Boot.ddc" 340
"../../../Engine/Content/EngineFonts/Roboto.uasset" 341
"../../../Engine/Content/EngineMaterials/Widget3DPassThrough_Translucent.uasset" 342
"../../../Engine/Content/EngineMaterials/Widget3DPassThrough.uasset" 343
"../../../Engine/Content/EngineResources/WhiteSquareTexture.uasset" 344
"../../../Engine/Content/Functions/Engine_MaterialFunctions01/Shading/PowerToRoughness.uasset" 345
"../../../Engine/Content/Functions/Engine_MaterialFunctions01/Shading/ConvertFromDiffSpec.uasset" 346
"../../../Engine/Content/EngineMaterials/WorldGridMaterial.uasset" 347
"../../../Engine/Content/Functions/Engine_MaterialFunctions01/Opacity/CameraDepthFade.uasset" 348
"../../../Engine/Content/EngineMaterials/T_Default_Material_Grid_M.uasset" 349
"../../../Engine/Content/EngineMaterials/T_Default_Material_Grid_N.uasset" 350
"../../../Engine/Content/EngineMaterials/DefaultDeferredDecalMaterial.uasset" 351
"../../../Engine/Content/EngineMaterials/DefaultDiffuse.uasset" 352
"../../../Engine/Content/EngineMaterials/DefaultLightFunctionMaterial.uasset" 353
"../../../Engine/Content/EngineMaterials/DefaultPostProcessMaterial.uasset" 354
"../../../Engine/Content/Functions/Engine_MaterialFunctions02/Utility/BreakOutFloat2Components.uasset" 355
"../../../Engine/Content/EngineResources/DefaultTexture.uasset" 356
"../../../Engine/Content/EngineMaterials/Widget3DPassThrough_Translucent_OneSided.uasset" 357
"../../../Engine/Content/EngineMaterials/Widget3DPassThrough_Opaque.uasset" 358
"../../../Engine/Content/EngineMaterials/Widget3DPassThrough_Opaque_OneSided.uasset" 359
"../../../Engine/Content/EditorResources/S_Actor.uasset" 360
"../../../Engine/Content/Maps/Templates/Thumbnails/Default.uasset" 361
"../../../Engine/Content/EditorMaterials/ParticleSystems/PSysThumbnail_NoImage.uasset" 362
"../../../Engine/Content/EditorMaterials/ParticleSystems/PSysThumbnail_OOD.uasset" 363
"../../../Engine/Content/EditorLandscapeResources/DataLayer.uasset" 364
"../../../Engine/Content/EngineDamageTypes/DmgTypeBP_Environmental.uasset" 365
"..\..\..\Engine\Content\Internationalization\icudt53l\numberingSystems.res" 366
"..\..\..\Engine\Content\Internationalization\icudt53l\curr\supplementalData.res" 367
"..\..\..\Engine\Content\Internationalization\icudt53l\curr\pool.res" 368
"..\..\..\Engine\Content\Internationalization\icudt53l\curr\en.res" 369
"..\..\..\Engine\Content\Internationalization\icudt53l\curr\root.res" 370
"../../../Engine/Content/EngineMeshes/Sphere.uasset" 371
"../../../Engine/Content/EngineFonts/RobotoDistanceField.uasset" 372
"../../../Engine/Content/EngineMaterials/DefaultTextMaterialOpaque.uasset" 373
"../../../Engine/Content/EditorResources/S_Trigger.uasset" 374
"../../../Engine/Content/EngineResources/GradientTexture0.uasset" 375
"../../../Engine/Content/EngineResources/Black.uasset" 376
"../../../Engine/Content/EditorMaterials/MatineeGroups/MAT_Groups_Float.uasset" 377
"../../../Engine/Content/EditorMaterials/MatineeGroups/MAT_Groups_Director.uasset" 378
"../../../Engine/Content/EditorMaterials/MatineeGroups/MAT_Groups_Event.uasset" 379
"../../../Engine/Content/EditorMaterials/MatineeGroups/MAT_Groups_Anim.uasset" 380
"../../../Engine/Content/EditorMaterials/MatineeGroups/MAT_Groups_Fade.uasset" 381
"../../../Engine/Content/EditorMaterials/MatineeGroups/MAT_Groups_Move.uasset" 382
"../../../Engine/Content/EditorMaterials/MatineeGroups/MAT_Groups_Slomo.uasset" 383
"../../../Engine/Content/EditorMaterials/MatineeGroups/MAT_ColorTrack.uasset" 384
"../../../Engine/Content/EditorMaterials/MAT_Groups_Toggle.uasset" 385
"../../../Engine/Content/EditorMaterials/MatineeGroups/MAT_Groups_AudioMaster.uasset" 386
"../../../Engine/Content/EditorMaterials/MatineeGroups/MAT_Groups_Sound.uasset" 387
"../../../Engine/Content/EditorMaterials/MatineeGroups/MAT_Groups_Vector.uasset" 388
"../../../Engine/Content/EditorMaterials/MAT_Groups_Visibility.uasset" 389
"../../../Engine/Content/EngineResources/DefaultTextureCube.uasset" 390
"../../../Engine/Content/EngineSounds/Master.uasset" 391
"../../../Engine/Content/EngineSounds/Music.uasset" 392
"../../../Engine/Content/EngineSounds/SFX.uasset" 393
"../../../Engine/Content/EngineSounds/Normal_Attack.uasset" 394
"../../../Engine/Content/EngineSounds/Special_Attack_PSM.uasset" 395
"../../../Engine/Content/EngineSounds/Duck_Normal_Attack_MixMod.uasset" 396
"../../../Engine/Content/EngineSounds/Voice.uasset" 397
"../../../Engine/Content/EngineMeshes/Cylinder.uasset" 398
"../../../Engine/Content/EngineMaterials/DefaultMaterial.uasset" 399
"../../../Engine/Content/EngineTireTypes/DefaultTireType.uasset" 400
"../../../Engine/Content/Editor/Slate/Fonts/FontAwesome.ttf" 401
"../../../Engine/Content/Editor/Slate/Fonts/DroidSansMono.ttf" 402
"../../../Engine/Content/Editor/Slate/Fonts/Roboto-BoldCondensed.ttf" 403
"../../../Engine/Content/Editor/Slate/Fonts/Roboto-Black.ttf" 404
"../../../Engine/Content/Editor/Slate/Fonts/Roboto-Italic.ttf" 405
"../../../Engine/Content/Editor/Slate/Fonts/Roboto-BoldCondensedItalic.ttf" 406
"..\..\..\Engine\Content\Internationalization\icudt53l\coll\ucadata.icu" 407
"..\..\..\Engine\Content\Internationalization\icudt53l\nfc.nrm" 408
"..\..\..\Engine\Content\Internationalization\icudt53l\coll\en.res" 409
"..\..\..\Engine\Content\Internationalization\icudt53l\coll\root.res" 410
"../../../Engine/Content/EngineResources/AICON-Red.uasset" 411
"../../../Engine/Content/EngineResources/AICON-Green.uasset" 412
"../../../Engine/Content/EngineMaterials/RemoveSurfaceMaterial.uasset" 413
"../../../Engine/Content/EngineDebugMaterials/DebugMeshMaterial.uasset" 414
"../../../Engine/Content/EngineMaterials/M_InvalidLightmapSettings.uasset" 415
"../../../Engine/Content/EngineMaterials/InvalidLightmapSettings.uasset" 416
"../../../Engine/Content/EditorMaterials/GizmoMaterial.uasset" 417
"../../../Engine/Content/EngineMaterials/Good64x64TilingNoiseHighFreq.uasset" 418
"../../../Engine/Content/EngineMaterials/DefaultBokeh.uasset" 419
"../../../Engine/Content/EngineMaterials/PreintegratedSkinBRDF.uasset" 420
"../../../Engine/Content/EngineMaterials/MiniFont.uasset" 421
"../../../Engine/Content/EngineMaterials/WeightMapPlaceholderTexture.uasset" 422
"../../../Engine/Content/EngineMaterials/DefaultWhiteGrid.uasset" 423
"../../../Engine/Content/EngineMaterials/DefaultPhysicalMaterial.uasset" 424
"../../../Engine/Content/EngineFonts/RobotoTiny.uasset" 425
"../../../../AerialExplorerVR/Intermediate/CachedAssetRegistry.bin" 426
"../../../../AerialExplorerVR/Content/Eperimental/ExperimentalLevel.umap" 427
"../../../../AerialExplorerVR/Saved/Cooked/Android_ETC2/AerialExplorerVR/Content/Eperimental/ExperimentalLevel.umap" 428
"../../../../AerialExplorerVR/Saved/Cooked/Android_ETC2/Engine/Content/EditorBlueprintResources/StandardMacros.uasset" 429
"../../../../AerialExplorerVR/Saved/Cooked/Android_ETC2/Engine/Content/EditorLandscapeResources/DataLayer.uasset" 430
"../../../../AerialExplorerVR/Saved/Cooked/Android_ETC2/Engine/Content/EditorMaterials/GizmoMaterial.uasset" 431
"../../../../AerialExplorerVR/Saved/Cooked/Android_ETC2/Engine/Content/EditorMaterials/MAT_Groups_Toggle.uasset" 432
"../../../../AerialExplorerVR/Saved/Cooked/Android_ETC2/Engine/Content/EditorMaterials/MAT_Groups_Visibility.uasset" 433
"../../../../AerialExplorerVR/Saved/Cooked/Android_ETC2/Engine/Content/EditorMaterials/PhAT_JointLimitMaterial.uasset" 434
"../../../../AerialExplorerVR/Saved/Cooked/Android_ETC2/Engine/Content/EditorMaterials/PreviewShadowIndicator.uasset" 435
"../../../../AerialExplorerVR/Saved/Cooked/Android_ETC2/Engine/Content/EditorMaterials/PreviewShadowIndicatorMaterial.uasset" 436
"../../../../AerialExplorerVR/Saved/Cooked/Android_ETC2/Engine/Content/EditorMaterials/MatineeGroups/MAT_ColorTrack.uasset" 437
"../../../../AerialExplorerVR/Saved/Cooked/Android_ETC2/Engine/Content/EditorMaterials/MatineeGroups/MAT_Groups_Anim.uasset" 438
"../../../../AerialExplorerVR/Saved/Cooked/Android_ETC2/Engine/Content/EditorMaterials/MatineeGroups/MAT_Groups_AudioMaster.uasset" 439
"../../../../AerialExplorerVR/Saved/Cooked/Android_ETC2/Engine/Content/EditorMaterials/MatineeGroups/MAT_Groups_Director.uasset" 440
"../../../../AerialExplorerVR/Saved/Cooked/Android_ETC2/Engine/Content/EditorMaterials/MatineeGroups/MAT_Groups_Event.uasset" 441
"../../../../AerialExplorerVR/Saved/Cooked/Android_ETC2/Engine/Content/EditorMaterials/MatineeGroups/MAT_Groups_Fade.uasset" 442
"../../../../AerialExplorerVR/Saved/Cooked/Android_ETC2/Engine/Content/EditorMaterials/MatineeGroups/MAT_Groups_Float.uasset" 443
"../../../../AerialExplorerVR/Saved/Cooked/Android_ETC2/Engine/Content/EditorMaterials/MatineeGroups/MAT_Groups_Move.uasset" 444
"../../../../AerialExplorerVR/Saved/Cooked/Android_ETC2/Engine/Content/EditorMaterials/MatineeGroups/MAT_Groups_Slomo.uasset" 445
"../../../../AerialExplorerVR/Saved/Cooked/Android_ETC2/Engine/Content/EditorMaterials/MatineeGroups/MAT_Groups_Sound.uasset" 446
"../../../../AerialExplorerVR/Saved/Cooked/Android_ETC2/Engine/Content/EditorMaterials/MatineeGroups/MAT_Groups_Vector.uasset" 447
"../../../../AerialExplorerVR/Saved/Cooked/Android_ETC2/Engine/Content/EditorMaterials/ParticleSystems/PSysThumbnail_NoImage.uasset" 448
"../../../../AerialExplorerVR/Saved/Cooked/Android_ETC2/Engine/Content/EditorMaterials/ParticleSystems/PSysThumbnail_OOD.uasset" 449
"../../../../AerialExplorerVR/Saved/Cooked/Android_ETC2/Engine/Content/EditorMeshes/ColorCalibrator/M_ChromeBall.uasset" 450
"../../../../AerialExplorerVR/Saved/Cooked/Android_ETC2/Engine/Content/EditorMeshes/ColorCalibrator/M_ClearCoat.uasset" 451
"../../../../AerialExplorerVR/Saved/Cooked/Android_ETC2/Engine/Content/EditorMeshes/ColorCalibrator/M_ClearCoatBlack.uasset" 452
"../../../../AerialExplorerVR/Saved/Cooked/Android_ETC2/Engine/Content/EditorMeshes/ColorCalibrator/M_ColorGrid.uasset" 453
"../../../../AerialExplorerVR/Saved/Cooked/Android_ETC2/Engine/Content/EditorMeshes/ColorCalibrator/M_GreyBall.uasset" 454
"../../../../AerialExplorerVR/Saved/Cooked/Android_ETC2/Engine/Content/EditorMeshes/ColorCalibrator/SM_ColorCalibrator.uasset" 455
"../../../../AerialExplorerVR/Saved/Cooked/Android_ETC2/Engine/Content/EditorMeshes/ColorCalibrator/T_ColorGrid.uasset" 456
"../../../../AerialExplorerVR/Saved/Cooked/Android_ETC2/Engine/Content/EditorResources/BSPVertex.uasset" 457
"../../../../AerialExplorerVR/Saved/Cooked/Android_ETC2/Engine/Content/EditorResources/EmptyActor.uasset" 458
"../../../../AerialExplorerVR/Saved/Cooked/Android_ETC2/Engine/Content/EditorResources/S_Actor.uasset" 459
"../../../../AerialExplorerVR/Saved/Cooked/Android_ETC2/Engine/Content/EditorResources/S_Trigger.uasset" 460
"../../../../AerialExplorerVR/Saved/Cooked/Android_ETC2/Engine/Content/EngineDamageTypes/DmgTypeBP_Environmental.uasset" 461
"../../../../AerialExplorerVR/Saved/Cooked/Android_ETC2/Engine/Content/EngineDebugMaterials/BoneWeightMaterial.uasset" 462
"../../../../AerialExplorerVR/Saved/Cooked/Android_ETC2/Engine/Content/EngineDebugMaterials/DebugMeshMaterial.uasset" 463
"../../../../AerialExplorerVR/Saved/Cooked/Android_ETC2/Engine/Content/EngineDebugMaterials/GeomMaterial.uasset" 464
"../../../../AerialExplorerVR/Saved/Cooked/Android_ETC2/Engine/Content/EngineDebugMaterials/HeatmapGradient.uasset" 465
"../../../../AerialExplorerVR/Saved/Cooked/Android_ETC2/Engine/Content/EngineDebugMaterials/LevelColorationLitMaterial.uasset" 466
"../../../../AerialExplorerVR/Saved/Cooked/Android_ETC2/Engine/Content/EngineDebugMaterials/LevelColorationUnlitMaterial.uasset" 467
"../../../../AerialExplorerVR/Saved/Cooked/Android_ETC2/Engine/Content/EngineDebugMaterials/MAT_LevelColorationLitLightmapUV.uasset" 468
"../../../../AerialExplorerVR/Saved/Cooked/Android_ETC2/Engine/Content/EngineDebugMaterials/ShadedLevelColorationLitMaterial.uasset" 469
"../../../../AerialExplorerVR/Saved/Cooked/Android_ETC2/Engine/Content/EngineDebugMaterials/ShadedLevelColorationUnlitMateri.uasset" 470
"../../../../AerialExplorerVR/Saved/Cooked/Android_ETC2/Engine/Content/EngineDebugMaterials/VertexColorMaterial.uasset" 471
"../../../../AerialExplorerVR/Saved/Cooked/Android_ETC2/Engine/Content/EngineDebugMaterials/VertexColorViewMode_AlphaAsColor.uasset" 472
"../../../../AerialExplorerVR/Saved/Cooked/Android_ETC2/Engine/Content/EngineDebugMaterials/VertexColorViewMode_BlueOnly.uasset" 473
"../../../../AerialExplorerVR/Saved/Cooked/Android_ETC2/Engine/Content/EngineDebugMaterials/VertexColorViewMode_ColorOnly.uasset" 474
"../../../../AerialExplorerVR/Saved/Cooked/Android_ETC2/Engine/Content/EngineDebugMaterials/VertexColorViewMode_GreenOnly.uasset" 475
"../../../../AerialExplorerVR/Saved/Cooked/Android_ETC2/Engine/Content/EngineDebugMaterials/VertexColorViewMode_RedOnly.uasset" 476
"../../../../AerialExplorerVR/Saved/Cooked/Android_ETC2/Engine/Content/EngineDebugMaterials/WireframeMaterial.uasset" 477
"../../../../AerialExplorerVR/Saved/Cooked/Android_ETC2/Engine/Content/EngineFonts/Roboto.uasset" 478
"../../../../AerialExplorerVR/Saved/Cooked/Android_ETC2/Engine/Content/EngineFonts/RobotoDistanceField.uasset" 479
"../../../../AerialExplorerVR/Saved/Cooked/Android_ETC2/Engine/Content/EngineFonts/RobotoTiny.uasset" 480
"../../../../AerialExplorerVR/Saved/Cooked/Android_ETC2/Engine/Content/EngineMaterials/DefaultBokeh.uasset" 481
"../../../../AerialExplorerVR/Saved/Cooked/Android_ETC2/Engine/Content/EngineMaterials/DefaultDeferredDecalMaterial.uasset" 482
"../../../../AerialExplorerVR/Saved/Cooked/Android_ETC2/Engine/Content/EngineMaterials/DefaultDiffuse.uasset" 483
"../../../../AerialExplorerVR/Saved/Cooked/Android_ETC2/Engine/Content/EngineMaterials/DefaultLightFunctionMaterial.uasset" 484
"../../../../AerialExplorerVR/Saved/Cooked/Android_ETC2/Engine/Content/EngineMaterials/DefaultMaterial.uasset" 485
"../../../../AerialExplorerVR/Saved/Cooked/Android_ETC2/Engine/Content/EngineMaterials/DefaultNormal.uasset" 486
"../../../../AerialExplorerVR/Saved/Cooked/Android_ETC2/Engine/Content/EngineMaterials/DefaultPhysicalMaterial.uasset" 487
"../../../../AerialExplorerVR/Saved/Cooked/Android_ETC2/Engine/Content/EngineMaterials/DefaultPostProcessMaterial.uasset" 488
"../../../../AerialExplorerVR/Saved/Cooked/Android_ETC2/Engine/Content/EngineMaterials/DefaultTextMaterialOpaque.uasset" 489
"../../../../AerialExplorerVR/Saved/Cooked/Android_ETC2/Engine/Content/EngineMaterials/DefaultWhiteGrid.uasset" 490
"../../../../AerialExplorerVR/Saved/Cooked/Android_ETC2/Engine/Content/EngineMaterials/EditorBrushMaterial.uasset" 491
"../../../../AerialExplorerVR/Saved/Cooked/Android_ETC2/Engine/Content/EngineMaterials/Good64x64TilingNoiseHighFreq.uasset" 492
"../../../../AerialExplorerVR/Saved/Cooked/Android_ETC2/Engine/Content/EngineMaterials/InvalidLightmapSettings.uasset" 493
"../../../../AerialExplorerVR/Saved/Cooked/Android_ETC2/Engine/Content/EngineMaterials/MiniFont.uasset" 494
"../../../../AerialExplorerVR/Saved/Cooked/Android_ETC2/Engine/Content/EngineMaterials/M_InvalidLightmapSettings.uasset" 495
"../../../../AerialExplorerVR/Saved/Cooked/Android_ETC2/Engine/Content/EngineMaterials/PreintegratedSkinBRDF.uasset" 496
"../../../../AerialExplorerVR/Saved/Cooked/Android_ETC2/Engine/Content/EngineMaterials/RemoveSurfaceMaterial.uasset" 497
"../../../../AerialExplorerVR/Saved/Cooked/Android_ETC2/Engine/Content/EngineMaterials/T_Default_Material_Grid_M.uasset" 498
"../../../../AerialExplorerVR/Saved/Cooked/Android_ETC2/Engine/Content/EngineMaterials/T_Default_Material_Grid_N.uasset" 499
"../../../../AerialExplorerVR/Saved/Cooked/Android_ETC2/Engine/Content/EngineMaterials/WeightMapPlaceholderTexture.uasset" 500
"../../../../AerialExplorerVR/Saved/Cooked/Android_ETC2/Engine/Content/EngineMaterials/Widget3DPassThrough.uasset" 501
"../../../../AerialExplorerVR/Saved/Cooked/Android_ETC2/Engine/Content/EngineMaterials/Widget3DPassThrough_Opaque.uasset" 502
"../../../../AerialExplorerVR/Saved/Cooked/Android_ETC2/Engine/Content/EngineMaterials/Widget3DPassThrough_Opaque_OneSided.uasset" 503
"../../../../AerialExplorerVR/Saved/Cooked/Android_ETC2/Engine/Content/EngineMaterials/Widget3DPassThrough_Translucent.uasset" 504
"../../../../AerialExplorerVR/Saved/Cooked/Android_ETC2/Engine/Content/EngineMaterials/Widget3DPassThrough_Translucent_OneSided.uasset" 505
"../../../../AerialExplorerVR/Saved/Cooked/Android_ETC2/Engine/Content/EngineMaterials/WorldGridMaterial.uasset" 506
"../../../../AerialExplorerVR/Saved/Cooked/Android_ETC2/Engine/Content/EngineMeshes/Cylinder.uasset" 507
"../../../../AerialExplorerVR/Saved/Cooked/Android_ETC2/Engine/Content/EngineMeshes/Sphere.uasset" 508
"../../../../AerialExplorerVR/Saved/Cooked/Android_ETC2/Engine/Content/EngineResources/AICON-Green.uasset" 509
"../../../../AerialExplorerVR/Saved/Cooked/Android_ETC2/Engine/Content/EngineResources/AICON-Red.uasset" 510
"../../../../AerialExplorerVR/Saved/Cooked/Android_ETC2/Engine/Content/EngineResources/Black.uasset" 511
"../../../../AerialExplorerVR/Saved/Cooked/Android_ETC2/Engine/Content/EngineResources/DefaultTexture.uasset" 512
"../../../../AerialExplorerVR/Saved/Cooked/Android_ETC2/Engine/Content/EngineResources/DefaultTextureCube.uasset" 513
"../../../../AerialExplorerVR/Saved/Cooked/Android_ETC2/Engine/Content/EngineResources/GradientTexture0.uasset" 514
"../../../../AerialExplorerVR/Saved/Cooked/Android_ETC2/Engine/Content/EngineResources/WhiteSquareTexture.uasset" 515
"../../../../AerialExplorerVR/Saved/Cooked/Android_ETC2/Engine/Content/EngineSky/BP_Sky_Sphere.uasset" 516
"../../../../AerialExplorerVR/Saved/Cooked/Android_ETC2/Engine/Content/EngineSky/C_Sky_Cloud_Color.uasset" 517
"../../../../AerialExplorerVR/Saved/Cooked/Android_ETC2/Engine/Content/EngineSky/C_Sky_Horizon_Color.uasset" 518
"../../../../AerialExplorerVR/Saved/Cooked/Android_ETC2/Engine/Content/EngineSky/C_Sky_Zenith_Color.uasset" 519
"../../../../AerialExplorerVR/Saved/Cooked/Android_ETC2/Engine/Content/EngineSky/M_Sky_Panning_Clouds2.uasset" 520
"../../../../AerialExplorerVR/Saved/Cooked/Android_ETC2/Engine/Content/EngineSky/SM_SkySphere.uasset" 521
"../../../../AerialExplorerVR/Saved/Cooked/Android_ETC2/Engine/Content/EngineSky/T_Sky_Blue.uasset" 522
"../../../../AerialExplorerVR/Saved/Cooked/Android_ETC2/Engine/Content/EngineSky/T_Sky_Clouds_M.uasset" 523
"../../../../AerialExplorerVR/Saved/Cooked/Android_ETC2/Engine/Content/EngineSky/T_Sky_Stars.uasset" 524
"../../../../AerialExplorerVR/Saved/Cooked/Android_ETC2/Engine/Content/EngineSounds/Duck_Normal_Attack_MixMod.uasset" 525
"../../../../AerialExplorerVR/Saved/Cooked/Android_ETC2/Engine/Content/EngineSounds/Master.uasset" 526
"../../../../AerialExplorerVR/Saved/Cooked/Android_ETC2/Engine/Content/EngineSounds/Music.uasset" 527
"../../../../AerialExplorerVR/Saved/Cooked/Android_ETC2/Engine/Content/EngineSounds/Normal_Attack.uasset" 528
"../../../../AerialExplorerVR/Saved/Cooked/Android_ETC2/Engine/Content/EngineSounds/SFX.uasset" 529
"../../../../AerialExplorerVR/Saved/Cooked/Android_ETC2/Engine/Content/EngineSounds/Special_Attack_PSM.uasset" 530
"../../../../AerialExplorerVR/Saved/Cooked/Android_ETC2/Engine/Content/EngineSounds/Voice.uasset" 531
"../../../../AerialExplorerVR/Saved/Cooked/Android_ETC2/Engine/Content/EngineTireTypes/DefaultTireType.uasset" 532
"../../../../AerialExplorerVR/Saved/Cooked/Android_ETC2/Engine/Content/Functions/Engine_MaterialFunctions01/Opacity/CameraDepthFade.uasset" 533
"../../../../AerialExplorerVR/Saved/Cooked/Android_ETC2/Engine/Content/Functions/Engine_MaterialFunctions01/Shading/ConvertFromDiffSpec.uasset" 534
"../../../../AerialExplorerVR/Saved/Cooked/Android_ETC2/Engine/Content/Functions/Engine_MaterialFunctions01/Shading/PowerToRoughness.uasset" 535
"../../../../AerialExplorerVR/Saved/Cooked/Android_ETC2/Engine/Content/Functions/Engine_MaterialFunctions02/Utility/BreakOutFloat2Components.uasset" 536
"../../../../AerialExplorerVR/Saved/Cooked/Android_ETC2/Engine/Content/Maps/Entry.umap" 537
"../../../../AerialExplorerVR/Saved/Cooked/Android_ETC2/Engine/Content/Maps/Templates/Thumbnails/Default.uasset" 538
"../../../../AerialExplorerVR/Saved/Cooked/Android_ETC2/Engine/Content/MapTemplates/SM_Template_Map_Floor.uasset" 539
"../../../../AerialExplorerVR/Saved/Cooked/Android_ETC2/Engine/Content/MobileResources/LoadingScreen.uasset" 540
"../../../../AerialExplorerVR/Saved/Cooked/Android_ETC2/Engine/Content/MobileResources/T_MobileControls_texture.uasset" 541
"../../../../AerialExplorerVR/Saved/Cooked/Android_ETC2/Engine/Content/MobileResources/T_MobileMenu2.uasset" 542
"../../../../AerialExplorerVR/Saved/Cooked/Android_ETC2/Engine/Content/MobileResources/HUD/AnalogHat.uasset" 543
"../../../../AerialExplorerVR/Saved/Cooked/Android_ETC2/Engine/Content/MobileResources/HUD/DefaultVirtualJoysticks.uasset" 544
"../../../../AerialExplorerVR/Saved/Cooked/Android_ETC2/Engine/Content/MobileResources/HUD/LeftVirtualJoystickOnly.uasset" 545
"../../../../AerialExplorerVR/Saved/Cooked/Android_ETC2/Engine/Content/MobileResources/HUD/MobileHUDButton1_off.uasset" 546
"../../../../AerialExplorerVR/Saved/Cooked/Android_ETC2/Engine/Content/MobileResources/HUD/MobileHUDButton1_on.uasset" 547
"../../../../AerialExplorerVR/Saved/Cooked/Android_ETC2/Engine/Content/MobileResources/HUD/MobileHUDButton2_off.uasset" 548
"../../../../AerialExplorerVR/Saved/Cooked/Android_ETC2/Engine/Content/MobileResources/HUD/MobileHUDButton2_on.uasset" 549
"../../../../AerialExplorerVR/Saved/Cooked/Android_ETC2/Engine/Content/MobileResources/HUD/MobileHUDButton3.uasset" 550
"../../../../AerialExplorerVR/Saved/Cooked/Android_ETC2/Engine/Content/MobileResources/HUD/MobileHUDButtonFire.uasset" 551
"../../../../AerialExplorerVR/Saved/Cooked/Android_ETC2/Engine/Content/MobileResources/HUD/MobileHUDDirectionPad.uasset" 552
"../../../../AerialExplorerVR/Saved/Cooked/Android_ETC2/Engine/Content/MobileResources/HUD/MobileHUDDirectionPad2.uasset" 553
"../../../../AerialExplorerVR/Saved/Cooked/Android_ETC2/Engine/Content/MobileResources/HUD/MobileHUDDirectionPad3.uasset" 554
"../../../../AerialExplorerVR/Saved/Cooked/Android_ETC2/Engine/Content/MobileResources/HUD/MobileHUDDirectionStick.uasset" 555
"../../../../AerialExplorerVR/Saved/Cooked/Android_ETC2/Engine/Content/MobileResources/HUD/T_Castle_ThumbstickInner.uasset" 556
"../../../../AerialExplorerVR/Saved/Cooked/Android_ETC2/Engine/Content/MobileResources/HUD/T_Castle_ThumbstickOutter.uasset" 557
"../../../../AerialExplorerVR/Saved/Cooked/Android_ETC2/Engine/Content/MobileResources/HUD/VirtualJoystick_Background.uasset" 558
"../../../../AerialExplorerVR/Saved/Cooked/Android_ETC2/Engine/Content/MobileResources/HUD/VirtualJoystick_Thumb.uasset" 559
"C:/Users/MarcelBlanck/Documents/GitHub/AerialExplorerVR/Saved/Cooked/Android_ETC2/AerialExplorerVR/CookedIniVersion.txt" 560
"../../../Engine/DerivedDataCache/4/1/9/GSM_AF1606FCEC214373844D2B6CF9DF71C8_GLSL_ES2_3599__BC5N_DEV_SL_NODBUF_TSLATEE__16DAD766F4243853111F39E5D80D075293B285CD.udd" 561
"../../../Engine/Content/MobileResources/HUD/VirtualJoystick_Thumb.uasset" 562
"../../../Engine/Content/EditorResources/BSPVertex.uasset" 563
"../../../Engine/Content/EngineDebugMaterials/WireframeMaterial.uasset" 564
"../../../Engine/DerivedDataCache/3/0/1/MATSM_983AFA3849534FAA8491540B994BD32E_GLSL_ES2_3599__BC5N_DEV_SL_NODBUFF7646F__AB64FAAD86824825688B9DC9A4538405F0D97C76.udd" 565
"../../../Engine/Content/EngineDebugMaterials/GeomMaterial.uasset" 566
"../../../Engine/DerivedDataCache/1/5/4/MATSM_983AFA3849534FAA8491540B994BD32E_GLSL_ES2_3599__BC5N_DEV_SL_NODBUF53048F__5CFCAB165385DE5F7A3866E16A1CA276B7243937.udd" 567
"../../../Engine/Content/EngineDebugMaterials/LevelColorationLitMaterial.uasset" 568
"../../../Engine/DerivedDataCache/0/8/5/MATSM_983AFA3849534FAA8491540B994BD32E_GLSL_ES2_3599__BC5N_DEV_SL_NODBUFEB6949__2199240EBA4F2CA47A2345ACE8159E67188F6509.udd" 569
"../../../Engine/Content/EngineDebugMaterials/LevelColorationUnlitMaterial.uasset" 570
"../../../Engine/DerivedDataCache/4/3/5/MATSM_983AFA3849534FAA8491540B994BD32E_GLSL_ES2_3599__BC5N_DEV_SL_NODBUF0050C5__3A9A45898D3A569C82D074E2637712587C17FAE2.udd" 571
"../../../Engine/Content/EngineDebugMaterials/MAT_LevelColorationLitLightmapUV.uasset" 572
"../../../Engine/Content/EngineDebugMaterials/ShadedLevelColorationLitMaterial.uasset" 573
"../../../Engine/DerivedDataCache/0/7/0/MATSM_983AFA3849534FAA8491540B994BD32E_GLSL_ES2_3599__BC5N_DEV_SL_NODBUFD13C5D__624E6361DAA2E68CF3A3636368EAE725A65958AA.udd" 574
"../../../Engine/Content/EngineDebugMaterials/ShadedLevelColorationUnlitMateri.uasset" 575
"../../../Engine/DerivedDataCache/9/6/6/MATSM_983AFA3849534FAA8491540B994BD32E_GLSL_ES2_3599__BC5N_DEV_SL_NODBUF2DF009__B5873F602723A360BEE64C708EC26E2FDD0784E5.udd" 576
"../../../Engine/Content/EngineDebugMaterials/VertexColorMaterial.uasset" 577
"../../../Engine/DerivedDataCache/5/0/6/MATSM_983AFA3849534FAA8491540B994BD32E_GLSL_ES2_3599__BC5N_DEV_SL_NODBUF06C18A__AFEACB1D7206957E949DC7DCAB5D9A72D81B7908.udd" 578
"../../../Engine/Content/EngineDebugMaterials/VertexColorViewMode_ColorOnly.uasset" 579
"../../../Engine/DerivedDataCache/4/4/8/MATSM_983AFA3849534FAA8491540B994BD32E_GLSL_ES2_3599__BC5N_DEV_SL_NODBUF9E7836__7436AA50966EAEEC5F1C319C646F0FA88B14B937.udd" 580
"../../../Engine/Content/EngineDebugMaterials/VertexColorViewMode_AlphaAsColor.uasset" 581
"../../../Engine/DerivedDataCache/8/4/9/MATSM_983AFA3849534FAA8491540B994BD32E_GLSL_ES2_3599__BC5N_DEV_SL_NODBUFE13ECC__559D34253EA81963D63D99A302FC5DD152998085.udd" 582
"../../../Engine/Content/EngineDebugMaterials/VertexColorViewMode_RedOnly.uasset" 583
"../../../Engine/DerivedDataCache/7/3/3/MATSM_983AFA3849534FAA8491540B994BD32E_GLSL_ES2_3599__BC5N_DEV_SL_NODBUFE99ECB__3FE5E5A52B9F6CC79CC3E0E90122CB9CB379FC2B.udd" 584
"../../../Engine/Content/EngineDebugMaterials/VertexColorViewMode_GreenOnly.uasset" 585
"../../../Engine/DerivedDataCache/6/0/2/MATSM_983AFA3849534FAA8491540B994BD32E_GLSL_ES2_3599__BC5N_DEV_SL_NODBUF086D49__462795A24A5555560A932F0AEBD7AB46DC690A4E.udd" 586
"../../../Engine/Content/EngineDebugMaterials/VertexColorViewMode_BlueOnly.uasset" 587
"../../../Engine/DerivedDataCache/3/9/9/MATSM_983AFA3849534FAA8491540B994BD32E_GLSL_ES2_3599__BC5N_DEV_SL_NODBUF07B1E5__D52644F814B194A150D848630388EA33E1F4C979.udd" 588
"../../../Engine/Content/EngineDebugMaterials/BoneWeightMaterial.uasset" 589
"../../../Engine/Content/EngineDebugMaterials/HeatmapGradient.uasset" 590
"../../../Engine/DerivedDataCache/7/3/7/MATSM_983AFA3849534FAA8491540B994BD32E_GLSL_ES2_3599__BC5N_DEV_SL_NODBUF32DBCB__747D438452FAD0A594690E308D86BACCED6B6916.udd" 591
"../../../Engine/Content/EditorMaterials/PhAT_JointLimitMaterial.uasset" 592
"../../../Engine/DerivedDataCache/6/5/5/MATSM_983AFA3849534FAA8491540B994BD32E_GLSL_ES2_3599__BC5N_DEV_SL_NODBUFCA0E6D__7C88F7DF8B71932F6D76DAB4AC3CED7BB522D85A.udd" 593
"../../../Engine/Content/EditorMaterials/PreviewShadowIndicatorMaterial.uasset" 594
"../../../Engine/Content/EditorMaterials/PreviewShadowIndicator.uasset" 595
"../../../Engine/Content/EngineMaterials/EditorBrushMaterial.uasset" 596
"../../../Engine/DerivedDataCache/3/5/7/MATSM_983AFA3849534FAA8491540B994BD32E_GLSL_ES2_3599__BC5N_DEV_SL_NODBUFBA2C52__7B96D4CC7BB20DC4BEDC1B6D7AF91C710936F727.udd" 597
"../../../Engine/Content/EditorMeshes/ColorCalibrator/SM_ColorCalibrator.uasset" 598
"../../../Engine/Content/EditorMeshes/ColorCalibrator/M_ChromeBall.uasset" 599
"../../../Engine/Content/EditorMeshes/ColorCalibrator/M_ClearCoat.uasset" 600
"../../../Engine/Content/EditorMeshes/ColorCalibrator/M_ClearCoatBlack.uasset" 601
"../../../Engine/Content/EditorMeshes/ColorCalibrator/M_ColorGrid.uasset" 602
"../../../Engine/Content/EditorMeshes/ColorCalibrator/T_ColorGrid.uasset" 603
"../../../Engine/Content/EditorMeshes/ColorCalibrator/M_GreyBall.uasset" 604
"../../../Engine/DerivedDataCache/2/8/2/MATSM_983AFA3849534FAA8491540B994BD32E_GLSL_ES2_3599__BC5N_DEV_SL_NODBUFE22E84__3A3F36F1C60DC6773C375F2855A4B33E772193A5.udd" 605
"../../../Engine/DerivedDataCache/8/4/5/MATSM_983AFA3849534FAA8491540B994BD32E_GLSL_ES2_3599__BC5N_DEV_SL_NODBUFECFD70__A2C20B91F780E3B4597735751DC175B8AB7F7DE9.udd" 606
"../../../Engine/DerivedDataCache/0/1/2/MATSM_983AFA3849534FAA8491540B994BD32E_GLSL_ES2_3599__BC5N_DEV_SL_NODBUF7DD52D__078E565B4E66E61DBD9B7150DBE27B286DD5BF74.udd" 607
"../../../Engine/DerivedDataCache/3/2/5/MATSM_983AFA3849534FAA8491540B994BD32E_GLSL_ES2_3599__BC5N_DEV_SL_NODBUFCA17AC__992FCAA012DA864B94C508CD8E65F4E0ECA5A437.udd" 608
"../../../Engine/DerivedDataCache/1/9/3/MATSM_983AFA3849534FAA8491540B994BD32E_GLSL_ES2_3599__BC5N_DEV_SL_NODBUFC9EC73__ADE0A6665E368B4A5298B5B89B9D705A7D9F93A5.udd" 609
"../../../Engine/DerivedDataCache/6/0/2/STATICMESH_46A8778361B442A9523C54440EA1E9D_2C1BC8F50A7A43818AFE266EB43D9060_79__298CAEE625C9D398594D75C81872738B32891DA8.udd" 610
"../../../Engine/DerivedDataCache/5/2/5/NAVCOLLISION_B89838347A4348138EE337A847529C5C_NAVCOLLISION_X_6E52BDA04AB03E3BE__519612193A5011F35C31B57B4417E474BE73E8EF.udd" 611
"../../../Engine/DerivedDataCache/0/8/2/PHYSX_$7B1F0627AE$2DABEB$2D4206$2D8D78$2DE16BEB5DDC7E$7D_PHYSXPC_6E52BDA04AB03__8B78F47DF382A88C4646390AB5015DE5036C35C9.udd" 612
"../../../Engine/DerivedDataCache/3/7/9/TEXTURE_814DCC3DC72143F49509781513CB9855_BGRA8_2303080240B4FBC995EC43ABAA9A8C6__FF67176A68B6CAB831A7F4C31766F94B348FF9C3.udd" 613
"../../../Engine/DerivedDataCache/3/7/6/TEXTURE_814DCC3DC72143F49509781513CB9855_AUTOETC2_C45F0F7D439FAD52041B1EBC5A8A__DE921EC362591A7DC0E4EC357300A789EC6756DD.udd" 614
"../../../Engine/DerivedDataCache/6/0/4/TEXTURE_814DCC3DC72143F49509781513CB9855_AUTOETC2_FDD461EC4EDF5F99C659709B7A42__7E192388D70B5D346C24DC512EBCEAEEBB5DF24A.udd" 615
"../../../Engine/DerivedDataCache/1/4/8/TEXTURE_814DCC3DC72143F49509781513CB9855_AUTOETC2_FDD461EC4EDF5F99C659709B7A42__085B1BBD9FD481DBEAABE273408E8E44C2C3903F.udd" 616
"../../../Engine/DerivedDataCache/0/4/5/TEXTURE_814DCC3DC72143F49509781513CB9855_AUTOETC2_FDD461EC4EDF5F99C659709B7A42__39F02394471C2060C5BDCC088B752130DAE85D0A.udd" 617
"../../../Engine/DerivedDataCache/3/8/1/TEXTURE_814DCC3DC72143F49509781513CB9855_AUTOETC2_FDD461EC4EDF5F99C659709B7A42__F1074F51959F53D81F1762EF8BD4F998C120A6C6.udd" 618
"../../../Engine/DerivedDataCache/9/5/9/TEXTURE_814DCC3DC72143F49509781513CB9855_AUTOETC2_565E0359430950FA252A118AF852__EB3B58DFC4AC91E3726AA148591EC4D6F93E7868.udd" 619
"../../../Engine/DerivedDataCache/2/5/5/TEXTURE_814DCC3DC72143F49509781513CB9855_AUTOETC2_565E0359430950FA252A118AF852__C33B30666DC46335414E2EE04D204B1E95B4478F.udd" 620
"../../../Engine/DerivedDataCache/1/4/6/TEXTURE_814DCC3DC72143F49509781513CB9855_AUTOETC2_565E0359430950FA252A118AF852__E6280177FD79017CC41FC10E084D9DBD45F6A753.udd" 621
"../../../Engine/DerivedDataCache/8/1/8/TEXTURE_814DCC3DC72143F49509781513CB9855_AUTOETC2_B21C1AFF42ACD5ADC8C382B3A090__7A7FD4E14700E31735F3421C754E75C25B65406D.udd" 622
"../../../Engine/DerivedDataCache/3/9/2/TEXTURE_814DCC3DC72143F49509781513CB9855_AUTOETC2_B21C1AFF42ACD5ADC8C382B3A090__60777234544C74C791DDFE7B14788789E9FD0ECE.udd" 623
"../../../Engine/DerivedDataCache/9/7/1/TEXTURE_814DCC3DC72143F49509781513CB9855_AUTOETC2_B21C1AFF42ACD5ADC8C382B3A090__08A57D96AF4BF53463842144D6B5072F8CEB71EB.udd" 624
"../../../Engine/DerivedDataCache/5/4/1/TEXTURE_814DCC3DC72143F49509781513CB9855_AUTOETC2_B21C1AFF42ACD5ADC8C382B3A090__85C8C698B4AD232A5C29B8C5CE62312CF1D64CB9.udd" 625
"../../../Engine/DerivedDataCache/8/6/0/TEXTURE_814DCC3DC72143F49509781513CB9855_AUTOETC2_B21C1AFF42ACD5ADC8C382B3A090__BA1385110DDBD653A1CC4006D1EA0FDDF1E3A555.udd" 626
"../../../Engine/DerivedDataCache/7/9/3/TEXTURE_814DCC3DC72143F49509781513CB9855_ETC2_RGB_15564967414184874DBCB89C44D5__EB9AA19127DC66862A10F36F87C078AC6DAA98E6.udd" 627
"../../../Engine/DerivedDataCache/8/7/8/TEXTURE_814DCC3DC72143F49509781513CB9855_ETC2_RGB_15564967414184874DBCB89C44D5__F11664152F8B494ADDB3906D77974379A15D64C8.udd" 628
"../../../Engine/DerivedDataCache/3/1/8/TEXTURE_814DCC3DC72143F49509781513CB9855_BGRA8_5216118D4EACC7D4064ADCBA89F7720__4776B6E2E6502A15BA73B7522CDBB3F8E50002AD.udd" 629
"../../../Engine/DerivedDataCache/2/8/1/TEXTURE_814DCC3DC72143F49509781513CB9855_BGRA8_5216118D4EACC7D4064ADCBA89F7720__66F5A912C12ECCBFC7828C141D8C68C1A07C0A15.udd" 630
"../../../Engine/DerivedDataCache/1/9/6/TEXTURE_814DCC3DC72143F49509781513CB9855_BGRA8_B19E8D43472CA8B277E8CCA8993996A__878CA4B0813C95120A256C74CF1AC98FA54BEF64.udd" 631
"../../../Engine/DerivedDataCache/9/5/6/TEXTURE_814DCC3DC72143F49509781513CB9855_AUTOETC2_55809E694EE7DB292235CC917A5C__8FC7A06DE27A68F712A5ADCBA6565C125B680682.udd" 632
"../../../Engine/DerivedDataCache/6/4/8/TEXTURE_814DCC3DC72143F49509781513CB9855_AUTOETC2_55809E694EE7DB292235CC917A5C__1D7701164B3DB8082DE75834769BAB178B614FC0.udd" 633
"../../../Engine/DerivedDataCache/9/7/9/TEXTURE_814DCC3DC72143F49509781513CB9855_AUTOETC2_55809E694EE7DB292235CC917A5C__6607013B8C13FDB1E41A6A89B8201B2F25DFB4D3.udd" 634
"../../../Engine/DerivedDataCache/8/7/4/TEXTURE_814DCC3DC72143F49509781513CB9855_AUTOETC2_7BC0404946D77A8C093A10AE0677__D08DFA3EE99D63A54B9C33129432D19FA7D5E3E4.udd" 635
"../../../Engine/DerivedDataCache/6/5/7/TEXTURE_814DCC3DC72143F49509781513CB9855_AUTOETC2_7BC0404946D77A8C093A10AE0677__EA42FC7D038ABDFD6A6CEF92C90E0FE72094B077.udd" 636
"../../../Engine/DerivedDataCache/0/1/3/TEXTURE_814DCC3DC72143F49509781513CB9855_G8_C13BD2BB45C48968C13E6F8322E0CF1A_0__A856BDB1C74F641C3E5A497386077ABA922667E4.udd" 637
"../../../Engine/DerivedDataCache/8/0/6/TEXTURE_814DCC3DC72143F49509781513CB9855_BGRA8_D0FECEC94BB5E3DA0C23C4AB41A933F__26A4750DDEE85082D5E426AC2FC0FB509DBC0E30.udd" 638
"../../../Engine/DerivedDataCache/2/2/3/TEXTURE_814DCC3DC72143F49509781513CB9855_BGRA8_D0FECEC94BB5E3DA0C23C4AB41A933F__BCC05532D8752724EDE6B77A32222320BD230C00.udd" 639
"../../../Engine/DerivedDataCache/0/5/5/TEXTURE_814DCC3DC72143F49509781513CB9855_BGRA8_D0FECEC94BB5E3DA0C23C4AB41A933F__A74983DD16C9F19298E271B929B3C0B3FE13FC9E.udd" 640
"../../../Engine/DerivedDataCache/5/1/3/TEXTURE_814DCC3DC72143F49509781513CB9855_BGRA8_C6F046E346DE53E9987E70930FC6D31__2BC58C7103301983DEFA01C3C389866FD917AABF.udd" 641
"../../../Engine/DerivedDataCache/2/1/0/TEXTURE_814DCC3DC72143F49509781513CB9855_AUTOETC2_1EC0B18B47E75959952584B5D8D9__5BB02F3CE0BF30F09871F579E38E19E2B3BA23F4.udd" 642
"../../../Engine/DerivedDataCache/5/5/3/TEXTURE_814DCC3DC72143F49509781513CB9855_AUTOETC2_3D7D3365419CADDBF5E531B12CF1__BC33B532558BDF4A80AE2AD245F793CCB0564FBE.udd" 643
"../../../Engine/DerivedDataCache/5/0/2/TEXTURE_814DCC3DC72143F49509781513CB9855_AUTOETC2_3CAC1F094FB87A98E53D7D8A2464__FC3BF60BFDCA048A2A4D1241AB29A5EE0CAE363A.udd" 644
"../../../Engine/DerivedDataCache/5/3/9/TEXTURE_814DCC3DC72143F49509781513CB9855_AUTOETC2_33CBEF834D7D60ED9D58E5940B7B__A188E30BEA3E4632468BAC63017818ADEFDE3A9D.udd" 645
"../../../Engine/DerivedDataCache/4/3/4/TEXTURE_814DCC3DC72143F49509781513CB9855_AUTOETC2_CBF5B13548AB62E6A9ADA387D1FE__F22F51744B01BA47602A9F8222507CEADD398CB1.udd" 646
"../../../Engine/DerivedDataCache/9/4/3/TEXTURE_814DCC3DC72143F49509781513CB9855_AUTOETC2_E38B68B34F759D23C6E5CD925E4D__E3EF57FCCB28EEAF78270120C63BFE218955FA2B.udd" 647
"../../../Engine/DerivedDataCache/9/9/4/TEXTURE_814DCC3DC72143F49509781513CB9855_AUTOETC2_E55F8197440DD2855E7F4D9816C8__26FAABFEE53A71E74D734D42522AAFAB1E113E2B.udd" 648
"../../../Engine/DerivedDataCache/6/4/8/TEXTURE_814DCC3DC72143F49509781513CB9855_AUTOETC2_A6C0C4B74D09BE1A7E2C31B7CA77__4FC1E06797B3A12742584C831114A16ADEEE064C.udd" 649
"../../../Engine/DerivedDataCache/5/5/0/TEXTURE_814DCC3DC72143F49509781513CB9855_AUTOETC2_7D98C11E41884B4A67A497A07B02__E181EEF76454340A066457FB4597AB73EFA70AA7.udd" 650
"../../../Engine/DerivedDataCache/0/5/5/TEXTURE_814DCC3DC72143F49509781513CB9855_AUTOETC2_74A80EB64112E46096AE17A812C2__9EEDDE9E598515D631B6EC0BA271D2E72B67FB38.udd" 651
"../../../Engine/DerivedDataCache/6/4/2/TEXTURE_814DCC3DC72143F49509781513CB9855_AUTOETC2_264ABDF14257816FFA9477A6F6A1__9348986C58E3E28191F807FD65AF8C988AFFC29F.udd" 652
"../../../Engine/DerivedDataCache/5/6/2/TEXTURE_814DCC3DC72143F49509781513CB9855_AUTOETC2_025102BB43BBEAC3F07578891938__288F96220133F5DB618C7810389D648E51275367.udd" 653
"../../../Engine/DerivedDataCache/0/3/1/TEXTURE_814DCC3DC72143F49509781513CB9855_AUTOETC2_C55865344733442FBAD7D29E0B65__DBFD6DF917E5B865D5655CC5170E7935082C1015.udd" 654
"../../../Engine/DerivedDataCache/9/2/3/TEXTURE_814DCC3DC72143F49509781513CB9855_AUTOETC2_6A6029554EC6CEDCFFC9E0836D46__09EB7AEBBFF4780E178B8CD6634BE2C0B8EA3EA4.udd" 655
"../../../Engine/DerivedDataCache/2/9/6/TEXTURE_814DCC3DC72143F49509781513CB9855_ETC2_RGB_C349D2FA2A30FC1134357D3272F2__E4DE7997DE2A45F20855B42729C87D61E817BF49.udd" 656
"../../../Engine/DerivedDataCache/6/1/0/TEXTURE_814DCC3DC72143F49509781513CB9855_AUTOETC2_09053A42486F57C671A2B9B0F627__8D0B3F43192C1017B9EEFE328D6F0F41221F2486.udd" 657
"../../../Engine/DerivedDataCache/7/8/5/TEXTURE_814DCC3DC72143F49509781513CB9855_AUTOETC2_B07BB94C4024838454154883B787__C1D4919033A002D3AE86AA90CF824B7F0F080576.udd" 658
"../../../Engine/DerivedDataCache/5/1/6/TEXTURE_814DCC3DC72143F49509781513CB9855_AUTOETC2_5075C5404C9665C57F66B49F2C5D__A245EEB43AAB99B2F159B58A8FCAD1B792B630A2.udd" 659
"../../../Engine/DerivedDataCache/1/1/4/TEXTURE_814DCC3DC72143F49509781513CB9855_AUTOETC2_5075C5404C9665C57F66B49F2C5D__E1E436311D636A109DED6AE834AC65042DB4F773.udd" 660
"../../../Engine/DerivedDataCache/8/5/0/TEXTURE_814DCC3DC72143F49509781513CB9855_AUTOETC2_5075C5404C9665C57F66B49F2C5D__8523ED0364EDB84D3CE4BB334D95B4D57DD34563.udd" 661
"../../../Engine/DerivedDataCache/3/3/3/TEXTURE_814DCC3DC72143F49509781513CB9855_AUTOETC2_5075C5404C9665C57F66B49F2C5D__1954D0465AC464A44E359AB8F7B03DAD2D130F81.udd" 662
"../../../Engine/DerivedDataCache/2/2/6/TEXTURE_814DCC3DC72143F49509781513CB9855_G8_1C2B54F74EBDC3C23B1A0B85D55D159C_0__2E2A404ABA0B1D38FA0F8DFA476C0ECE606A40A4.udd" 663
"../../../Engine/DerivedDataCache/4/7/9/TEXTURE_814DCC3DC72143F49509781513CB9855_BGRA8_52C2D2044F80407BBABA8CB2BA04F4F__FDB37FDECA0F67A24577A4436B3C2D9D715FD7D7.udd" 664
"../../../Engine/DerivedDataCache/2/9/2/TEXTURE_814DCC3DC72143F49509781513CB9855_BGRA8_A28EC0C4486158C85466808599E49A4__1FF86D5F10DF5DA41E6C385F79D34A8F73D47BF5.udd" 665
"../../../Engine/DerivedDataCache/1/0/4/TEXTURE_814DCC3DC72143F49509781513CB9855_AUTOETC2_B1F6A23D46761DA1743FBE984F9E__5F517B1720AB89A2E543899A634F7305D911B67F.udd" 666
"../../../Engine/DerivedDataCache/5/4/9/TEXTURE_814DCC3DC72143F49509781513CB9855_BGRA8_9B0249994A9B1B14D96CD7BB7A90FB3__74A9C9C27BB25673E2C803395BE184240A57985C.udd" 667
"../../../Engine/DerivedDataCache/9/2/8/TEXTURE_814DCC3DC72143F49509781513CB9855_AUTOETC2_95D01D314436990422EF30A4E4FA__94F8EF116663FFFFDFC95A7B0EE886F1A46CF32B.udd" 668
"../../../Engine/DerivedDataCache/4/8/2/TEXTURE_814DCC3DC72143F49509781513CB9855_AUTOETC2_95D01D314436990422EF30A4E4FA__9BCD898FEC2918C0D117986FD0225C13AA2F7AF3.udd" 669
"../../../Engine/DerivedDataCache/5/0/9/TEXTURE_814DCC3DC72143F49509781513CB9855_AUTOETC2_6A00F1654C244F95E8B15E9A15BE__EA5254C9A4D0FC543C48AF9585403CA9EF67B104.udd" 670
"../../../Engine/DerivedDataCache/8/1/8/TEXTURE_814DCC3DC72143F49509781513CB9855_BGRA8_300F91D746B84377794E1FA74622CC3__0CF773674540940F3B26ED33054647E44CAC1F0D.udd" 671
"../../../Engine/DerivedDataCache/4/9/8/TEXTURE_814DCC3DC72143F49509781513CB9855_BGRA8_300F91D746B84377794E1FA74622CC3__C63D40BDCBDD34BF7686F4DE7E8E3F79E3975346.udd" 672
"../../../Engine/DerivedDataCache/1/3/3/TEXTURE_814DCC3DC72143F49509781513CB9855_BGRA8_300F91D746B84377794E1FA74622CC3__51E0BAA5DE2C6204E477108FEF679A79290291B4.udd" 673
"../../../Engine/DerivedDataCache/2/1/3/TEXTURE_814DCC3DC72143F49509781513CB9855_BGRA8_300F91D746B84377794E1FA74622CC3__377AF1476D1F084F5702571C4DF930106762A4A4.udd" 674
"../../../Engine/DerivedDataCache/9/8/2/TEXTURE_814DCC3DC72143F49509781513CB9855_G8_EFCCE016429008D9D6575CB3A2DF598A_0__F949E4B3D838BDCB34985AA09A06B8738A445AB5.udd" 675
"../../../Engine/DerivedDataCache/4/2/1/TEXTURE_814DCC3DC72143F49509781513CB9855_G8_EFCCE016429008D9D6575CB3A2DF598A_0__8945277941692C5A22D79C1A7D9B477B8846D045.udd" 676
"../../../Engine/DerivedDataCache/3/8/5/TEXTURE_814DCC3DC72143F49509781513CB9855_G8_EFCCE016429008D9D6575CB3A2DF598A_0__D2A687F2C18FB52AE2E1EEDB04C9C77170CD0FC3.udd" 677
"../../../Engine/DerivedDataCache/9/3/2/TEXTURE_814DCC3DC72143F49509781513CB9855_G8_EFCCE016429008D9D6575CB3A2DF598A_0__6C2CA7981AAE3BB88E80EDB6A8D74338EC182B8A.udd" 678
"../../../Engine/DerivedDataCache/0/5/0/TEXTURE_814DCC3DC72143F49509781513CB9855_AUTOETC2_A5E28525480F8268BF36ABA7EBDF__D125C107D1BA896479C3F4D9D76DF1D6B7D85B28.udd" 679
"../../../Engine/DerivedDataCache/6/5/1/TEXTURE_814DCC3DC72143F49509781513CB9855_AUTOETC2_A5E28525480F8268BF36ABA7EBDF__7860079438A318EBAC69F5F4E9D1B5839B880CD7.udd" 680
"../../../Engine/DerivedDataCache/5/3/2/TEXTURE_814DCC3DC72143F49509781513CB9855_AUTOETC2_A5E28525480F8268BF36ABA7EBDF__7A3F25D509A74C377E34ADFA871679788ABAC7F4.udd" 681
"../../../Engine/DerivedDataCache/8/3/6/TEXTURE_814DCC3DC72143F49509781513CB9855_AUTOETC2_A5E28525480F8268BF36ABA7EBDF__384A37DCF94B9146FBF1AA16FC5FE53EE4D6849F.udd" 682
"../../../Engine/Content/MobileResources/HUD/T_Castle_ThumbstickInner.uasset" 683
"../../../Engine/DerivedDataCache/7/0/6/TEXTURE_814DCC3DC72143F49509781513CB9855_BGRA8_A4535AA24BB699361857049E2A844B2__33DC436FC8699D1B1039C88C7BD1A5C66D1E258A.udd" 684
"../../../Engine/Content/MobileResources/HUD/MobileHUDDirectionPad2.uasset" 685
"../../../Engine/DerivedDataCache/6/3/1/TEXTURE_814DCC3DC72143F49509781513CB9855_AUTOETC2_F562DDF94D8D885AE92078A9DD77__139E79D9F0AD59045056DAF74D50162B47A20131.udd" 686
"../../../Engine/DerivedDataCache/9/2/3/TEXTURE_814DCC3DC72143F49509781513CB9855_AUTOETC2_F562DDF94D8D885AE92078A9DD77__681C1C5A256430787C9F583F3721C61812062EB3.udd" 687
"../../../Engine/DerivedDataCache/3/4/7/TEXTURE_814DCC3DC72143F49509781513CB9855_AUTOETC2_F562DDF94D8D885AE92078A9DD77__9E982E02DECE980203A446CA4E8BD8509F885345.udd" 688
"../../../Engine/Content/MobileResources/HUD/MobileHUDButton1_on.uasset" 689
"../../../Engine/DerivedDataCache/1/2/3/TEXTURE_814DCC3DC72143F49509781513CB9855_AUTOETC2_7BBBF743419EE004ACC16E9959BC__AE78AA7873D8561AC713A406EFE831ACB34803AA.udd" 690
"../../../Engine/Content/MobileResources/HUD/LeftVirtualJoystickOnly.uasset" 691
"../../../Engine/Content/MobileResources/HUD/VirtualJoystick_Background.uasset" 692
"../../../Engine/Content/MobileResources/HUD/DefaultVirtualJoysticks.uasset" 693
"../../../Engine/Content/MobileResources/HUD/AnalogHat.uasset" 694
"../../../Engine/DerivedDataCache/8/2/6/TEXTURE_814DCC3DC72143F49509781513CB9855_AUTOETC2_2E1EE3B14D43A62B84881B8F5AAD__61CCA385BD3918F4A76929A3A7FA576E3759F342.udd" 695
"../../../Engine/Content/MobileResources/T_MobileControls_texture.uasset" 696
"../../../Engine/DerivedDataCache/3/2/0/TEXTURE_814DCC3DC72143F49509781513CB9855_AUTOETC2_119D9D384F916FB5612DEB85B012__74624FB7B2D97C87D70ADDE1F0A1843D58E0FE04.udd" 697
"../../../Engine/DerivedDataCache/4/3/2/TEXTURE_814DCC3DC72143F49509781513CB9855_AUTOETC2_119D9D384F916FB5612DEB85B012__70C88008D9A1C049255C28ED91ED64A5B006B20E.udd" 698
"../../../Engine/DerivedDataCache/7/4/9/TEXTURE_814DCC3DC72143F49509781513CB9855_AUTOETC2_119D9D384F916FB5612DEB85B012__D69F2C5C053D6E2F09E98D719A8EE77B629AF727.udd" 699
"../../../Engine/DerivedDataCache/8/6/4/TEXTURE_814DCC3DC72143F49509781513CB9855_AUTOETC2_119D9D384F916FB5612DEB85B012__7A8BAA7E33716A64D84A78B82154A2931227A645.udd" 700
"../../../Engine/Content/MobileResources/HUD/MobileHUDButtonFire.uasset" 701
"../../../Engine/DerivedDataCache/8/5/6/TEXTURE_814DCC3DC72143F49509781513CB9855_AUTOETC2_C200B7694C3FE53EBCE97592F5F4__C7AACDA588FBDEE1C43F89660C5476D63CA74942.udd" 702
"../../../Engine/Content/MobileResources/HUD/MobileHUDButton2_off.uasset" 703
"../../../Engine/DerivedDataCache/8/0/2/TEXTURE_814DCC3DC72143F49509781513CB9855_AUTOETC2_D5542AFE4886708885DF42B1BE8F__9BE3EF842E7EDE38CAB81962C7135AA539A1CE4B.udd" 704
"../../../Engine/DerivedDataCache/8/9/5/TEXTURE_814DCC3DC72143F49509781513CB9855_AUTOETC2_D5542AFE4886708885DF42B1BE8F__982DE8176EC183E50A6CA75A60DDA447CCB1A6D8.udd" 705
"../../../Engine/Content/Maps/Entry.umap" 706
"../../../Engine/Content/EngineMaterials/DefaultNormal.uasset" 707
"../../../Engine/DerivedDataCache/5/2/1/PHYSX_$7B1F0627AE$2DABEB$2D4206$2D8D78$2DE16BEB5DDC7E$7D_PHYSXPC_0AAFF40B4FAB7203B4020BAE163CCAEB__1_0_13107_0.udd" 708
"../../../Engine/DerivedDataCache/7/9/2/PHYSX_$7B1F0627AE$2DABEB$2D4206$2D8D78$2DE16BEB5DDC7E$7D_PHYSXPC_4A50E68449DA60D60F453A96AE02A9EF__1_0_13107_0.udd" 709
"../../../Engine/DerivedDataCache/0/2/2/PHYSX_$7B1F0627AE$2DABEB$2D4206$2D8D78$2DE16BEB5DDC7E$7D_PHYSXPC_F6B1D2D0417118DA60DDC7A62F5BCB81__1_0_13107_0.udd" 710
"../../../Engine/DerivedDataCache/5/7/5/PHYSX_$7B1F0627AE$2DABEB$2D4206$2D8D78$2DE16BEB5DDC7E$7D_PHYSXPC_8FA5EBB1423C9BE31CF6A9B803421839__1_0_13107_0.udd" 711
"../../../Engine/DerivedDataCache/4/9/5/TEXTURE_814DCC3DC72143F49509781513CB9855_AUTOETC2_122003924E39A572EF68B5BAC8A9__11DE41E9D87184E54BCB409B9A068241241DEE5A.udd" 712
"../../../Engine/DerivedDataCache/7/8/8/TEXTURE_814DCC3DC72143F49509781513CB9855_AUTOETC2_122003924E39A572EF68B5BAC8A9__6B359921D55C3D4FF5B20F26D10FB720F3B24B9E.udd" 713
"../../../Engine/DerivedDataCache/5/5/6/TEXTURE_814DCC3DC72143F49509781513CB9855_AUTOETC2_122003924E39A572EF68B5BAC8A9__ECE65CBC8CBC78EC06969BEF9216AAE8A496FF49.udd" 714
"../../../Engine/DerivedDataCache/9/2/3/TEXTURE_814DCC3DC72143F49509781513CB9855_AUTOETC2_122003924E39A572EF68B5BAC8A9__0CE8D1090401799C3A197742CFA8FDBBA581CDDF.udd" 715
"../../../Engine/DerivedDataCache/4/4/8/TEXTURE_814DCC3DC72143F49509781513CB9855_AUTOETC2_122003924E39A572EF68B5BAC8A9__A4482CD3BF0EC277AF5EC5ABE0F6F9A739B42213.udd" 716
"../../../Engine/Content/EngineSky/BP_Sky_Sphere.uasset" 717
"../../../Engine/Content/EditorBlueprintResources/StandardMacros.uasset" 718
"../../../Engine/Content/EngineSky/C_Sky_Cloud_Color.uasset" 719
"../../../Engine/Content/EngineSky/C_Sky_Horizon_Color.uasset" 720
"../../../Engine/Content/EngineSky/C_Sky_Zenith_Color.uasset" 721
"../../../Engine/Content/EngineSky/M_Sky_Panning_Clouds2.uasset" 722
"../../../Engine/Content/EngineSky/T_Sky_Blue.uasset" 723
"../../../Engine/Content/EngineSky/T_Sky_Clouds_M.uasset" 724
"../../../Engine/Content/EngineSky/T_Sky_Stars.uasset" 725
"../../../Engine/Content/EngineSky/SM_SkySphere.uasset" 726
"../../../Engine/Content/MapTemplates/SM_Template_Map_Floor.uasset" 727
"../../../Engine/DerivedDataCache/6/3/5/STATICMESH_46A8778361B442A9523C54440EA1E9D_2C1BC8F50A7A43818AFE266EB43D9060_33__C9626E18FEEA71B421456355E1D36FD74DF68247.udd" 728
"../../../Engine/DerivedDataCache/5/7/5/NAVCOLLISION_B89838347A4348138EE337A847529C5C_NAVCOLLISION_X_4AD4ABB94F54AE737__1AD325985EAB69AE9875BD3DAF0BC3D63336474C.udd" 729
"../../../Engine/DerivedDataCache/7/4/2/MATSM_983AFA3849534FAA8491540B994BD32E_GLSL_ES2_3599__BC5N_DEV_SL_NODBUF6B7C81__6DB45937BC8D6ABA16BF6DB41A2EB4B885E08BDA.udd" 730
"../../../Engine/DerivedDataCache/6/6/9/PHYSX_$7B1F0627AE$2DABEB$2D4206$2D8D78$2DE16BEB5DDC7E$7D_PHYSXPC_71D9EAA64DDCE35AF4C94C88713502FC__1_0_13107_0.udd" 731
"../../../Engine/DerivedDataCache/4/3/4/STATICMESH_46A8778361B442A9523C54440EA1E9D_2C1BC8F50A7A43818AFE266EB43D9060_68__28125ACA122AC5D5B8F05580B4C0F24C09B371EF.udd" 732
"../../../Engine/DerivedDataCache/0/0/0/PHYSX_$7B1F0627AE$2DABEB$2D4206$2D8D78$2DE16BEB5DDC7E$7D_PHYSXPC_E640A4FE4A758__243D298D8AD5AD6AEE1BD81A4F38367778E09D55.udd" 733
"../../../Engine/DerivedDataCache/5/5/2/NAVCOLLISION_B89838347A4348138EE337A847529C5C_NAVCOLLISION_X_E640A4FE4A758DF20__1452F5F6DA1544961CA25BA1827F6E915B13A728.udd" 734
"../../../Engine/DerivedDataCache/1/9/2/TEXTURE_814DCC3DC72143F49509781513CB9855_AUTOETC2_CF42979D4C189447D5D739892053__5D61A6F19D7F2CED645362AD74BFA8ECA87042B6.udd" 735
"../../../Engine/DerivedDataCache/8/8/0/TEXTURE_814DCC3DC72143F49509781513CB9855_AUTOETC2_0826AF7846D396A549BF7799E7C4__8F29EDC04C45B569EEED4D14CA405C57BA18190F.udd" 736
"../../../Engine/DerivedDataCache/2/6/7/TEXTURE_814DCC3DC72143F49509781513CB9855_AUTOETC2_95FE44BC4C3AF942427110AA6A3E__DB6D2B3CE4342296DC325818BD3F9DC62205002F.udd" 737
"../../../Engine/DerivedDataCache/8/5/6/TEXTURE_814DCC3DC72143F49509781513CB9855_AUTOETC2_AEE890C24D76668D7FC6C18EAC3E__11045541C576C06DC468276DC8DF7560BA09A160.udd" 738
"../../../Engine/DerivedDataCache/3/8/8/TEXTURE_814DCC3DC72143F49509781513CB9855_AUTOETC2_0826AF7846D396A549BF7799E7C4__6B39A01F5080D50FFA561FD8B7958698E3DD6FAC.udd" 739
"../../../Engine/DerivedDataCache/3/7/7/TEXTURE_814DCC3DC72143F49509781513CB9855_AUTOETC2_0826AF7846D396A549BF7799E7C4__FCEF1DCF5869B806E6AD7BB3FA8256903B537CE6.udd" 740
"../../../Engine/DerivedDataCache/2/8/4/TEXTURE_814DCC3DC72143F49509781513CB9855_AUTOETC2_AEE890C24D76668D7FC6C18EAC3E__6238F00D63945710F6C05B31C92200284C93E26C.udd" 741
"../../../Engine/DerivedDataCache/6/0/6/TEXTURE_814DCC3DC72143F49509781513CB9855_BGRA8_FEB885274856E350932B72921DDDDFD__5F0F36A6D6499DB500E06D9B75B9A0565206D537.udd" 742
"../../../Engine/DerivedDataCache/9/0/7/TEXTURE_814DCC3DC72143F49509781513CB9855_BGRA8_60A352CF43B9EDDA32242EBD348626C__6236DDF59DF4D12389D6AFF8BB7D1B1CFF62AB8C.udd" 743
"../../../Engine/DerivedDataCache/5/9/3/TEXTURE_814DCC3DC72143F49509781513CB9855_AUTOETC2_AEE890C24D76668D7FC6C18EAC3E__DC337B5CF50A17927181B9AA9A91A35673FC47FB.udd" 744
"../../../Engine/DerivedDataCache/6/3/2/TEXTURE_814DCC3DC72143F49509781513CB9855_BGRA8_60A352CF43B9EDDA32242EBD348626C__0C8996B189BBA92BF73AB02547363578140F4B49.udd" 745
"../../../Engine/DerivedDataCache/6/6/7/TEXTURE_814DCC3DC72143F49509781513CB9855_BGRA8_60A352CF43B9EDDA32242EBD348626C__B53D784E9F2D31EA888250F37247E803D6942EF6.udd" 746
"../../../Engine/Content/EditorResources/EmptyActor.uasset" 747
"../../../Engine/DerivedDataCache/3/7/8/TEXTURE_814DCC3DC72143F49509781513CB9855_AUTOETC2_52640BB9425F976C53CF3FA787E7__F89946582F363192210777342B1DB534F271BBD2.udd" 748
"../../../Engine/DerivedDataCache/7/2/7/TEXTURE_814DCC3DC72143F49509781513CB9855_AUTOETC2_52640BB9425F976C53CF3FA787E7__DC647156516F8769C6F539D822A78141A5FE37EF.udd" 749
"../../../Engine/DerivedDataCache/2/4/4/TEXTURE_814DCC3DC72143F49509781513CB9855_AUTOETC2_52640BB9425F976C53CF3FA787E7__B7BFA111720485737D586C07678888A53723C894.udd" 750
"../../../Engine/DerivedDataCache/7/4/3/TEXTURE_814DCC3DC72143F49509781513CB9855_AUTOETC2_52640BB9425F976C53CF3FA787E7__F8BB9E4F0BA6729EBE4CDD1544E1DDF79016AEF6.udd" 751
"../../../Engine/DerivedDataCache/0/6/6/TEXTURE_814DCC3DC72143F49509781513CB9855_G8_017E72834BC6A481B9D2E7B57B15158A_0__795B37AA31B7CA81DD71B75F5245AE668B61FB0B.udd" 752
"../../../Engine/DerivedDataCache/1/9/2/TEXTURE_814DCC3DC72143F49509781513CB9855_G8_017E72834BC6A481B9D2E7B57B15158A_0__5A7547AAA9ECD61A0652042C7F2D255FA159612C.udd" 753
"../../../Engine/DerivedDataCache/4/0/1/TEXTURE_814DCC3DC72143F49509781513CB9855_G8_017E72834BC6A481B9D2E7B57B15158A_0__809C05BF7D54D95E76E9B7AFEC7BF80F33A0EE25.udd" 754
"../../../Engine/DerivedDataCache/3/9/5/TEXTURE_814DCC3DC72143F49509781513CB9855_G8_017E72834BC6A481B9D2E7B57B15158A_0__A72CC90F41B785A461BB7C4B4E1E78C407F08EDF.udd" 755
"../../../Engine/DerivedDataCache/5/0/7/TEXTURE_814DCC3DC72143F49509781513CB9855_G8_017E72834BC6A481B9D2E7B57B15158A_0__2D8DBB3B6CD1CF3FA4F8B46C1638A02CA76B7F0D.udd" 756
"../../../Engine/DerivedDataCache/8/1/7/TEXTURE_814DCC3DC72143F49509781513CB9855_G8_017E72834BC6A481B9D2E7B57B15158A_0__2D4008767E306F2A0B61CCF0E87F1A7CDC6B7849.udd" 757
"../../../Engine/DerivedDataCache/8/5/3/TEXTURE_814DCC3DC72143F49509781513CB9855_AUTOETC2_448D83D64D92F14E184FE8814236__42C34BB7DF7FF6BC7476A51608CB4274F1D492B6.udd" 758
"../../../Engine/DerivedDataCache/5/1/4/TEXTURE_814DCC3DC72143F49509781513CB9855_AUTOETC2_448D83D64D92F14E184FE8814236__B3D748A31E09F6493B1FED535EFDA4FA1463C681.udd" 759
"../../../Engine/DerivedDataCache/5/0/0/TEXTURE_814DCC3DC72143F49509781513CB9855_AUTOETC2_448D83D64D92F14E184FE8814236__DBDEB655C0E2C011CD8ACAE883F9258EBEE0776F.udd" 760
"../../../Engine/DerivedDataCache/0/1/3/TEXTURE_814DCC3DC72143F49509781513CB9855_AUTOETC2_448D83D64D92F14E184FE8814236__E403C74AB1287003B1831C9F0FFCA274BC5D58E7.udd" 761
"../../../Engine/DerivedDataCache/7/7/3/TEXTURE_814DCC3DC72143F49509781513CB9855_AUTOETC2_448D83D64D92F14E184FE8814236__38C7D9B2AB38CE2F4822DE87ED16A4883325E5C8.udd" 762
"../../../Engine/DerivedDataCache/0/4/4/TEXTURE_814DCC3DC72143F49509781513CB9855_AUTOETC2_448D83D64D92F14E184FE8814236__DD2634FFAEB4ACA9436A2E6B2368562B91E44BEF.udd" 763
"../../../Engine/Content/MobileResources/HUD/T_Castle_ThumbstickOutter.uasset" 764
"../../../Engine/DerivedDataCache/8/9/1/TEXTURE_814DCC3DC72143F49509781513CB9855_BGRA8_9F5B2DF1453DB1272733529F5E95869__4EB2A0ED4F34B3CC6C624508CD3BBE64BBA526A0.udd" 765
"../../../Engine/DerivedDataCache/2/3/7/TEXTURE_814DCC3DC72143F49509781513CB9855_BGRA8_9E839E0E4933277AAB67FB869C14F9A__6C60276B70B9624A2973ABC8BB661D66EB844E8D.udd" 766
"../../../Engine/DerivedDataCache/5/7/5/TEXTURE_814DCC3DC72143F49509781513CB9855_BGRA8_9E839E0E4933277AAB67FB869C14F9A__7BC1922C2E345D1ABB0D1BC46468CD9FFCA2B7A5.udd" 767
"../../../Engine/DerivedDataCache/7/9/7/TEXTURE_814DCC3DC72143F49509781513CB9855_BGRA8_9E839E0E4933277AAB67FB869C14F9A__E5BDE673A03B9A061D3CB540CC12BEAC0CAC6739.udd" 768
"../../../Engine/Content/MobileResources/HUD/MobileHUDDirectionPad.uasset" 769
"../../../Engine/DerivedDataCache/7/7/5/TEXTURE_814DCC3DC72143F49509781513CB9855_AUTOETC2_3F3B1DD44FE006226A690596DBDD__1ED76994F2B07CE7923B28740AC76F0145B7E27E.udd" 770
"../../../Engine/DerivedDataCache/3/1/3/TEXTURE_814DCC3DC72143F49509781513CB9855_AUTOETC2_3F3B1DD44FE006226A690596DBDD__82311000A81B22462D2D4B593A48F7155B8D8693.udd" 771
"../../../Engine/Content/MobileResources/T_MobileMenu2.uasset" 772
"../../../Engine/DerivedDataCache/1/1/0/TEXTURE_814DCC3DC72143F49509781513CB9855_AUTOETC2_9F8FBEF84A1997E30FD384955E3D__C218331E4CC037959BE6AD0974843E9862A87EE5.udd" 773
"../../../Engine/DerivedDataCache/9/4/2/TEXTURE_814DCC3DC72143F49509781513CB9855_AUTOETC2_9F8FBEF84A1997E30FD384955E3D__43221D4D81717180238B496682405E32FA5DEA5D.udd" 774
"../../../Engine/DerivedDataCache/2/0/2/TEXTURE_814DCC3DC72143F49509781513CB9855_AUTOETC2_9F8FBEF84A1997E30FD384955E3D__DE8A7179AF1BB9E2AD30636D3DE21FD7114C9842.udd" 775
"../../../Engine/DerivedDataCache/5/4/9/TEXTURE_814DCC3DC72143F49509781513CB9855_AUTOETC2_9F8FBEF84A1997E30FD384955E3D__6DDA3390FB04253CA6EF7729228744D56A9F8244.udd" 776
"../../../Engine/Content/MobileResources/HUD/MobileHUDDirectionStick.uasset" 777
"../../../Engine/DerivedDataCache/4/8/3/TEXTURE_814DCC3DC72143F49509781513CB9855_AUTOETC2_8EDAF7A54E378800FEB217863433__3801819DEB03D6C8A4235ADF7C80F956FF23407A.udd" 778
"../../../Engine/Content/MobileResources/HUD/MobileHUDButton2_on.uasset" 779
"../../../Engine/DerivedDataCache/6/0/8/TEXTURE_814DCC3DC72143F49509781513CB9855_AUTOETC2_80A9E59646847B4846ED6DAF42DF__B872B47EA4FBED12B0F1156DA3F8B31B6CA00857.udd" 780
"../../../Engine/DerivedDataCache/1/0/9/TEXTURE_814DCC3DC72143F49509781513CB9855_AUTOETC2_80A9E59646847B4846ED6DAF42DF__F3ADA2A24842C0954B70F70F9010EB927131458D.udd" 781
"../../../Engine/Content/MobileResources/HUD/MobileHUDDirectionPad3.uasset" 782
"../../../Engine/DerivedDataCache/4/6/6/TEXTURE_814DCC3DC72143F49509781513CB9855_AUTOETC2_C9D41DBE4C754F8B430E7DBADCD4__789F28BD66F2BBEBEFB1CAA725B48B4D52CB8010.udd" 783
"../../../Engine/DerivedDataCache/3/9/4/TEXTURE_814DCC3DC72143F49509781513CB9855_AUTOETC2_C9D41DBE4C754F8B430E7DBADCD4__0C9A0D9FDB1A86C75917E0946359722D8F3F445D.udd" 784
"../../../Engine/DerivedDataCache/4/8/7/TEXTURE_814DCC3DC72143F49509781513CB9855_AUTOETC2_C9D41DBE4C754F8B430E7DBADCD4__25FFA614267B9834A7F1E84973551120FC19323C.udd" 785
"../../../Engine/Content/MobileResources/HUD/MobileHUDButton1_off.uasset" 786
"../../../Engine/DerivedDataCache/9/9/1/TEXTURE_814DCC3DC72143F49509781513CB9855_AUTOETC2_5FF2868842E6DED8A4C0CB821719__2BCBD2365224170E11841F5839C023AB6184E1C6.udd" 787
"../../../Engine/DerivedDataCache/5/4/8/TEXTURE_814DCC3DC72143F49509781513CB9855_BGRA8_BD2910D742B4B4778E3374B97767851__F910B2E0445BFA5900D0CD3EC9C80B5608789FD4.udd" 788
"../../../Engine/Content/MobileResources/HUD/MobileHUDButton3.uasset" 789
"../../../Engine/DerivedDataCache/6/2/5/TEXTURE_814DCC3DC72143F49509781513CB9855_AUTOETC2_C49FDA8C4EFE04B87EBA5CB5A57D__83C9A2A71E899754BE34E05A0F3534FA42E4B63F.udd" 790
"../../../Engine/Content/MobileResources/LoadingScreen.uasset" 791
